Thu 08 Aug 2024 11:57:33 INFO  
General Hyper Parameters:
gpu_id = 6
use_gpu = True
seed = 2020
state = INFO
reproducibility = True
data_path = dataset/ml-1m
show_progress = True
save_dataset = False
save_dataloaders = False
benchmark_filename = None

Training Hyper Parameters:
checkpoint_dir = saved
epochs = 300
train_batch_size = 4096
learner = adam
learning_rate = 0.001
eval_step = 1
stopping_step = 10
clip_grad_norm = None
weight_decay = 0.0
loss_decimal_place = 4

Evaluation Hyper Parameters:
eval_args = {'split': {'RS': [0.8, 0.1, 0.1]}, 'group_by': 'user', 'order': 'RO', 'mode': 'full'}
metrics = ['Recall', 'NDCG']
topk = [10, 20, 50]
valid_metric = NDCG@10
valid_metric_bigger = True
eval_batch_size = 4096000
metric_decimal_place = 4

Dataset Hyper Parameters:
field_separator = 	
seq_separator =  
USER_ID_FIELD = user_id
ITEM_ID_FIELD = item_id
RATING_FIELD = rating
TIME_FIELD = timestamp
seq_len = None
LABEL_FIELD = label
threshold = None
NEG_PREFIX = neg_
load_col = {'inter': ['user_id', 'item_id', 'rating'], 'item': ['item_id', 'movie_title']}
unload_col = None
unused_col = None
additional_feat_suffix = None
rm_dup_inter = None
val_interval = {'rating': '[3,inf)'}
filter_inter_by_user_or_item = True
user_inter_num_interval = [0,inf)
item_inter_num_interval = [0,inf)
alias_of_user_id = None
alias_of_item_id = None
alias_of_entity_id = None
alias_of_relation_id = None
preload_weight = None
normalize_field = None
normalize_all = None
ITEM_LIST_LENGTH_FIELD = item_length
LIST_SUFFIX = _list
MAX_ITEM_LIST_LENGTH = 50
POSITION_FIELD = position_id
HEAD_ENTITY_ID_FIELD = head_id
TAIL_ENTITY_ID_FIELD = tail_id
RELATION_ID_FIELD = relation_id
ENTITY_ID_FIELD = entity_id

Other Hyper Parameters: 
neg_sampling = {'uniform': 1}
repeatable = False
MODEL_TYPE = ModelType.GENERAL
eval_setting = {'split': {'RS': [0.8, 0.1, 0.1]}, 'order': 'RO', 'group_by': 'user', 'mode': 'full'}
embedding_size = 64
n_layers = 3
reg_weight = 0.0001
ssl_temp = 0.1
ssl_reg = 1e-07
hyper_layers = 1
alpha = 1
proto_reg = 8e-08
num_clusters = 1000
m_step = 1
warm_up_step = 20
MODEL_INPUT_TYPE = InputType.PAIRWISE
eval_type = EvaluatorType.RANKING
device = cuda
train_neg_sample_args = {'strategy': 'by', 'by': 1, 'distribution': 'uniform'}
eval_neg_sample_args = {'strategy': 'full', 'distribution': 'uniform'}
svd = True
mi = 3


Thu 08 Aug 2024 11:57:33 INFO  ml-1m
The number of users: 6040
Average actions of users: 138.51266766020865
The number of items: 3884
Average actions of items: 230.56174200661522
The number of inters: 836478
The sparsity of the dataset: 96.43435285532085%
Remain Fields: ['user_id', 'item_id', 'rating', 'movie_title']
Thu 08 Aug 2024 11:57:35 INFO  [Training]: train_batch_size = [4096] negative sampling: [{'uniform': 1}]
Thu 08 Aug 2024 11:57:35 INFO  [Evaluation]: eval_batch_size = [4096000] eval_args: [{'split': {'RS': [0.8, 0.1, 0.1]}, 'group_by': 'user', 'order': 'RO', 'mode': 'full'}]
Thu 08 Aug 2024 11:58:09 INFO  SVD_MI(
  (mf_loss): BPRLoss()
  (reg_loss): EmbLoss()
  (user_embedding): Embedding(6040, 64)
  (item_embedding): Embedding(3884, 64)
  (content_linear): ModuleList(
    (0): Linear(in_features=768, out_features=64, bias=True)
    (1): Linear(in_features=768, out_features=64, bias=True)
    (2): Linear(in_features=768, out_features=64, bias=True)
  )
)
Trainable parameters: 782784
Thu 08 Aug 2024 11:58:09 INFO  Running E-step ! 
Thu 08 Aug 2024 11:58:29 INFO  epoch 0 training [time: 18.56s, train_loss1: 114.2647, train_loss2: 0.2571]
Thu 08 Aug 2024 11:58:29 INFO  epoch 0 evaluating [time: 0.17s, valid_score: 0.087800]
Thu 08 Aug 2024 11:58:29 INFO  valid result: 
recall@10 : 0.0724    recall@20 : 0.128    recall@50 : 0.236    ndcg@10 : 0.0878    ndcg@20 : 0.1013    ndcg@50 : 0.1355    
Thu 08 Aug 2024 11:58:29 INFO  Saving current best: saved/SVD_MI-Aug-08-2024_11-58-09.pth
Thu 08 Aug 2024 11:58:29 INFO  Running E-step ! 
Thu 08 Aug 2024 11:58:49 INFO  epoch 1 training [time: 18.98s, train_loss1: 113.9515, train_loss2: 0.2082]
Thu 08 Aug 2024 11:58:50 INFO  epoch 1 evaluating [time: 0.17s, valid_score: 0.137100]
Thu 08 Aug 2024 11:58:50 INFO  valid result: 
recall@10 : 0.1088    recall@20 : 0.1773    recall@50 : 0.303    ndcg@10 : 0.1371    ndcg@20 : 0.1508    ndcg@50 : 0.1901    
Thu 08 Aug 2024 11:58:50 INFO  Saving current best: saved/SVD_MI-Aug-08-2024_11-58-09.pth
Thu 08 Aug 2024 11:58:50 INFO  Running E-step ! 
Thu 08 Aug 2024 11:59:08 INFO  epoch 2 training [time: 17.36s, train_loss1: 90.7288, train_loss2: 0.8118]
Thu 08 Aug 2024 11:59:08 INFO  epoch 2 evaluating [time: 0.16s, valid_score: 0.104900]
Thu 08 Aug 2024 11:59:08 INFO  valid result: 
recall@10 : 0.078    recall@20 : 0.1295    recall@50 : 0.2242    ndcg@10 : 0.1049    ndcg@20 : 0.1147    ndcg@50 : 0.1428    
Thu 08 Aug 2024 11:59:08 INFO  Running E-step ! 
Thu 08 Aug 2024 11:59:26 INFO  epoch 3 training [time: 17.16s, train_loss1: 53.9980, train_loss2: 1.0853]
Thu 08 Aug 2024 11:59:26 INFO  epoch 3 evaluating [time: 0.15s, valid_score: 0.104900]
Thu 08 Aug 2024 11:59:26 INFO  valid result: 
recall@10 : 0.0782    recall@20 : 0.1298    recall@50 : 0.2259    ndcg@10 : 0.1049    ndcg@20 : 0.1148    ndcg@50 : 0.1435    
Thu 08 Aug 2024 11:59:26 INFO  Running E-step ! 
Thu 08 Aug 2024 11:59:43 INFO  epoch 4 training [time: 16.23s, train_loss1: 51.9840, train_loss2: 1.0893]
Thu 08 Aug 2024 11:59:43 INFO  epoch 4 evaluating [time: 0.24s, valid_score: 0.106800]
Thu 08 Aug 2024 11:59:43 INFO  valid result: 
recall@10 : 0.0797    recall@20 : 0.1318    recall@50 : 0.2309    ndcg@10 : 0.1068    ndcg@20 : 0.1168    ndcg@50 : 0.1465    
Thu 08 Aug 2024 11:59:43 INFO  Running E-step ! 
Thu 08 Aug 2024 12:00:05 INFO  epoch 5 training [time: 20.99s, train_loss1: 50.3525, train_loss2: 1.0902]
Thu 08 Aug 2024 12:00:05 INFO  epoch 5 evaluating [time: 0.18s, valid_score: 0.109600]
Thu 08 Aug 2024 12:00:05 INFO  valid result: 
recall@10 : 0.0825    recall@20 : 0.1354    recall@50 : 0.241    ndcg@10 : 0.1096    ndcg@20 : 0.1199    ndcg@50 : 0.1514    
Thu 08 Aug 2024 12:00:05 INFO  Running E-step ! 
Thu 08 Aug 2024 12:00:22 INFO  epoch 6 training [time: 16.35s, train_loss1: 48.5391, train_loss2: 1.0886]
Thu 08 Aug 2024 12:00:22 INFO  epoch 6 evaluating [time: 0.14s, valid_score: 0.114300]
Thu 08 Aug 2024 12:00:22 INFO  valid result: 
recall@10 : 0.0862    recall@20 : 0.1401    recall@50 : 0.2528    ndcg@10 : 0.1143    ndcg@20 : 0.1247    ndcg@50 : 0.1585    
Thu 08 Aug 2024 12:00:22 INFO  Running E-step ! 
Thu 08 Aug 2024 12:00:51 INFO  epoch 7 training [time: 27.78s, train_loss1: 46.4787, train_loss2: 1.0858]
Thu 08 Aug 2024 12:00:51 INFO  epoch 7 evaluating [time: 0.15s, valid_score: 0.120100]
Thu 08 Aug 2024 12:00:51 INFO  valid result: 
recall@10 : 0.0905    recall@20 : 0.1447    recall@50 : 0.2605    ndcg@10 : 0.1201    ndcg@20 : 0.13    ndcg@50 : 0.1651    
Thu 08 Aug 2024 12:00:51 INFO  Running E-step ! 
Thu 08 Aug 2024 12:01:08 INFO  epoch 8 training [time: 16.04s, train_loss1: 44.5657, train_loss2: 1.0823]
Thu 08 Aug 2024 12:01:08 INFO  epoch 8 evaluating [time: 0.14s, valid_score: 0.125800]
Thu 08 Aug 2024 12:01:08 INFO  valid result: 
recall@10 : 0.0949    recall@20 : 0.1514    recall@50 : 0.2729    ndcg@10 : 0.1258    ndcg@20 : 0.1361    ndcg@50 : 0.1731    
Thu 08 Aug 2024 12:01:08 INFO  Running E-step ! 
Thu 08 Aug 2024 12:01:25 INFO  epoch 9 training [time: 15.86s, train_loss1: 42.9003, train_loss2: 1.0789]
Thu 08 Aug 2024 12:01:25 INFO  epoch 9 evaluating [time: 0.15s, valid_score: 0.130900]
Thu 08 Aug 2024 12:01:25 INFO  valid result: 
recall@10 : 0.0983    recall@20 : 0.1569    recall@50 : 0.2815    ndcg@10 : 0.1309    ndcg@20 : 0.1419    ndcg@50 : 0.18    
Thu 08 Aug 2024 12:01:25 INFO  Running E-step ! 
Thu 08 Aug 2024 12:01:53 INFO  epoch 10 training [time: 26.47s, train_loss1: 41.5192, train_loss2: 1.0758]
Thu 08 Aug 2024 12:01:53 INFO  epoch 10 evaluating [time: 0.16s, valid_score: 0.136200]
Thu 08 Aug 2024 12:01:53 INFO  valid result: 
recall@10 : 0.1028    recall@20 : 0.1633    recall@50 : 0.291    ndcg@10 : 0.1362    ndcg@20 : 0.1475    ndcg@50 : 0.1866    
Thu 08 Aug 2024 12:01:53 INFO  Running E-step ! 
Thu 08 Aug 2024 12:02:09 INFO  epoch 11 training [time: 15.71s, train_loss1: 40.2700, train_loss2: 1.0733]
Thu 08 Aug 2024 12:02:10 INFO  epoch 11 evaluating [time: 0.16s, valid_score: 0.140600]
Thu 08 Aug 2024 12:02:10 INFO  valid result: 
recall@10 : 0.1062    recall@20 : 0.168    recall@50 : 0.2999    ndcg@10 : 0.1406    ndcg@20 : 0.1523    ndcg@50 : 0.1927    
Thu 08 Aug 2024 12:02:10 INFO  Saving current best: saved/SVD_MI-Aug-08-2024_11-58-09.pth
Thu 08 Aug 2024 12:02:10 INFO  Running E-step ! 
Thu 08 Aug 2024 12:02:29 INFO  epoch 12 training [time: 18.21s, train_loss1: 39.3191, train_loss2: 1.0710]
Thu 08 Aug 2024 12:02:29 INFO  epoch 12 evaluating [time: 0.18s, valid_score: 0.144700]
Thu 08 Aug 2024 12:02:29 INFO  valid result: 
recall@10 : 0.1095    recall@20 : 0.1745    recall@50 : 0.3079    ndcg@10 : 0.1447    ndcg@20 : 0.1574    ndcg@50 : 0.1981    
Thu 08 Aug 2024 12:02:29 INFO  Saving current best: saved/SVD_MI-Aug-08-2024_11-58-09.pth
Thu 08 Aug 2024 12:02:29 INFO  Running E-step ! 
Thu 08 Aug 2024 12:03:00 INFO  epoch 13 training [time: 30.28s, train_loss1: 38.2740, train_loss2: 1.0685]
Thu 08 Aug 2024 12:03:01 INFO  epoch 13 evaluating [time: 0.19s, valid_score: 0.148100]
Thu 08 Aug 2024 12:03:01 INFO  valid result: 
recall@10 : 0.1116    recall@20 : 0.1771    recall@50 : 0.3143    ndcg@10 : 0.1481    ndcg@20 : 0.1608    ndcg@50 : 0.2027    
Thu 08 Aug 2024 12:03:01 INFO  Saving current best: saved/SVD_MI-Aug-08-2024_11-58-09.pth
Thu 08 Aug 2024 12:03:01 INFO  Running E-step ! 
Thu 08 Aug 2024 12:03:21 INFO  epoch 14 training [time: 19.63s, train_loss1: 37.5745, train_loss2: 1.0660]
Thu 08 Aug 2024 12:03:21 INFO  epoch 14 evaluating [time: 0.17s, valid_score: 0.151500]
Thu 08 Aug 2024 12:03:21 INFO  valid result: 
recall@10 : 0.1153    recall@20 : 0.181    recall@50 : 0.3201    ndcg@10 : 0.1515    ndcg@20 : 0.164    ndcg@50 : 0.2066    
Thu 08 Aug 2024 12:03:21 INFO  Saving current best: saved/SVD_MI-Aug-08-2024_11-58-09.pth
Thu 08 Aug 2024 12:03:21 INFO  Running E-step ! 
Thu 08 Aug 2024 12:03:56 INFO  epoch 15 training [time: 34.48s, train_loss1: 36.7665, train_loss2: 1.0632]
Thu 08 Aug 2024 12:03:57 INFO  epoch 15 evaluating [time: 0.18s, valid_score: 0.154800]
Thu 08 Aug 2024 12:03:57 INFO  valid result: 
recall@10 : 0.1179    recall@20 : 0.1861    recall@50 : 0.325    ndcg@10 : 0.1548    ndcg@20 : 0.1681    ndcg@50 : 0.2107    
Thu 08 Aug 2024 12:03:57 INFO  Saving current best: saved/SVD_MI-Aug-08-2024_11-58-09.pth
Thu 08 Aug 2024 12:03:57 INFO  Running E-step ! 
Thu 08 Aug 2024 12:04:17 INFO  epoch 16 training [time: 19.72s, train_loss1: 36.0211, train_loss2: 1.0604]
Thu 08 Aug 2024 12:04:17 INFO  epoch 16 evaluating [time: 0.18s, valid_score: 0.157300]
Thu 08 Aug 2024 12:04:17 INFO  valid result: 
recall@10 : 0.1202    recall@20 : 0.1895    recall@50 : 0.3292    ndcg@10 : 0.1573    ndcg@20 : 0.1712    ndcg@50 : 0.214    
Thu 08 Aug 2024 12:04:17 INFO  Saving current best: saved/SVD_MI-Aug-08-2024_11-58-09.pth
Thu 08 Aug 2024 12:04:17 INFO  Running E-step ! 
Thu 08 Aug 2024 12:04:53 INFO  epoch 17 training [time: 34.84s, train_loss1: 35.4647, train_loss2: 1.0572]
Thu 08 Aug 2024 12:04:53 INFO  epoch 17 evaluating [time: 0.18s, valid_score: 0.160600]
Thu 08 Aug 2024 12:04:53 INFO  valid result: 
recall@10 : 0.1232    recall@20 : 0.193    recall@50 : 0.3342    ndcg@10 : 0.1606    ndcg@20 : 0.1744    ndcg@50 : 0.2177    
Thu 08 Aug 2024 12:04:53 INFO  Saving current best: saved/SVD_MI-Aug-08-2024_11-58-09.pth
Thu 08 Aug 2024 12:04:53 INFO  Running E-step ! 
Thu 08 Aug 2024 12:05:14 INFO  epoch 18 training [time: 19.77s, train_loss1: 35.0269, train_loss2: 1.0539]
Thu 08 Aug 2024 12:05:14 INFO  epoch 18 evaluating [time: 0.18s, valid_score: 0.163300]
Thu 08 Aug 2024 12:05:14 INFO  valid result: 
recall@10 : 0.1268    recall@20 : 0.1966    recall@50 : 0.3391    ndcg@10 : 0.1633    ndcg@20 : 0.1769    ndcg@50 : 0.2207    
Thu 08 Aug 2024 12:05:14 INFO  Saving current best: saved/SVD_MI-Aug-08-2024_11-58-09.pth
Thu 08 Aug 2024 12:05:14 INFO  Running E-step ! 
Thu 08 Aug 2024 12:05:34 INFO  epoch 19 training [time: 19.61s, train_loss1: 34.2756, train_loss2: 1.0506]
Thu 08 Aug 2024 12:05:35 INFO  epoch 19 evaluating [time: 0.17s, valid_score: 0.165900]
Thu 08 Aug 2024 12:05:35 INFO  valid result: 
recall@10 : 0.129    recall@20 : 0.1998    recall@50 : 0.344    ndcg@10 : 0.1659    ndcg@20 : 0.1796    ndcg@50 : 0.2239    
Thu 08 Aug 2024 12:05:35 INFO  Saving current best: saved/SVD_MI-Aug-08-2024_11-58-09.pth
Thu 08 Aug 2024 12:05:35 INFO  Running E-step ! 
Thu 08 Aug 2024 12:06:11 INFO  epoch 20 training [time: 35.30s, train_loss1: 33.8551, train_loss2: 1.0470, train_loss3: 0.2729]
Thu 08 Aug 2024 12:06:11 INFO  epoch 20 evaluating [time: 0.18s, valid_score: 0.169000]
Thu 08 Aug 2024 12:06:11 INFO  valid result: 
recall@10 : 0.1322    recall@20 : 0.2036    recall@50 : 0.3483    ndcg@10 : 0.169    ndcg@20 : 0.1827    ndcg@50 : 0.2271    
Thu 08 Aug 2024 12:06:11 INFO  Saving current best: saved/SVD_MI-Aug-08-2024_11-58-09.pth
Thu 08 Aug 2024 12:06:11 INFO  Running E-step ! 
Thu 08 Aug 2024 12:06:32 INFO  epoch 21 training [time: 20.04s, train_loss1: 33.4905, train_loss2: 1.0433, train_loss3: 0.2683]
Thu 08 Aug 2024 12:06:32 INFO  epoch 21 evaluating [time: 0.17s, valid_score: 0.172500]
Thu 08 Aug 2024 12:06:32 INFO  valid result: 
recall@10 : 0.1348    recall@20 : 0.2075    recall@50 : 0.353    ndcg@10 : 0.1725    ndcg@20 : 0.1861    ndcg@50 : 0.2308    
Thu 08 Aug 2024 12:06:32 INFO  Saving current best: saved/SVD_MI-Aug-08-2024_11-58-09.pth
Thu 08 Aug 2024 12:06:32 INFO  Running E-step ! 
Thu 08 Aug 2024 12:07:05 INFO  epoch 22 training [time: 32.22s, train_loss1: 33.0003, train_loss2: 1.0396, train_loss3: 0.2632]
Thu 08 Aug 2024 12:07:05 INFO  epoch 22 evaluating [time: 0.28s, valid_score: 0.174900]
Thu 08 Aug 2024 12:07:05 INFO  valid result: 
recall@10 : 0.1369    recall@20 : 0.2116    recall@50 : 0.3575    ndcg@10 : 0.1749    ndcg@20 : 0.1891    ndcg@50 : 0.2339    
Thu 08 Aug 2024 12:07:05 INFO  Saving current best: saved/SVD_MI-Aug-08-2024_11-58-09.pth
Thu 08 Aug 2024 12:07:05 INFO  Running E-step ! 
Thu 08 Aug 2024 12:07:26 INFO  epoch 23 training [time: 19.99s, train_loss1: 32.6298, train_loss2: 1.0361, train_loss3: 0.2582]
Thu 08 Aug 2024 12:07:26 INFO  epoch 23 evaluating [time: 0.17s, valid_score: 0.177300]
Thu 08 Aug 2024 12:07:26 INFO  valid result: 
recall@10 : 0.1391    recall@20 : 0.214    recall@50 : 0.3623    ndcg@10 : 0.1773    ndcg@20 : 0.1918    ndcg@50 : 0.2372    
Thu 08 Aug 2024 12:07:26 INFO  Saving current best: saved/SVD_MI-Aug-08-2024_11-58-09.pth
Thu 08 Aug 2024 12:07:26 INFO  Running E-step ! 
Thu 08 Aug 2024 12:08:01 INFO  epoch 24 training [time: 33.36s, train_loss1: 32.2825, train_loss2: 1.0324, train_loss3: 0.2543]
Thu 08 Aug 2024 12:08:01 INFO  epoch 24 evaluating [time: 0.18s, valid_score: 0.179200]
Thu 08 Aug 2024 12:08:01 INFO  valid result: 
recall@10 : 0.1409    recall@20 : 0.2176    recall@50 : 0.3656    ndcg@10 : 0.1792    ndcg@20 : 0.1943    ndcg@50 : 0.2397    
Thu 08 Aug 2024 12:08:01 INFO  Saving current best: saved/SVD_MI-Aug-08-2024_11-58-09.pth
Thu 08 Aug 2024 12:08:01 INFO  Running E-step ! 
Thu 08 Aug 2024 12:08:22 INFO  epoch 25 training [time: 20.08s, train_loss1: 31.7824, train_loss2: 1.0285, train_loss3: 0.2510]
Thu 08 Aug 2024 12:08:22 INFO  epoch 25 evaluating [time: 0.18s, valid_score: 0.181200]
Thu 08 Aug 2024 12:08:22 INFO  valid result: 
recall@10 : 0.1422    recall@20 : 0.2201    recall@50 : 0.3688    ndcg@10 : 0.1812    ndcg@20 : 0.1965    ndcg@50 : 0.2422    
Thu 08 Aug 2024 12:08:22 INFO  Saving current best: saved/SVD_MI-Aug-08-2024_11-58-09.pth
Thu 08 Aug 2024 12:08:22 INFO  Running E-step ! 
Thu 08 Aug 2024 12:08:57 INFO  epoch 26 training [time: 33.71s, train_loss1: 31.3540, train_loss2: 1.0243, train_loss3: 0.2469]
Thu 08 Aug 2024 12:08:57 INFO  epoch 26 evaluating [time: 0.18s, valid_score: 0.183300]
Thu 08 Aug 2024 12:08:57 INFO  valid result: 
recall@10 : 0.1443    recall@20 : 0.222    recall@50 : 0.3719    ndcg@10 : 0.1833    ndcg@20 : 0.1984    ndcg@50 : 0.2445    
Thu 08 Aug 2024 12:08:57 INFO  Saving current best: saved/SVD_MI-Aug-08-2024_11-58-09.pth
Thu 08 Aug 2024 12:08:57 INFO  Running E-step ! 
Thu 08 Aug 2024 12:09:18 INFO  epoch 27 training [time: 20.18s, train_loss1: 31.1401, train_loss2: 1.0201, train_loss3: 0.2434]
Thu 08 Aug 2024 12:09:18 INFO  epoch 27 evaluating [time: 0.17s, valid_score: 0.185000]
Thu 08 Aug 2024 12:09:18 INFO  valid result: 
recall@10 : 0.1459    recall@20 : 0.2248    recall@50 : 0.3741    ndcg@10 : 0.185    ndcg@20 : 0.2004    ndcg@50 : 0.2465    
Thu 08 Aug 2024 12:09:18 INFO  Saving current best: saved/SVD_MI-Aug-08-2024_11-58-09.pth
Thu 08 Aug 2024 12:09:18 INFO  Running E-step ! 
Thu 08 Aug 2024 12:09:53 INFO  epoch 28 training [time: 33.93s, train_loss1: 30.7126, train_loss2: 1.0160, train_loss3: 0.2411]
Thu 08 Aug 2024 12:09:53 INFO  epoch 28 evaluating [time: 0.17s, valid_score: 0.186300]
Thu 08 Aug 2024 12:09:53 INFO  valid result: 
recall@10 : 0.1473    recall@20 : 0.2283    recall@50 : 0.3774    ndcg@10 : 0.1863    ndcg@20 : 0.2025    ndcg@50 : 0.2486    
Thu 08 Aug 2024 12:09:53 INFO  Saving current best: saved/SVD_MI-Aug-08-2024_11-58-09.pth
Thu 08 Aug 2024 12:09:53 INFO  Running E-step ! 
Thu 08 Aug 2024 12:10:14 INFO  epoch 29 training [time: 20.15s, train_loss1: 30.5336, train_loss2: 1.0121, train_loss3: 0.2387]
Thu 08 Aug 2024 12:10:15 INFO  epoch 29 evaluating [time: 0.18s, valid_score: 0.188800]
Thu 08 Aug 2024 12:10:15 INFO  valid result: 
recall@10 : 0.1503    recall@20 : 0.2307    recall@50 : 0.3797    ndcg@10 : 0.1888    ndcg@20 : 0.2047    ndcg@50 : 0.2507    
Thu 08 Aug 2024 12:10:15 INFO  Saving current best: saved/SVD_MI-Aug-08-2024_11-58-09.pth
Thu 08 Aug 2024 12:10:15 INFO  Running E-step ! 
Thu 08 Aug 2024 12:10:35 INFO  epoch 30 training [time: 19.61s, train_loss1: 30.1532, train_loss2: 1.0080, train_loss3: 0.2354]
Thu 08 Aug 2024 12:10:35 INFO  epoch 30 evaluating [time: 0.16s, valid_score: 0.190700]
Thu 08 Aug 2024 12:10:35 INFO  valid result: 
recall@10 : 0.1518    recall@20 : 0.2327    recall@50 : 0.3812    ndcg@10 : 0.1907    ndcg@20 : 0.2065    ndcg@50 : 0.2525    
Thu 08 Aug 2024 12:10:35 INFO  Saving current best: saved/SVD_MI-Aug-08-2024_11-58-09.pth
Thu 08 Aug 2024 12:10:35 INFO  Running E-step ! 
Thu 08 Aug 2024 12:11:08 INFO  epoch 31 training [time: 32.10s, train_loss1: 29.7263, train_loss2: 1.0039, train_loss3: 0.2331]
Thu 08 Aug 2024 12:11:08 INFO  epoch 31 evaluating [time: 0.18s, valid_score: 0.191800]
Thu 08 Aug 2024 12:11:08 INFO  valid result: 
recall@10 : 0.1528    recall@20 : 0.2348    recall@50 : 0.3842    ndcg@10 : 0.1918    ndcg@20 : 0.2081    ndcg@50 : 0.2542    
Thu 08 Aug 2024 12:11:08 INFO  Saving current best: saved/SVD_MI-Aug-08-2024_11-58-09.pth
Thu 08 Aug 2024 12:11:08 INFO  Running E-step ! 
Thu 08 Aug 2024 12:11:29 INFO  epoch 32 training [time: 20.08s, train_loss1: 29.4397, train_loss2: 0.9999, train_loss3: 0.2311]
Thu 08 Aug 2024 12:11:29 INFO  epoch 32 evaluating [time: 0.17s, valid_score: 0.193100]
Thu 08 Aug 2024 12:11:29 INFO  valid result: 
recall@10 : 0.154    recall@20 : 0.236    recall@50 : 0.3871    ndcg@10 : 0.1931    ndcg@20 : 0.2092    ndcg@50 : 0.2558    
Thu 08 Aug 2024 12:11:29 INFO  Saving current best: saved/SVD_MI-Aug-08-2024_11-58-09.pth
Thu 08 Aug 2024 12:11:29 INFO  Running E-step ! 
Thu 08 Aug 2024 12:12:02 INFO  epoch 33 training [time: 32.66s, train_loss1: 29.2800, train_loss2: 0.9958, train_loss3: 0.2283]
Thu 08 Aug 2024 12:12:03 INFO  epoch 33 evaluating [time: 0.18s, valid_score: 0.194400]
Thu 08 Aug 2024 12:12:03 INFO  valid result: 
recall@10 : 0.1561    recall@20 : 0.2377    recall@50 : 0.3892    ndcg@10 : 0.1944    ndcg@20 : 0.2106    ndcg@50 : 0.2573    
Thu 08 Aug 2024 12:12:03 INFO  Saving current best: saved/SVD_MI-Aug-08-2024_11-58-09.pth
Thu 08 Aug 2024 12:12:03 INFO  Running E-step ! 
Thu 08 Aug 2024 12:12:23 INFO  epoch 34 training [time: 19.64s, train_loss1: 28.9457, train_loss2: 0.9919, train_loss3: 0.2257]
Thu 08 Aug 2024 12:12:23 INFO  epoch 34 evaluating [time: 0.18s, valid_score: 0.195300]
Thu 08 Aug 2024 12:12:23 INFO  valid result: 
recall@10 : 0.1571    recall@20 : 0.2399    recall@50 : 0.3918    ndcg@10 : 0.1953    ndcg@20 : 0.2118    ndcg@50 : 0.2587    
Thu 08 Aug 2024 12:12:23 INFO  Saving current best: saved/SVD_MI-Aug-08-2024_11-58-09.pth
Thu 08 Aug 2024 12:12:23 INFO  Running E-step ! 
Thu 08 Aug 2024 12:12:58 INFO  epoch 35 training [time: 34.38s, train_loss1: 28.7794, train_loss2: 0.9879, train_loss3: 0.2236]
Thu 08 Aug 2024 12:12:58 INFO  epoch 35 evaluating [time: 0.18s, valid_score: 0.196300]
Thu 08 Aug 2024 12:12:58 INFO  valid result: 
recall@10 : 0.158    recall@20 : 0.2419    recall@50 : 0.3936    ndcg@10 : 0.1963    ndcg@20 : 0.213    ndcg@50 : 0.2597    
Thu 08 Aug 2024 12:12:58 INFO  Saving current best: saved/SVD_MI-Aug-08-2024_11-58-09.pth
Thu 08 Aug 2024 12:12:58 INFO  Running E-step ! 
Thu 08 Aug 2024 12:13:18 INFO  epoch 36 training [time: 18.72s, train_loss1: 28.5277, train_loss2: 0.9840, train_loss3: 0.2221]
Thu 08 Aug 2024 12:13:18 INFO  epoch 36 evaluating [time: 0.19s, valid_score: 0.197400]
Thu 08 Aug 2024 12:13:18 INFO  valid result: 
recall@10 : 0.1589    recall@20 : 0.2431    recall@50 : 0.3952    ndcg@10 : 0.1974    ndcg@20 : 0.2145    ndcg@50 : 0.2613    
Thu 08 Aug 2024 12:13:18 INFO  Saving current best: saved/SVD_MI-Aug-08-2024_11-58-09.pth
Thu 08 Aug 2024 12:13:18 INFO  Running E-step ! 
Thu 08 Aug 2024 12:13:35 INFO  epoch 37 training [time: 16.66s, train_loss1: 28.3731, train_loss2: 0.9804, train_loss3: 0.2200]
Thu 08 Aug 2024 12:13:36 INFO  epoch 37 evaluating [time: 0.15s, valid_score: 0.198400]
Thu 08 Aug 2024 12:13:36 INFO  valid result: 
recall@10 : 0.1596    recall@20 : 0.2438    recall@50 : 0.397    ndcg@10 : 0.1984    ndcg@20 : 0.2154    ndcg@50 : 0.2624    
Thu 08 Aug 2024 12:13:36 INFO  Saving current best: saved/SVD_MI-Aug-08-2024_11-58-09.pth
Thu 08 Aug 2024 12:13:36 INFO  Running E-step ! 
Thu 08 Aug 2024 12:14:08 INFO  epoch 38 training [time: 31.45s, train_loss1: 28.2065, train_loss2: 0.9768, train_loss3: 0.2185]
Thu 08 Aug 2024 12:14:08 INFO  epoch 38 evaluating [time: 0.17s, valid_score: 0.200000]
Thu 08 Aug 2024 12:14:08 INFO  valid result: 
recall@10 : 0.1607    recall@20 : 0.2454    recall@50 : 0.3981    ndcg@10 : 0.2    ndcg@20 : 0.2168    ndcg@50 : 0.2638    
Thu 08 Aug 2024 12:14:08 INFO  Saving current best: saved/SVD_MI-Aug-08-2024_11-58-09.pth
Thu 08 Aug 2024 12:14:08 INFO  Running E-step ! 
Thu 08 Aug 2024 12:14:25 INFO  epoch 39 training [time: 16.68s, train_loss1: 28.0521, train_loss2: 0.9734, train_loss3: 0.2166]
Thu 08 Aug 2024 12:14:26 INFO  epoch 39 evaluating [time: 0.14s, valid_score: 0.200700]
Thu 08 Aug 2024 12:14:26 INFO  valid result: 
recall@10 : 0.1616    recall@20 : 0.2471    recall@50 : 0.3999    ndcg@10 : 0.2007    ndcg@20 : 0.2179    ndcg@50 : 0.2648    
Thu 08 Aug 2024 12:14:26 INFO  Saving current best: saved/SVD_MI-Aug-08-2024_11-58-09.pth
Thu 08 Aug 2024 12:14:26 INFO  Running E-step ! 
Thu 08 Aug 2024 12:14:54 INFO  epoch 40 training [time: 27.48s, train_loss1: 27.7534, train_loss2: 0.9701, train_loss3: 0.2152]
Thu 08 Aug 2024 12:14:54 INFO  epoch 40 evaluating [time: 0.23s, valid_score: 0.201300]
Thu 08 Aug 2024 12:14:54 INFO  valid result: 
recall@10 : 0.1621    recall@20 : 0.2484    recall@50 : 0.4012    ndcg@10 : 0.2013    ndcg@20 : 0.2186    ndcg@50 : 0.2657    
Thu 08 Aug 2024 12:14:54 INFO  Saving current best: saved/SVD_MI-Aug-08-2024_11-58-09.pth
Thu 08 Aug 2024 12:14:54 INFO  Running E-step ! 
Thu 08 Aug 2024 12:15:05 INFO  epoch 41 training [time: 9.63s, train_loss1: 27.6674, train_loss2: 0.9668, train_loss3: 0.2136]
Thu 08 Aug 2024 12:15:05 INFO  epoch 41 evaluating [time: 0.13s, valid_score: 0.202100]
Thu 08 Aug 2024 12:15:05 INFO  valid result: 
recall@10 : 0.1633    recall@20 : 0.2487    recall@50 : 0.4024    ndcg@10 : 0.2021    ndcg@20 : 0.219    ndcg@50 : 0.2664    
Thu 08 Aug 2024 12:15:05 INFO  Saving current best: saved/SVD_MI-Aug-08-2024_11-58-09.pth
Thu 08 Aug 2024 12:15:05 INFO  Running E-step ! 
Thu 08 Aug 2024 12:15:16 INFO  epoch 42 training [time: 9.55s, train_loss1: 27.4090, train_loss2: 0.9635, train_loss3: 0.2122]
Thu 08 Aug 2024 12:15:16 INFO  epoch 42 evaluating [time: 0.13s, valid_score: 0.203100]
Thu 08 Aug 2024 12:15:16 INFO  valid result: 
recall@10 : 0.1642    recall@20 : 0.2494    recall@50 : 0.4038    ndcg@10 : 0.2031    ndcg@20 : 0.2197    ndcg@50 : 0.2672    
Thu 08 Aug 2024 12:15:16 INFO  Saving current best: saved/SVD_MI-Aug-08-2024_11-58-09.pth
Thu 08 Aug 2024 12:15:16 INFO  Running E-step ! 
Thu 08 Aug 2024 12:15:56 INFO  epoch 43 training [time: 38.65s, train_loss1: 27.3355, train_loss2: 0.9603, train_loss3: 0.2111]
Thu 08 Aug 2024 12:15:56 INFO  epoch 43 evaluating [time: 0.12s, valid_score: 0.203800]
Thu 08 Aug 2024 12:15:56 INFO  valid result: 
recall@10 : 0.1646    recall@20 : 0.2498    recall@50 : 0.4046    ndcg@10 : 0.2038    ndcg@20 : 0.2204    ndcg@50 : 0.2681    
Thu 08 Aug 2024 12:15:56 INFO  Saving current best: saved/SVD_MI-Aug-08-2024_11-58-09.pth
Thu 08 Aug 2024 12:15:56 INFO  Running E-step ! 
Thu 08 Aug 2024 12:16:06 INFO  epoch 44 training [time: 9.53s, train_loss1: 27.0643, train_loss2: 0.9573, train_loss3: 0.2099]
Thu 08 Aug 2024 12:16:06 INFO  epoch 44 evaluating [time: 0.13s, valid_score: 0.204100]
Thu 08 Aug 2024 12:16:06 INFO  valid result: 
recall@10 : 0.165    recall@20 : 0.2503    recall@50 : 0.4063    ndcg@10 : 0.2041    ndcg@20 : 0.2208    ndcg@50 : 0.2689    
Thu 08 Aug 2024 12:16:06 INFO  Saving current best: saved/SVD_MI-Aug-08-2024_11-58-09.pth
Thu 08 Aug 2024 12:16:06 INFO  Running E-step ! 
Thu 08 Aug 2024 12:16:17 INFO  epoch 45 training [time: 9.44s, train_loss1: 26.9495, train_loss2: 0.9542, train_loss3: 0.2080]
Thu 08 Aug 2024 12:16:17 INFO  epoch 45 evaluating [time: 0.13s, valid_score: 0.204300]
Thu 08 Aug 2024 12:16:17 INFO  valid result: 
recall@10 : 0.1656    recall@20 : 0.2513    recall@50 : 0.4079    ndcg@10 : 0.2043    ndcg@20 : 0.2212    ndcg@50 : 0.2694    
Thu 08 Aug 2024 12:16:17 INFO  Saving current best: saved/SVD_MI-Aug-08-2024_11-58-09.pth
Thu 08 Aug 2024 12:16:17 INFO  Running E-step ! 
Thu 08 Aug 2024 12:16:57 INFO  epoch 46 training [time: 39.04s, train_loss1: 26.8022, train_loss2: 0.9512, train_loss3: 0.2068]
Thu 08 Aug 2024 12:16:57 INFO  epoch 46 evaluating [time: 0.19s, valid_score: 0.204600]
Thu 08 Aug 2024 12:16:57 INFO  valid result: 
recall@10 : 0.1653    recall@20 : 0.2528    recall@50 : 0.4084    ndcg@10 : 0.2046    ndcg@20 : 0.2223    ndcg@50 : 0.2701    
Thu 08 Aug 2024 12:16:57 INFO  Saving current best: saved/SVD_MI-Aug-08-2024_11-58-09.pth
Thu 08 Aug 2024 12:16:57 INFO  Running E-step ! 
Thu 08 Aug 2024 12:17:08 INFO  epoch 47 training [time: 9.66s, train_loss1: 26.6265, train_loss2: 0.9480, train_loss3: 0.2059]
Thu 08 Aug 2024 12:17:08 INFO  epoch 47 evaluating [time: 0.13s, valid_score: 0.205100]
Thu 08 Aug 2024 12:17:08 INFO  valid result: 
recall@10 : 0.1658    recall@20 : 0.253    recall@50 : 0.4093    ndcg@10 : 0.2051    ndcg@20 : 0.2226    ndcg@50 : 0.2706    
Thu 08 Aug 2024 12:17:08 INFO  Saving current best: saved/SVD_MI-Aug-08-2024_11-58-09.pth
Thu 08 Aug 2024 12:17:08 INFO  Running E-step ! 
Thu 08 Aug 2024 12:17:21 INFO  epoch 48 training [time: 12.42s, train_loss1: 26.3779, train_loss2: 0.9454, train_loss3: 0.2049]
Thu 08 Aug 2024 12:17:21 INFO  epoch 48 evaluating [time: 0.15s, valid_score: 0.205300]
Thu 08 Aug 2024 12:17:21 INFO  valid result: 
recall@10 : 0.1658    recall@20 : 0.2532    recall@50 : 0.4101    ndcg@10 : 0.2053    ndcg@20 : 0.2228    ndcg@50 : 0.271    
Thu 08 Aug 2024 12:17:21 INFO  Saving current best: saved/SVD_MI-Aug-08-2024_11-58-09.pth
Thu 08 Aug 2024 12:17:21 INFO  Running E-step ! 
Thu 08 Aug 2024 12:18:03 INFO  epoch 49 training [time: 41.51s, train_loss1: 26.4829, train_loss2: 0.9425, train_loss3: 0.2036]
Thu 08 Aug 2024 12:18:03 INFO  epoch 49 evaluating [time: 0.15s, valid_score: 0.205600]
Thu 08 Aug 2024 12:18:03 INFO  valid result: 
recall@10 : 0.1661    recall@20 : 0.2536    recall@50 : 0.4116    ndcg@10 : 0.2056    ndcg@20 : 0.223    ndcg@50 : 0.2717    
Thu 08 Aug 2024 12:18:03 INFO  Saving current best: saved/SVD_MI-Aug-08-2024_11-58-09.pth
Thu 08 Aug 2024 12:18:03 INFO  Running E-step ! 
Thu 08 Aug 2024 12:18:20 INFO  epoch 50 training [time: 15.98s, train_loss1: 26.2801, train_loss2: 0.9397, train_loss3: 0.2026]
Thu 08 Aug 2024 12:18:20 INFO  epoch 50 evaluating [time: 0.14s, valid_score: 0.205500]
Thu 08 Aug 2024 12:18:20 INFO  valid result: 
recall@10 : 0.1661    recall@20 : 0.254    recall@50 : 0.4124    ndcg@10 : 0.2055    ndcg@20 : 0.2232    ndcg@50 : 0.2719    
Thu 08 Aug 2024 12:18:20 INFO  Running E-step ! 
Thu 08 Aug 2024 12:18:38 INFO  epoch 51 training [time: 15.96s, train_loss1: 26.1384, train_loss2: 0.9371, train_loss3: 0.2019]
Thu 08 Aug 2024 12:18:38 INFO  epoch 51 evaluating [time: 0.15s, valid_score: 0.206200]
Thu 08 Aug 2024 12:18:38 INFO  valid result: 
recall@10 : 0.1671    recall@20 : 0.2548    recall@50 : 0.4124    ndcg@10 : 0.2062    ndcg@20 : 0.2238    ndcg@50 : 0.2724    
Thu 08 Aug 2024 12:18:38 INFO  Saving current best: saved/SVD_MI-Aug-08-2024_11-58-09.pth
Thu 08 Aug 2024 12:18:38 INFO  Running E-step ! 
Thu 08 Aug 2024 12:19:06 INFO  epoch 52 training [time: 27.88s, train_loss1: 26.0002, train_loss2: 0.9343, train_loss3: 0.2005]
Thu 08 Aug 2024 12:19:06 INFO  epoch 52 evaluating [time: 0.15s, valid_score: 0.206700]
Thu 08 Aug 2024 12:19:06 INFO  valid result: 
recall@10 : 0.1681    recall@20 : 0.2538    recall@50 : 0.4142    ndcg@10 : 0.2067    ndcg@20 : 0.2235    ndcg@50 : 0.273    
Thu 08 Aug 2024 12:19:06 INFO  Saving current best: saved/SVD_MI-Aug-08-2024_11-58-09.pth
Thu 08 Aug 2024 12:19:06 INFO  Running E-step ! 
Thu 08 Aug 2024 12:19:23 INFO  epoch 53 training [time: 16.06s, train_loss1: 25.9698, train_loss2: 0.9314, train_loss3: 0.2003]
Thu 08 Aug 2024 12:19:24 INFO  epoch 53 evaluating [time: 0.16s, valid_score: 0.207100]
Thu 08 Aug 2024 12:19:24 INFO  valid result: 
recall@10 : 0.1682    recall@20 : 0.2544    recall@50 : 0.4134    ndcg@10 : 0.2071    ndcg@20 : 0.2238    ndcg@50 : 0.273    
Thu 08 Aug 2024 12:19:24 INFO  Saving current best: saved/SVD_MI-Aug-08-2024_11-58-09.pth
Thu 08 Aug 2024 12:19:24 INFO  Running E-step ! 
Thu 08 Aug 2024 12:19:51 INFO  epoch 54 training [time: 27.15s, train_loss1: 25.8585, train_loss2: 0.9287, train_loss3: 0.1986]
Thu 08 Aug 2024 12:19:52 INFO  epoch 54 evaluating [time: 0.16s, valid_score: 0.207400]
Thu 08 Aug 2024 12:19:52 INFO  valid result: 
recall@10 : 0.1677    recall@20 : 0.2554    recall@50 : 0.4148    ndcg@10 : 0.2074    ndcg@20 : 0.2246    ndcg@50 : 0.2738    
Thu 08 Aug 2024 12:19:52 INFO  Saving current best: saved/SVD_MI-Aug-08-2024_11-58-09.pth
Thu 08 Aug 2024 12:19:52 INFO  Running E-step ! 
Thu 08 Aug 2024 12:20:05 INFO  epoch 55 training [time: 12.84s, train_loss1: 25.7010, train_loss2: 0.9262, train_loss3: 0.1986]
Thu 08 Aug 2024 12:20:05 INFO  epoch 55 evaluating [time: 0.18s, valid_score: 0.207200]
Thu 08 Aug 2024 12:20:05 INFO  valid result: 
recall@10 : 0.1678    recall@20 : 0.2556    recall@50 : 0.4151    ndcg@10 : 0.2072    ndcg@20 : 0.2245    ndcg@50 : 0.2739    
Thu 08 Aug 2024 12:20:05 INFO  Running E-step ! 
Thu 08 Aug 2024 12:20:19 INFO  epoch 56 training [time: 13.31s, train_loss1: 25.6127, train_loss2: 0.9240, train_loss3: 0.1971]
Thu 08 Aug 2024 12:20:19 INFO  epoch 56 evaluating [time: 0.26s, valid_score: 0.207200]
Thu 08 Aug 2024 12:20:19 INFO  valid result: 
recall@10 : 0.1671    recall@20 : 0.2559    recall@50 : 0.4163    ndcg@10 : 0.2072    ndcg@20 : 0.2249    ndcg@50 : 0.2744    
Thu 08 Aug 2024 12:20:19 INFO  Running E-step ! 
Thu 08 Aug 2024 12:21:08 INFO  epoch 57 training [time: 48.00s, train_loss1: 25.5054, train_loss2: 0.9215, train_loss3: 0.1956]
Thu 08 Aug 2024 12:21:08 INFO  epoch 57 evaluating [time: 0.30s, valid_score: 0.207400]
Thu 08 Aug 2024 12:21:08 INFO  valid result: 
recall@10 : 0.1673    recall@20 : 0.2569    recall@50 : 0.4165    ndcg@10 : 0.2074    ndcg@20 : 0.2254    ndcg@50 : 0.2747    
Thu 08 Aug 2024 12:21:08 INFO  Running E-step ! 
Thu 08 Aug 2024 12:22:00 INFO  epoch 58 training [time: 51.21s, train_loss1: 25.1792, train_loss2: 0.9191, train_loss3: 0.1949]
Thu 08 Aug 2024 12:22:00 INFO  epoch 58 evaluating [time: 0.26s, valid_score: 0.207400]
Thu 08 Aug 2024 12:22:00 INFO  valid result: 
recall@10 : 0.1675    recall@20 : 0.2577    recall@50 : 0.4172    ndcg@10 : 0.2074    ndcg@20 : 0.2257    ndcg@50 : 0.2749    
Thu 08 Aug 2024 12:22:00 INFO  Running E-step ! 
Thu 08 Aug 2024 12:22:53 INFO  epoch 59 training [time: 51.93s, train_loss1: 25.3087, train_loss2: 0.9169, train_loss3: 0.1943]
Thu 08 Aug 2024 12:22:54 INFO  epoch 59 evaluating [time: 0.43s, valid_score: 0.207300]
Thu 08 Aug 2024 12:22:54 INFO  valid result: 
recall@10 : 0.1668    recall@20 : 0.2577    recall@50 : 0.4171    ndcg@10 : 0.2073    ndcg@20 : 0.226    ndcg@50 : 0.2752    
Thu 08 Aug 2024 12:22:54 INFO  Running E-step ! 
Thu 08 Aug 2024 12:23:48 INFO  epoch 60 training [time: 53.86s, train_loss1: 25.1217, train_loss2: 0.9147, train_loss3: 0.1942]
Thu 08 Aug 2024 12:23:48 INFO  epoch 60 evaluating [time: 0.27s, valid_score: 0.207400]
Thu 08 Aug 2024 12:23:48 INFO  valid result: 
recall@10 : 0.1672    recall@20 : 0.2576    recall@50 : 0.4172    ndcg@10 : 0.2074    ndcg@20 : 0.2257    ndcg@50 : 0.275    
Thu 08 Aug 2024 12:23:48 INFO  Running E-step ! 
Thu 08 Aug 2024 12:24:38 INFO  epoch 61 training [time: 49.30s, train_loss1: 25.1344, train_loss2: 0.9124, train_loss3: 0.1926]
Thu 08 Aug 2024 12:24:39 INFO  epoch 61 evaluating [time: 0.29s, valid_score: 0.207800]
Thu 08 Aug 2024 12:24:39 INFO  valid result: 
recall@10 : 0.1678    recall@20 : 0.2576    recall@50 : 0.4175    ndcg@10 : 0.2078    ndcg@20 : 0.2258    ndcg@50 : 0.2751    
Thu 08 Aug 2024 12:24:39 INFO  Saving current best: saved/SVD_MI-Aug-08-2024_11-58-09.pth
Thu 08 Aug 2024 12:24:39 INFO  Running E-step ! 
Thu 08 Aug 2024 12:25:30 INFO  epoch 62 training [time: 50.10s, train_loss1: 24.8645, train_loss2: 0.9103, train_loss3: 0.1923]
Thu 08 Aug 2024 12:25:30 INFO  epoch 62 evaluating [time: 0.31s, valid_score: 0.207900]
Thu 08 Aug 2024 12:25:30 INFO  valid result: 
recall@10 : 0.1677    recall@20 : 0.2579    recall@50 : 0.4178    ndcg@10 : 0.2079    ndcg@20 : 0.2259    ndcg@50 : 0.2753    
Thu 08 Aug 2024 12:25:30 INFO  Saving current best: saved/SVD_MI-Aug-08-2024_11-58-09.pth
Thu 08 Aug 2024 12:25:30 INFO  Running E-step ! 
Thu 08 Aug 2024 12:26:21 INFO  epoch 63 training [time: 50.65s, train_loss1: 24.8936, train_loss2: 0.9083, train_loss3: 0.1914]
Thu 08 Aug 2024 12:26:22 INFO  epoch 63 evaluating [time: 0.32s, valid_score: 0.207700]
Thu 08 Aug 2024 12:26:22 INFO  valid result: 
recall@10 : 0.1673    recall@20 : 0.2581    recall@50 : 0.4182    ndcg@10 : 0.2077    ndcg@20 : 0.226    ndcg@50 : 0.2756    
Thu 08 Aug 2024 12:26:22 INFO  Running E-step ! 
Thu 08 Aug 2024 12:27:13 INFO  epoch 64 training [time: 50.43s, train_loss1: 24.7827, train_loss2: 0.9064, train_loss3: 0.1905]
Thu 08 Aug 2024 12:27:13 INFO  epoch 64 evaluating [time: 0.28s, valid_score: 0.207600]
Thu 08 Aug 2024 12:27:13 INFO  valid result: 
recall@10 : 0.1673    recall@20 : 0.2579    recall@50 : 0.4185    ndcg@10 : 0.2076    ndcg@20 : 0.2259    ndcg@50 : 0.2757    
Thu 08 Aug 2024 12:27:13 INFO  Running E-step ! 
Thu 08 Aug 2024 12:28:04 INFO  epoch 65 training [time: 49.53s, train_loss1: 24.6954, train_loss2: 0.9043, train_loss3: 0.1904]
Thu 08 Aug 2024 12:28:04 INFO  epoch 65 evaluating [time: 0.30s, valid_score: 0.207500]
Thu 08 Aug 2024 12:28:04 INFO  valid result: 
recall@10 : 0.1676    recall@20 : 0.2583    recall@50 : 0.4194    ndcg@10 : 0.2075    ndcg@20 : 0.226    ndcg@50 : 0.2758    
Thu 08 Aug 2024 12:28:04 INFO  Running E-step ! 
Thu 08 Aug 2024 12:28:54 INFO  epoch 66 training [time: 49.11s, train_loss1: 24.5957, train_loss2: 0.9023, train_loss3: 0.1894]
Thu 08 Aug 2024 12:28:54 INFO  epoch 66 evaluating [time: 0.31s, valid_score: 0.207600]
Thu 08 Aug 2024 12:28:54 INFO  valid result: 
recall@10 : 0.1675    recall@20 : 0.2585    recall@50 : 0.4199    ndcg@10 : 0.2076    ndcg@20 : 0.2261    ndcg@50 : 0.276    
Thu 08 Aug 2024 12:28:54 INFO  Running E-step ! 
Thu 08 Aug 2024 12:29:44 INFO  epoch 67 training [time: 48.91s, train_loss1: 24.5287, train_loss2: 0.9003, train_loss3: 0.1894]
Thu 08 Aug 2024 12:29:44 INFO  epoch 67 evaluating [time: 0.31s, valid_score: 0.208000]
Thu 08 Aug 2024 12:29:44 INFO  valid result: 
recall@10 : 0.1681    recall@20 : 0.2591    recall@50 : 0.4194    ndcg@10 : 0.208    ndcg@20 : 0.2265    ndcg@50 : 0.2761    
Thu 08 Aug 2024 12:29:44 INFO  Saving current best: saved/SVD_MI-Aug-08-2024_11-58-09.pth
Thu 08 Aug 2024 12:29:44 INFO  Running E-step ! 
Thu 08 Aug 2024 12:30:35 INFO  epoch 68 training [time: 49.58s, train_loss1: 24.4041, train_loss2: 0.8982, train_loss3: 0.1897]
Thu 08 Aug 2024 12:30:35 INFO  epoch 68 evaluating [time: 0.34s, valid_score: 0.207900]
Thu 08 Aug 2024 12:30:35 INFO  valid result: 
recall@10 : 0.1683    recall@20 : 0.2589    recall@50 : 0.4201    ndcg@10 : 0.2079    ndcg@20 : 0.2265    ndcg@50 : 0.2763    
Thu 08 Aug 2024 12:30:35 INFO  Running E-step ! 
Thu 08 Aug 2024 12:31:27 INFO  epoch 69 training [time: 51.13s, train_loss1: 24.3929, train_loss2: 0.8961, train_loss3: 0.1889]
Thu 08 Aug 2024 12:31:28 INFO  epoch 69 evaluating [time: 0.30s, valid_score: 0.207900]
Thu 08 Aug 2024 12:31:28 INFO  valid result: 
recall@10 : 0.1678    recall@20 : 0.2587    recall@50 : 0.4194    ndcg@10 : 0.2079    ndcg@20 : 0.2265    ndcg@50 : 0.2763    
Thu 08 Aug 2024 12:31:28 INFO  Running E-step ! 
Thu 08 Aug 2024 12:32:18 INFO  epoch 70 training [time: 49.91s, train_loss1: 24.3704, train_loss2: 0.8941, train_loss3: 0.1875]
Thu 08 Aug 2024 12:32:19 INFO  epoch 70 evaluating [time: 0.16s, valid_score: 0.207700]
Thu 08 Aug 2024 12:32:19 INFO  valid result: 
recall@10 : 0.1676    recall@20 : 0.2585    recall@50 : 0.4196    ndcg@10 : 0.2077    ndcg@20 : 0.2262    ndcg@50 : 0.2762    
Thu 08 Aug 2024 12:32:19 INFO  Running E-step ! 
Thu 08 Aug 2024 12:32:37 INFO  epoch 71 training [time: 17.57s, train_loss1: 24.1410, train_loss2: 0.8923, train_loss3: 0.1879]
Thu 08 Aug 2024 12:32:37 INFO  epoch 71 evaluating [time: 0.19s, valid_score: 0.208000]
Thu 08 Aug 2024 12:32:37 INFO  valid result: 
recall@10 : 0.1684    recall@20 : 0.2587    recall@50 : 0.4202    ndcg@10 : 0.208    ndcg@20 : 0.2263    ndcg@50 : 0.2763    
Thu 08 Aug 2024 12:32:37 INFO  Running E-step ! 
Thu 08 Aug 2024 12:32:56 INFO  epoch 72 training [time: 18.42s, train_loss1: 24.0624, train_loss2: 0.8907, train_loss3: 0.1874]
Thu 08 Aug 2024 12:32:57 INFO  epoch 72 evaluating [time: 0.16s, valid_score: 0.208200]
Thu 08 Aug 2024 12:32:57 INFO  valid result: 
recall@10 : 0.1689    recall@20 : 0.2586    recall@50 : 0.4199    ndcg@10 : 0.2082    ndcg@20 : 0.2262    ndcg@50 : 0.2761    
Thu 08 Aug 2024 12:32:57 INFO  Saving current best: saved/SVD_MI-Aug-08-2024_11-58-09.pth
Thu 08 Aug 2024 12:32:57 INFO  Running E-step ! 
Thu 08 Aug 2024 12:33:09 INFO  epoch 73 training [time: 11.05s, train_loss1: 24.1717, train_loss2: 0.8890, train_loss3: 0.1867]
Thu 08 Aug 2024 12:33:09 INFO  epoch 73 evaluating [time: 0.18s, valid_score: 0.207500]
Thu 08 Aug 2024 12:33:09 INFO  valid result: 
recall@10 : 0.1686    recall@20 : 0.2587    recall@50 : 0.4202    ndcg@10 : 0.2075    ndcg@20 : 0.2259    ndcg@50 : 0.2759    
Thu 08 Aug 2024 12:33:09 INFO  Running E-step ! 
Thu 08 Aug 2024 12:33:24 INFO  epoch 74 training [time: 14.71s, train_loss1: 23.9596, train_loss2: 0.8870, train_loss3: 0.1864]
Thu 08 Aug 2024 12:33:24 INFO  epoch 74 evaluating [time: 0.23s, valid_score: 0.207400]
Thu 08 Aug 2024 12:33:24 INFO  valid result: 
recall@10 : 0.1684    recall@20 : 0.2595    recall@50 : 0.4207    ndcg@10 : 0.2074    ndcg@20 : 0.2261    ndcg@50 : 0.2761    
Thu 08 Aug 2024 12:33:24 INFO  Running E-step ! 
Thu 08 Aug 2024 12:33:41 INFO  epoch 75 training [time: 15.91s, train_loss1: 23.9711, train_loss2: 0.8853, train_loss3: 0.1856]
Thu 08 Aug 2024 12:33:42 INFO  epoch 75 evaluating [time: 0.17s, valid_score: 0.207400]
Thu 08 Aug 2024 12:33:42 INFO  valid result: 
recall@10 : 0.1687    recall@20 : 0.2596    recall@50 : 0.4211    ndcg@10 : 0.2074    ndcg@20 : 0.2261    ndcg@50 : 0.2762    
Thu 08 Aug 2024 12:33:42 INFO  Running E-step ! 
Thu 08 Aug 2024 12:34:01 INFO  epoch 76 training [time: 18.80s, train_loss1: 23.7989, train_loss2: 0.8836, train_loss3: 0.1851]
Thu 08 Aug 2024 12:34:01 INFO  epoch 76 evaluating [time: 0.19s, valid_score: 0.207800]
Thu 08 Aug 2024 12:34:01 INFO  valid result: 
recall@10 : 0.1694    recall@20 : 0.2598    recall@50 : 0.4216    ndcg@10 : 0.2078    ndcg@20 : 0.2264    ndcg@50 : 0.2766    
Thu 08 Aug 2024 12:34:01 INFO  Running E-step ! 
Thu 08 Aug 2024 12:34:18 INFO  epoch 77 training [time: 15.99s, train_loss1: 23.6569, train_loss2: 0.8821, train_loss3: 0.1846]
Thu 08 Aug 2024 12:34:19 INFO  epoch 77 evaluating [time: 0.35s, valid_score: 0.207600]
Thu 08 Aug 2024 12:34:19 INFO  valid result: 
recall@10 : 0.1686    recall@20 : 0.2603    recall@50 : 0.4218    ndcg@10 : 0.2076    ndcg@20 : 0.2266    ndcg@50 : 0.2768    
Thu 08 Aug 2024 12:34:19 INFO  Running E-step ! 
Thu 08 Aug 2024 12:34:36 INFO  epoch 78 training [time: 17.15s, train_loss1: 23.6753, train_loss2: 0.8805, train_loss3: 0.1840]
Thu 08 Aug 2024 12:34:37 INFO  epoch 78 evaluating [time: 0.17s, valid_score: 0.208000]
Thu 08 Aug 2024 12:34:37 INFO  valid result: 
recall@10 : 0.1688    recall@20 : 0.26    recall@50 : 0.4218    ndcg@10 : 0.208    ndcg@20 : 0.2268    ndcg@50 : 0.277    
Thu 08 Aug 2024 12:34:37 INFO  Running E-step ! 
Thu 08 Aug 2024 12:35:08 INFO  epoch 79 training [time: 30.02s, train_loss1: 23.6511, train_loss2: 0.8790, train_loss3: 0.1831]
Thu 08 Aug 2024 12:35:08 INFO  epoch 79 evaluating [time: 0.18s, valid_score: 0.208100]
Thu 08 Aug 2024 12:35:08 INFO  valid result: 
recall@10 : 0.1694    recall@20 : 0.2599    recall@50 : 0.4221    ndcg@10 : 0.2081    ndcg@20 : 0.2267    ndcg@50 : 0.277    
Thu 08 Aug 2024 12:35:08 INFO  Running E-step ! 
Thu 08 Aug 2024 12:35:25 INFO  epoch 80 training [time: 16.51s, train_loss1: 23.5490, train_loss2: 0.8771, train_loss3: 0.1832]
Thu 08 Aug 2024 12:35:25 INFO  epoch 80 evaluating [time: 0.18s, valid_score: 0.208100]
Thu 08 Aug 2024 12:35:25 INFO  valid result: 
recall@10 : 0.1692    recall@20 : 0.2604    recall@50 : 0.4222    ndcg@10 : 0.2081    ndcg@20 : 0.2269    ndcg@50 : 0.2771    
Thu 08 Aug 2024 12:35:25 INFO  Running E-step ! 
Thu 08 Aug 2024 12:35:53 INFO  epoch 81 training [time: 26.30s, train_loss1: 23.3921, train_loss2: 0.8754, train_loss3: 0.1828]
Thu 08 Aug 2024 12:35:53 INFO  epoch 81 evaluating [time: 0.19s, valid_score: 0.208000]
Thu 08 Aug 2024 12:35:53 INFO  valid result: 
recall@10 : 0.1693    recall@20 : 0.2603    recall@50 : 0.4225    ndcg@10 : 0.208    ndcg@20 : 0.2268    ndcg@50 : 0.277    
Thu 08 Aug 2024 12:35:53 INFO  Running E-step ! 
Thu 08 Aug 2024 12:36:10 INFO  epoch 82 training [time: 16.62s, train_loss1: 23.3395, train_loss2: 0.8738, train_loss3: 0.1821]
Thu 08 Aug 2024 12:36:10 INFO  epoch 82 evaluating [time: 0.20s, valid_score: 0.207800]
Thu 08 Aug 2024 12:36:10 INFO  valid result: 
recall@10 : 0.169    recall@20 : 0.2608    recall@50 : 0.4227    ndcg@10 : 0.2078    ndcg@20 : 0.2269    ndcg@50 : 0.2771    
Thu 08 Aug 2024 12:36:10 INFO  Running E-step ! 
Thu 08 Aug 2024 12:36:27 INFO  epoch 83 training [time: 16.38s, train_loss1: 23.3633, train_loss2: 0.8722, train_loss3: 0.1821]
Thu 08 Aug 2024 12:36:28 INFO  epoch 83 evaluating [time: 0.17s, valid_score: 0.207700]
Thu 08 Aug 2024 12:36:28 INFO  valid result: 
recall@10 : 0.1695    recall@20 : 0.2615    recall@50 : 0.4234    ndcg@10 : 0.2077    ndcg@20 : 0.2268    ndcg@50 : 0.2769    
Thu 08 Aug 2024 12:36:28 INFO  Finished training, best eval result in epoch 72
Thu 08 Aug 2024 12:36:28 INFO  Loading model structure and parameters from saved/SVD_MI-Aug-08-2024_11-58-09.pth
Thu 08 Aug 2024 12:36:28 INFO  best valid : {'recall@10': 0.46890000000000015, 'recall@20': 0.5586000000000002, 'recall@50': 0.7199000000000002, 'ndcg@10': 0.5082000000000002, 'ndcg@20': 0.5262000000000002, 'ndcg@50': 0.5761000000000003}
Thu 08 Aug 2024 12:36:28 INFO  test result: {'recall@10': 0.2167, 'recall@20': 0.3095, 'recall@50': 0.4736, 'ndcg@10': 0.2847, 'ndcg@20': 0.29450000000000004, 'ndcg@50': 0.3397}
