Thu 08 Aug 2024 13:55:06 INFO  
General Hyper Parameters:
gpu_id = 6
use_gpu = True
seed = 2020
state = INFO
reproducibility = True
data_path = dataset/ml-1m
show_progress = True
save_dataset = False
save_dataloaders = False
benchmark_filename = None

Training Hyper Parameters:
checkpoint_dir = saved
epochs = 300
train_batch_size = 4096
learner = adam
learning_rate = 0.001
eval_step = 1
stopping_step = 10
clip_grad_norm = None
weight_decay = 0.0
loss_decimal_place = 4

Evaluation Hyper Parameters:
eval_args = {'split': {'RS': [0.8, 0.1, 0.1]}, 'group_by': 'user', 'order': 'RO', 'mode': 'full'}
metrics = ['Recall', 'NDCG']
topk = [10, 20, 50]
valid_metric = NDCG@10
valid_metric_bigger = True
eval_batch_size = 4096000
metric_decimal_place = 4

Dataset Hyper Parameters:
field_separator = 	
seq_separator =  
USER_ID_FIELD = user_id
ITEM_ID_FIELD = item_id
RATING_FIELD = rating
TIME_FIELD = timestamp
seq_len = None
LABEL_FIELD = label
threshold = None
NEG_PREFIX = neg_
load_col = {'inter': ['user_id', 'item_id', 'rating'], 'item': ['item_id', 'movie_title']}
unload_col = None
unused_col = None
additional_feat_suffix = None
rm_dup_inter = None
val_interval = {'rating': '[3,inf)'}
filter_inter_by_user_or_item = True
user_inter_num_interval = [0,inf)
item_inter_num_interval = [0,inf)
alias_of_user_id = None
alias_of_item_id = None
alias_of_entity_id = None
alias_of_relation_id = None
preload_weight = None
normalize_field = None
normalize_all = None
ITEM_LIST_LENGTH_FIELD = item_length
LIST_SUFFIX = _list
MAX_ITEM_LIST_LENGTH = 50
POSITION_FIELD = position_id
HEAD_ENTITY_ID_FIELD = head_id
TAIL_ENTITY_ID_FIELD = tail_id
RELATION_ID_FIELD = relation_id
ENTITY_ID_FIELD = entity_id

Other Hyper Parameters: 
neg_sampling = {'uniform': 1}
repeatable = False
MODEL_TYPE = ModelType.GENERAL
eval_setting = {'split': {'RS': [0.8, 0.1, 0.1]}, 'order': 'RO', 'group_by': 'user', 'mode': 'full'}
embedding_size = 64
n_layers = 3
reg_weight = 0.0001
ssl_temp = 0.1
ssl_reg = 1e-07
hyper_layers = 1
alpha = 1
proto_reg = 8e-08
num_clusters = 1000
m_step = 1
warm_up_step = 20
MODEL_INPUT_TYPE = InputType.PAIRWISE
eval_type = EvaluatorType.RANKING
device = cuda
train_neg_sample_args = {'strategy': 'by', 'by': 1, 'distribution': 'uniform'}
eval_neg_sample_args = {'strategy': 'full', 'distribution': 'uniform'}
svd = True
mi = 9


Thu 08 Aug 2024 13:55:06 INFO  ml-1m
The number of users: 6040
Average actions of users: 138.51266766020865
The number of items: 3884
Average actions of items: 230.56174200661522
The number of inters: 836478
The sparsity of the dataset: 96.43435285532085%
Remain Fields: ['user_id', 'item_id', 'rating', 'movie_title']
Thu 08 Aug 2024 13:55:07 INFO  [Training]: train_batch_size = [4096] negative sampling: [{'uniform': 1}]
Thu 08 Aug 2024 13:55:07 INFO  [Evaluation]: eval_batch_size = [4096000] eval_args: [{'split': {'RS': [0.8, 0.1, 0.1]}, 'group_by': 'user', 'order': 'RO', 'mode': 'full'}]
Thu 08 Aug 2024 13:55:37 INFO  SVD_MI(
  (mf_loss): BPRLoss()
  (reg_loss): EmbLoss()
  (user_embedding): Embedding(6040, 64)
  (item_embedding): Embedding(3884, 64)
  (content_linear): ModuleList(
    (0): Linear(in_features=768, out_features=64, bias=True)
    (1): Linear(in_features=768, out_features=64, bias=True)
    (2): Linear(in_features=768, out_features=64, bias=True)
    (3): Linear(in_features=768, out_features=64, bias=True)
    (4): Linear(in_features=768, out_features=64, bias=True)
    (5): Linear(in_features=768, out_features=64, bias=True)
    (6): Linear(in_features=768, out_features=64, bias=True)
    (7): Linear(in_features=768, out_features=64, bias=True)
    (8): Linear(in_features=768, out_features=64, bias=True)
  )
)
Trainable parameters: 1078080
Thu 08 Aug 2024 13:55:37 INFO  Running E-step ! 
Thu 08 Aug 2024 13:55:50 INFO  epoch 0 training [time: 10.83s, train_loss1: 114.2654, train_loss2: 0.2576]
Thu 08 Aug 2024 13:55:50 INFO  epoch 0 evaluating [time: 0.13s, valid_score: 0.087600]
Thu 08 Aug 2024 13:55:50 INFO  valid result: 
recall@10 : 0.0729    recall@20 : 0.1277    recall@50 : 0.2361    ndcg@10 : 0.0876    ndcg@20 : 0.1012    ndcg@50 : 0.1355    
Thu 08 Aug 2024 13:55:50 INFO  Saving current best: saved/SVD_MI-Aug-08-2024_13-55-37.pth
Thu 08 Aug 2024 13:55:50 INFO  Running E-step ! 
Thu 08 Aug 2024 13:56:01 INFO  epoch 1 training [time: 10.58s, train_loss1: 113.9569, train_loss2: 0.2077]
Thu 08 Aug 2024 13:56:01 INFO  epoch 1 evaluating [time: 0.13s, valid_score: 0.136300]
Thu 08 Aug 2024 13:56:01 INFO  valid result: 
recall@10 : 0.1083    recall@20 : 0.1765    recall@50 : 0.2999    ndcg@10 : 0.1363    ndcg@20 : 0.1504    ndcg@50 : 0.1886    
Thu 08 Aug 2024 13:56:01 INFO  Saving current best: saved/SVD_MI-Aug-08-2024_13-55-37.pth
Thu 08 Aug 2024 13:56:01 INFO  Running E-step ! 
Thu 08 Aug 2024 13:56:12 INFO  epoch 2 training [time: 10.54s, train_loss1: 91.1978, train_loss2: 0.8038]
Thu 08 Aug 2024 13:56:12 INFO  epoch 2 evaluating [time: 0.13s, valid_score: 0.104800]
Thu 08 Aug 2024 13:56:12 INFO  valid result: 
recall@10 : 0.0781    recall@20 : 0.1299    recall@50 : 0.225    ndcg@10 : 0.1048    ndcg@20 : 0.1147    ndcg@50 : 0.1431    
Thu 08 Aug 2024 13:56:12 INFO  Running E-step ! 
Thu 08 Aug 2024 13:56:24 INFO  epoch 3 training [time: 10.51s, train_loss1: 53.7676, train_loss2: 1.0829]
Thu 08 Aug 2024 13:56:24 INFO  epoch 3 evaluating [time: 0.14s, valid_score: 0.104900]
Thu 08 Aug 2024 13:56:24 INFO  valid result: 
recall@10 : 0.0783    recall@20 : 0.1296    recall@50 : 0.226    ndcg@10 : 0.1049    ndcg@20 : 0.1148    ndcg@50 : 0.1436    
Thu 08 Aug 2024 13:56:24 INFO  Running E-step ! 
Thu 08 Aug 2024 13:56:58 INFO  epoch 4 training [time: 33.61s, train_loss1: 51.8637, train_loss2: 1.0856]
Thu 08 Aug 2024 13:56:58 INFO  epoch 4 evaluating [time: 0.23s, valid_score: 0.106900]
Thu 08 Aug 2024 13:56:58 INFO  valid result: 
recall@10 : 0.0805    recall@20 : 0.1323    recall@50 : 0.2327    ndcg@10 : 0.1069    ndcg@20 : 0.1168    ndcg@50 : 0.1469    
Thu 08 Aug 2024 13:56:58 INFO  Running E-step ! 
Thu 08 Aug 2024 13:57:09 INFO  epoch 5 training [time: 10.77s, train_loss1: 50.3060, train_loss2: 1.0867]
Thu 08 Aug 2024 13:57:10 INFO  epoch 5 evaluating [time: 0.13s, valid_score: 0.109700]
Thu 08 Aug 2024 13:57:10 INFO  valid result: 
recall@10 : 0.0829    recall@20 : 0.136    recall@50 : 0.241    ndcg@10 : 0.1097    ndcg@20 : 0.1201    ndcg@50 : 0.1516    
Thu 08 Aug 2024 13:57:10 INFO  Running E-step ! 
Thu 08 Aug 2024 13:57:21 INFO  epoch 6 training [time: 10.84s, train_loss1: 48.3815, train_loss2: 1.0867]
Thu 08 Aug 2024 13:57:21 INFO  epoch 6 evaluating [time: 0.13s, valid_score: 0.114500]
Thu 08 Aug 2024 13:57:21 INFO  valid result: 
recall@10 : 0.087    recall@20 : 0.1407    recall@50 : 0.2528    ndcg@10 : 0.1145    ndcg@20 : 0.1247    ndcg@50 : 0.1584    
Thu 08 Aug 2024 13:57:21 INFO  Running E-step ! 
Thu 08 Aug 2024 13:58:00 INFO  epoch 7 training [time: 37.07s, train_loss1: 46.4921, train_loss2: 1.0855]
Thu 08 Aug 2024 13:58:00 INFO  epoch 7 evaluating [time: 0.14s, valid_score: 0.119600]
Thu 08 Aug 2024 13:58:00 INFO  valid result: 
recall@10 : 0.0906    recall@20 : 0.1449    recall@50 : 0.2615    ndcg@10 : 0.1196    ndcg@20 : 0.1297    ndcg@50 : 0.1651    
Thu 08 Aug 2024 13:58:00 INFO  Running E-step ! 
Thu 08 Aug 2024 13:58:12 INFO  epoch 8 training [time: 10.56s, train_loss1: 44.6091, train_loss2: 1.0839]
Thu 08 Aug 2024 13:58:12 INFO  epoch 8 evaluating [time: 0.13s, valid_score: 0.125300]
Thu 08 Aug 2024 13:58:12 INFO  valid result: 
recall@10 : 0.0943    recall@20 : 0.1507    recall@50 : 0.2711    ndcg@10 : 0.1253    ndcg@20 : 0.1356    ndcg@50 : 0.1724    
Thu 08 Aug 2024 13:58:12 INFO  Running E-step ! 
Thu 08 Aug 2024 13:58:23 INFO  epoch 9 training [time: 10.47s, train_loss1: 42.9902, train_loss2: 1.0819]
Thu 08 Aug 2024 13:58:23 INFO  epoch 9 evaluating [time: 0.13s, valid_score: 0.130400]
Thu 08 Aug 2024 13:58:23 INFO  valid result: 
recall@10 : 0.0978    recall@20 : 0.1563    recall@50 : 0.2806    ndcg@10 : 0.1304    ndcg@20 : 0.1412    ndcg@50 : 0.1794    
Thu 08 Aug 2024 13:58:23 INFO  Running E-step ! 
Thu 08 Aug 2024 13:59:01 INFO  epoch 10 training [time: 37.79s, train_loss1: 41.6721, train_loss2: 1.0796]
Thu 08 Aug 2024 13:59:01 INFO  epoch 10 evaluating [time: 0.13s, valid_score: 0.135600]
Thu 08 Aug 2024 13:59:01 INFO  valid result: 
recall@10 : 0.1023    recall@20 : 0.162    recall@50 : 0.2893    ndcg@10 : 0.1356    ndcg@20 : 0.1468    ndcg@50 : 0.186    
Thu 08 Aug 2024 13:59:01 INFO  Running E-step ! 
Thu 08 Aug 2024 13:59:13 INFO  epoch 11 training [time: 10.49s, train_loss1: 40.3135, train_loss2: 1.0773]
Thu 08 Aug 2024 13:59:13 INFO  epoch 11 evaluating [time: 0.13s, valid_score: 0.140100]
Thu 08 Aug 2024 13:59:13 INFO  valid result: 
recall@10 : 0.1054    recall@20 : 0.1685    recall@50 : 0.2973    ndcg@10 : 0.1401    ndcg@20 : 0.152    ndcg@50 : 0.1916    
Thu 08 Aug 2024 13:59:13 INFO  Saving current best: saved/SVD_MI-Aug-08-2024_13-55-37.pth
Thu 08 Aug 2024 13:59:13 INFO  Running E-step ! 
Thu 08 Aug 2024 13:59:51 INFO  epoch 12 training [time: 36.80s, train_loss1: 39.4878, train_loss2: 1.0751]
Thu 08 Aug 2024 13:59:51 INFO  epoch 12 evaluating [time: 0.46s, valid_score: 0.144300]
Thu 08 Aug 2024 13:59:51 INFO  valid result: 
recall@10 : 0.1087    recall@20 : 0.1723    recall@50 : 0.3047    ndcg@10 : 0.1443    ndcg@20 : 0.1564    ndcg@50 : 0.1968    
Thu 08 Aug 2024 13:59:51 INFO  Saving current best: saved/SVD_MI-Aug-08-2024_13-55-37.pth
Thu 08 Aug 2024 13:59:51 INFO  Running E-step ! 
Thu 08 Aug 2024 14:00:03 INFO  epoch 13 training [time: 10.78s, train_loss1: 38.5388, train_loss2: 1.0726]
Thu 08 Aug 2024 14:00:04 INFO  epoch 13 evaluating [time: 0.13s, valid_score: 0.148100]
Thu 08 Aug 2024 14:00:04 INFO  valid result: 
recall@10 : 0.1124    recall@20 : 0.1766    recall@50 : 0.3119    ndcg@10 : 0.1481    ndcg@20 : 0.1605    ndcg@50 : 0.2018    
Thu 08 Aug 2024 14:00:04 INFO  Saving current best: saved/SVD_MI-Aug-08-2024_13-55-37.pth
Thu 08 Aug 2024 14:00:04 INFO  Running E-step ! 
Thu 08 Aug 2024 14:00:16 INFO  epoch 14 training [time: 10.83s, train_loss1: 37.4904, train_loss2: 1.0700]
Thu 08 Aug 2024 14:00:16 INFO  epoch 14 evaluating [time: 0.13s, valid_score: 0.150800]
Thu 08 Aug 2024 14:00:16 INFO  valid result: 
recall@10 : 0.1149    recall@20 : 0.1808    recall@50 : 0.3181    ndcg@10 : 0.1508    ndcg@20 : 0.1637    ndcg@50 : 0.2057    
Thu 08 Aug 2024 14:00:16 INFO  Saving current best: saved/SVD_MI-Aug-08-2024_13-55-37.pth
Thu 08 Aug 2024 14:00:16 INFO  Running E-step ! 
Thu 08 Aug 2024 14:00:52 INFO  epoch 15 training [time: 34.17s, train_loss1: 36.8785, train_loss2: 1.0670]
Thu 08 Aug 2024 14:00:52 INFO  epoch 15 evaluating [time: 0.13s, valid_score: 0.154700]
Thu 08 Aug 2024 14:00:52 INFO  valid result: 
recall@10 : 0.1179    recall@20 : 0.1854    recall@50 : 0.3247    ndcg@10 : 0.1547    ndcg@20 : 0.1679    ndcg@50 : 0.2104    
Thu 08 Aug 2024 14:00:52 INFO  Saving current best: saved/SVD_MI-Aug-08-2024_13-55-37.pth
Thu 08 Aug 2024 14:00:52 INFO  Running E-step ! 
Thu 08 Aug 2024 14:01:04 INFO  epoch 16 training [time: 10.92s, train_loss1: 36.0019, train_loss2: 1.0639]
Thu 08 Aug 2024 14:01:04 INFO  epoch 16 evaluating [time: 0.14s, valid_score: 0.157500]
Thu 08 Aug 2024 14:01:04 INFO  valid result: 
recall@10 : 0.1201    recall@20 : 0.1883    recall@50 : 0.329    ndcg@10 : 0.1575    ndcg@20 : 0.1709    ndcg@50 : 0.2138    
Thu 08 Aug 2024 14:01:04 INFO  Saving current best: saved/SVD_MI-Aug-08-2024_13-55-37.pth
Thu 08 Aug 2024 14:01:04 INFO  Running E-step ! 
Thu 08 Aug 2024 14:01:16 INFO  epoch 17 training [time: 10.78s, train_loss1: 35.5732, train_loss2: 1.0604]
Thu 08 Aug 2024 14:01:16 INFO  epoch 17 evaluating [time: 0.13s, valid_score: 0.161300]
Thu 08 Aug 2024 14:01:16 INFO  valid result: 
recall@10 : 0.1242    recall@20 : 0.1935    recall@50 : 0.334    ndcg@10 : 0.1613    ndcg@20 : 0.1748    ndcg@50 : 0.2177    
Thu 08 Aug 2024 14:01:16 INFO  Saving current best: saved/SVD_MI-Aug-08-2024_13-55-37.pth
Thu 08 Aug 2024 14:01:16 INFO  Running E-step ! 
Thu 08 Aug 2024 14:01:53 INFO  epoch 18 training [time: 36.03s, train_loss1: 34.9841, train_loss2: 1.0571]
Thu 08 Aug 2024 14:01:53 INFO  epoch 18 evaluating [time: 0.14s, valid_score: 0.164300]
Thu 08 Aug 2024 14:01:53 INFO  valid result: 
recall@10 : 0.1265    recall@20 : 0.1962    recall@50 : 0.3386    ndcg@10 : 0.1643    ndcg@20 : 0.1778    ndcg@50 : 0.2212    
Thu 08 Aug 2024 14:01:53 INFO  Saving current best: saved/SVD_MI-Aug-08-2024_13-55-37.pth
Thu 08 Aug 2024 14:01:53 INFO  Running E-step ! 
Thu 08 Aug 2024 14:02:05 INFO  epoch 19 training [time: 10.83s, train_loss1: 34.3147, train_loss2: 1.0534]
Thu 08 Aug 2024 14:02:05 INFO  epoch 19 evaluating [time: 0.13s, valid_score: 0.166200]
Thu 08 Aug 2024 14:02:05 INFO  valid result: 
recall@10 : 0.129    recall@20 : 0.1999    recall@50 : 0.3433    ndcg@10 : 0.1662    ndcg@20 : 0.18    ndcg@50 : 0.2239    
Thu 08 Aug 2024 14:02:05 INFO  Saving current best: saved/SVD_MI-Aug-08-2024_13-55-37.pth
Thu 08 Aug 2024 14:02:05 INFO  Running E-step ! 
Thu 08 Aug 2024 14:02:17 INFO  epoch 20 training [time: 11.11s, train_loss1: 33.8747, train_loss2: 1.0494, train_loss3: 0.2713]
Thu 08 Aug 2024 14:02:17 INFO  epoch 20 evaluating [time: 0.12s, valid_score: 0.169200]
Thu 08 Aug 2024 14:02:17 INFO  valid result: 
recall@10 : 0.1315    recall@20 : 0.2044    recall@50 : 0.3476    ndcg@10 : 0.1692    ndcg@20 : 0.1833    ndcg@50 : 0.2272    
Thu 08 Aug 2024 14:02:17 INFO  Saving current best: saved/SVD_MI-Aug-08-2024_13-55-37.pth
Thu 08 Aug 2024 14:02:17 INFO  Running E-step ! 
Thu 08 Aug 2024 14:02:54 INFO  epoch 21 training [time: 36.75s, train_loss1: 33.4538, train_loss2: 1.0454, train_loss3: 0.2663]
Thu 08 Aug 2024 14:02:54 INFO  epoch 21 evaluating [time: 0.14s, valid_score: 0.172300]
Thu 08 Aug 2024 14:02:54 INFO  valid result: 
recall@10 : 0.1336    recall@20 : 0.2081    recall@50 : 0.3521    ndcg@10 : 0.1723    ndcg@20 : 0.1866    ndcg@50 : 0.2307    
Thu 08 Aug 2024 14:02:54 INFO  Saving current best: saved/SVD_MI-Aug-08-2024_13-55-37.pth
Thu 08 Aug 2024 14:02:54 INFO  Running E-step ! 
Thu 08 Aug 2024 14:03:06 INFO  epoch 22 training [time: 11.03s, train_loss1: 33.0220, train_loss2: 1.0415, train_loss3: 0.2619]
Thu 08 Aug 2024 14:03:07 INFO  epoch 22 evaluating [time: 0.23s, valid_score: 0.174400]
Thu 08 Aug 2024 14:03:07 INFO  valid result: 
recall@10 : 0.1358    recall@20 : 0.2113    recall@50 : 0.3566    ndcg@10 : 0.1744    ndcg@20 : 0.1892    ndcg@50 : 0.2338    
Thu 08 Aug 2024 14:03:07 INFO  Saving current best: saved/SVD_MI-Aug-08-2024_13-55-37.pth
Thu 08 Aug 2024 14:03:07 INFO  Running E-step ! 
Thu 08 Aug 2024 14:03:18 INFO  epoch 23 training [time: 11.02s, train_loss1: 32.5316, train_loss2: 1.0374, train_loss3: 0.2579]
Thu 08 Aug 2024 14:03:18 INFO  epoch 23 evaluating [time: 0.13s, valid_score: 0.176900]
Thu 08 Aug 2024 14:03:18 INFO  valid result: 
recall@10 : 0.1376    recall@20 : 0.2145    recall@50 : 0.3617    ndcg@10 : 0.1769    ndcg@20 : 0.192    ndcg@50 : 0.2371    
Thu 08 Aug 2024 14:03:18 INFO  Saving current best: saved/SVD_MI-Aug-08-2024_13-55-37.pth
Thu 08 Aug 2024 14:03:18 INFO  Running E-step ! 
Thu 08 Aug 2024 14:03:55 INFO  epoch 24 training [time: 36.66s, train_loss1: 32.2058, train_loss2: 1.0332, train_loss3: 0.2530]
Thu 08 Aug 2024 14:03:56 INFO  epoch 24 evaluating [time: 0.14s, valid_score: 0.179200]
Thu 08 Aug 2024 14:03:56 INFO  valid result: 
recall@10 : 0.1402    recall@20 : 0.2178    recall@50 : 0.3664    ndcg@10 : 0.1792    ndcg@20 : 0.1945    ndcg@50 : 0.2401    
Thu 08 Aug 2024 14:03:56 INFO  Saving current best: saved/SVD_MI-Aug-08-2024_13-55-37.pth
Thu 08 Aug 2024 14:03:56 INFO  Running E-step ! 
Thu 08 Aug 2024 14:04:07 INFO  epoch 25 training [time: 11.11s, train_loss1: 31.7515, train_loss2: 1.0291, train_loss3: 0.2490]
Thu 08 Aug 2024 14:04:07 INFO  epoch 25 evaluating [time: 0.13s, valid_score: 0.181700]
Thu 08 Aug 2024 14:04:07 INFO  valid result: 
recall@10 : 0.1426    recall@20 : 0.2202    recall@50 : 0.369    ndcg@10 : 0.1817    ndcg@20 : 0.1967    ndcg@50 : 0.2423    
Thu 08 Aug 2024 14:04:07 INFO  Saving current best: saved/SVD_MI-Aug-08-2024_13-55-37.pth
Thu 08 Aug 2024 14:04:07 INFO  Running E-step ! 
Thu 08 Aug 2024 14:04:19 INFO  epoch 26 training [time: 11.12s, train_loss1: 31.4437, train_loss2: 1.0249, train_loss3: 0.2461]
Thu 08 Aug 2024 14:04:19 INFO  epoch 26 evaluating [time: 0.13s, valid_score: 0.183900]
Thu 08 Aug 2024 14:04:19 INFO  valid result: 
recall@10 : 0.1447    recall@20 : 0.2227    recall@50 : 0.3727    ndcg@10 : 0.1839    ndcg@20 : 0.1989    ndcg@50 : 0.2448    
Thu 08 Aug 2024 14:04:19 INFO  Saving current best: saved/SVD_MI-Aug-08-2024_13-55-37.pth
Thu 08 Aug 2024 14:04:19 INFO  Running E-step ! 
Thu 08 Aug 2024 14:04:57 INFO  epoch 27 training [time: 37.70s, train_loss1: 31.1803, train_loss2: 1.0206, train_loss3: 0.2433]
Thu 08 Aug 2024 14:04:57 INFO  epoch 27 evaluating [time: 0.14s, valid_score: 0.185500]
Thu 08 Aug 2024 14:04:57 INFO  valid result: 
recall@10 : 0.1466    recall@20 : 0.225    recall@50 : 0.3757    ndcg@10 : 0.1855    ndcg@20 : 0.2008    ndcg@50 : 0.247    
Thu 08 Aug 2024 14:04:57 INFO  Saving current best: saved/SVD_MI-Aug-08-2024_13-55-37.pth
Thu 08 Aug 2024 14:04:57 INFO  Running E-step ! 
Thu 08 Aug 2024 14:05:09 INFO  epoch 28 training [time: 11.61s, train_loss1: 30.7562, train_loss2: 1.0163, train_loss3: 0.2403]
Thu 08 Aug 2024 14:05:09 INFO  epoch 28 evaluating [time: 0.14s, valid_score: 0.187500]
Thu 08 Aug 2024 14:05:09 INFO  valid result: 
recall@10 : 0.1483    recall@20 : 0.2279    recall@50 : 0.3781    ndcg@10 : 0.1875    ndcg@20 : 0.2029    ndcg@50 : 0.249    
Thu 08 Aug 2024 14:05:09 INFO  Saving current best: saved/SVD_MI-Aug-08-2024_13-55-37.pth
Thu 08 Aug 2024 14:05:09 INFO  Running E-step ! 
Thu 08 Aug 2024 14:05:22 INFO  epoch 29 training [time: 12.13s, train_loss1: 30.4308, train_loss2: 1.0121, train_loss3: 0.2363]
Thu 08 Aug 2024 14:05:22 INFO  epoch 29 evaluating [time: 0.15s, valid_score: 0.189500]
Thu 08 Aug 2024 14:05:22 INFO  valid result: 
recall@10 : 0.1506    recall@20 : 0.2309    recall@50 : 0.3815    ndcg@10 : 0.1895    ndcg@20 : 0.2051    ndcg@50 : 0.2512    
Thu 08 Aug 2024 14:05:22 INFO  Saving current best: saved/SVD_MI-Aug-08-2024_13-55-37.pth
Thu 08 Aug 2024 14:05:22 INFO  Running E-step ! 
Thu 08 Aug 2024 14:05:59 INFO  epoch 30 training [time: 36.24s, train_loss1: 29.9494, train_loss2: 1.0079, train_loss3: 0.2332]
Thu 08 Aug 2024 14:05:59 INFO  epoch 30 evaluating [time: 0.16s, valid_score: 0.190200]
Thu 08 Aug 2024 14:05:59 INFO  valid result: 
recall@10 : 0.1511    recall@20 : 0.232    recall@50 : 0.3833    ndcg@10 : 0.1902    ndcg@20 : 0.2062    ndcg@50 : 0.2527    
Thu 08 Aug 2024 14:05:59 INFO  Saving current best: saved/SVD_MI-Aug-08-2024_13-55-37.pth
Thu 08 Aug 2024 14:05:59 INFO  Running E-step ! 
Thu 08 Aug 2024 14:06:12 INFO  epoch 31 training [time: 12.48s, train_loss1: 29.8409, train_loss2: 1.0038, train_loss3: 0.2311]
Thu 08 Aug 2024 14:06:12 INFO  epoch 31 evaluating [time: 0.15s, valid_score: 0.192100]
Thu 08 Aug 2024 14:06:12 INFO  valid result: 
recall@10 : 0.1526    recall@20 : 0.2339    recall@50 : 0.3865    ndcg@10 : 0.1921    ndcg@20 : 0.2081    ndcg@50 : 0.2549    
Thu 08 Aug 2024 14:06:12 INFO  Saving current best: saved/SVD_MI-Aug-08-2024_13-55-37.pth
Thu 08 Aug 2024 14:06:12 INFO  Running E-step ! 
Thu 08 Aug 2024 14:06:25 INFO  epoch 32 training [time: 12.29s, train_loss1: 29.3981, train_loss2: 0.9994, train_loss3: 0.2294]
Thu 08 Aug 2024 14:06:25 INFO  epoch 32 evaluating [time: 0.15s, valid_score: 0.193400]
Thu 08 Aug 2024 14:06:25 INFO  valid result: 
recall@10 : 0.1537    recall@20 : 0.236    recall@50 : 0.3889    ndcg@10 : 0.1934    ndcg@20 : 0.2096    ndcg@50 : 0.2565    
Thu 08 Aug 2024 14:06:25 INFO  Saving current best: saved/SVD_MI-Aug-08-2024_13-55-37.pth
Thu 08 Aug 2024 14:06:25 INFO  Running E-step ! 
Thu 08 Aug 2024 14:07:01 INFO  epoch 33 training [time: 35.90s, train_loss1: 29.2215, train_loss2: 0.9953, train_loss3: 0.2259]
Thu 08 Aug 2024 14:07:02 INFO  epoch 33 evaluating [time: 0.16s, valid_score: 0.194900]
Thu 08 Aug 2024 14:07:02 INFO  valid result: 
recall@10 : 0.1548    recall@20 : 0.2377    recall@50 : 0.3899    ndcg@10 : 0.1949    ndcg@20 : 0.2113    ndcg@50 : 0.258    
Thu 08 Aug 2024 14:07:02 INFO  Saving current best: saved/SVD_MI-Aug-08-2024_13-55-37.pth
Thu 08 Aug 2024 14:07:02 INFO  Running E-step ! 
Thu 08 Aug 2024 14:07:14 INFO  epoch 34 training [time: 12.30s, train_loss1: 28.8917, train_loss2: 0.9915, train_loss3: 0.2248]
Thu 08 Aug 2024 14:07:15 INFO  epoch 34 evaluating [time: 0.17s, valid_score: 0.196300]
Thu 08 Aug 2024 14:07:15 INFO  valid result: 
recall@10 : 0.1568    recall@20 : 0.2394    recall@50 : 0.3914    ndcg@10 : 0.1963    ndcg@20 : 0.2126    ndcg@50 : 0.2592    
Thu 08 Aug 2024 14:07:15 INFO  Saving current best: saved/SVD_MI-Aug-08-2024_13-55-37.pth
Thu 08 Aug 2024 14:07:15 INFO  Running E-step ! 
Thu 08 Aug 2024 14:07:28 INFO  epoch 35 training [time: 12.97s, train_loss1: 28.8092, train_loss2: 0.9874, train_loss3: 0.2217]
Thu 08 Aug 2024 14:07:28 INFO  epoch 35 evaluating [time: 0.19s, valid_score: 0.197400]
Thu 08 Aug 2024 14:07:28 INFO  valid result: 
recall@10 : 0.1579    recall@20 : 0.2412    recall@50 : 0.3936    ndcg@10 : 0.1974    ndcg@20 : 0.2139    ndcg@50 : 0.2607    
Thu 08 Aug 2024 14:07:28 INFO  Saving current best: saved/SVD_MI-Aug-08-2024_13-55-37.pth
Thu 08 Aug 2024 14:07:28 INFO  Running E-step ! 
Thu 08 Aug 2024 14:08:04 INFO  epoch 36 training [time: 12.95s, train_loss1: 28.5149, train_loss2: 0.9835, train_loss3: 0.2200]
Thu 08 Aug 2024 14:08:04 INFO  epoch 36 evaluating [time: 0.19s, valid_score: 0.198200]
Thu 08 Aug 2024 14:08:04 INFO  valid result: 
recall@10 : 0.1586    recall@20 : 0.2422    recall@50 : 0.3954    ndcg@10 : 0.1982    ndcg@20 : 0.2148    ndcg@50 : 0.2618    
Thu 08 Aug 2024 14:08:04 INFO  Saving current best: saved/SVD_MI-Aug-08-2024_13-55-37.pth
Thu 08 Aug 2024 14:08:04 INFO  Running E-step ! 
Thu 08 Aug 2024 14:08:17 INFO  epoch 37 training [time: 12.64s, train_loss1: 28.3656, train_loss2: 0.9799, train_loss3: 0.2183]
Thu 08 Aug 2024 14:08:18 INFO  epoch 37 evaluating [time: 0.15s, valid_score: 0.199600]
Thu 08 Aug 2024 14:08:18 INFO  valid result: 
recall@10 : 0.1601    recall@20 : 0.2438    recall@50 : 0.3973    ndcg@10 : 0.1996    ndcg@20 : 0.2162    ndcg@50 : 0.2634    
Thu 08 Aug 2024 14:08:18 INFO  Saving current best: saved/SVD_MI-Aug-08-2024_13-55-37.pth
Thu 08 Aug 2024 14:08:18 INFO  Running E-step ! 
Thu 08 Aug 2024 14:08:51 INFO  epoch 38 training [time: 33.19s, train_loss1: 28.1697, train_loss2: 0.9765, train_loss3: 0.2168]
Thu 08 Aug 2024 14:08:51 INFO  epoch 38 evaluating [time: 0.15s, valid_score: 0.200400]
Thu 08 Aug 2024 14:08:51 INFO  valid result: 
recall@10 : 0.1614    recall@20 : 0.2448    recall@50 : 0.3991    ndcg@10 : 0.2004    ndcg@20 : 0.2169    ndcg@50 : 0.2643    
Thu 08 Aug 2024 14:08:51 INFO  Saving current best: saved/SVD_MI-Aug-08-2024_13-55-37.pth
Thu 08 Aug 2024 14:08:51 INFO  Running E-step ! 
Thu 08 Aug 2024 14:09:04 INFO  epoch 39 training [time: 11.99s, train_loss1: 27.9841, train_loss2: 0.9729, train_loss3: 0.2165]
Thu 08 Aug 2024 14:09:04 INFO  epoch 39 evaluating [time: 0.16s, valid_score: 0.201500]
Thu 08 Aug 2024 14:09:04 INFO  valid result: 
recall@10 : 0.1624    recall@20 : 0.2461    recall@50 : 0.4006    ndcg@10 : 0.2015    ndcg@20 : 0.218    ndcg@50 : 0.2656    
Thu 08 Aug 2024 14:09:04 INFO  Saving current best: saved/SVD_MI-Aug-08-2024_13-55-37.pth
Thu 08 Aug 2024 14:09:04 INFO  Running E-step ! 
Thu 08 Aug 2024 14:09:16 INFO  epoch 40 training [time: 11.93s, train_loss1: 27.8002, train_loss2: 0.9694, train_loss3: 0.2150]
Thu 08 Aug 2024 14:09:17 INFO  epoch 40 evaluating [time: 0.26s, valid_score: 0.202500]
Thu 08 Aug 2024 14:09:17 INFO  valid result: 
recall@10 : 0.1632    recall@20 : 0.2472    recall@50 : 0.4016    ndcg@10 : 0.2025    ndcg@20 : 0.2191    ndcg@50 : 0.2666    
Thu 08 Aug 2024 14:09:17 INFO  Saving current best: saved/SVD_MI-Aug-08-2024_13-55-37.pth
Thu 08 Aug 2024 14:09:17 INFO  Running E-step ! 
Thu 08 Aug 2024 14:09:52 INFO  epoch 41 training [time: 34.87s, train_loss1: 27.5898, train_loss2: 0.9663, train_loss3: 0.2133]
Thu 08 Aug 2024 14:09:52 INFO  epoch 41 evaluating [time: 0.15s, valid_score: 0.202800]
Thu 08 Aug 2024 14:09:52 INFO  valid result: 
recall@10 : 0.1637    recall@20 : 0.2481    recall@50 : 0.403    ndcg@10 : 0.2028    ndcg@20 : 0.2196    ndcg@50 : 0.2672    
Thu 08 Aug 2024 14:09:52 INFO  Saving current best: saved/SVD_MI-Aug-08-2024_13-55-37.pth
Thu 08 Aug 2024 14:09:52 INFO  Running E-step ! 
Thu 08 Aug 2024 14:10:06 INFO  epoch 42 training [time: 12.73s, train_loss1: 27.4920, train_loss2: 0.9630, train_loss3: 0.2119]
Thu 08 Aug 2024 14:10:06 INFO  epoch 42 evaluating [time: 0.15s, valid_score: 0.203600]
Thu 08 Aug 2024 14:10:06 INFO  valid result: 
recall@10 : 0.1645    recall@20 : 0.2479    recall@50 : 0.4043    ndcg@10 : 0.2036    ndcg@20 : 0.2199    ndcg@50 : 0.2681    
Thu 08 Aug 2024 14:10:06 INFO  Saving current best: saved/SVD_MI-Aug-08-2024_13-55-37.pth
Thu 08 Aug 2024 14:10:06 INFO  Running E-step ! 
Thu 08 Aug 2024 14:10:20 INFO  epoch 43 training [time: 13.14s, train_loss1: 27.1959, train_loss2: 0.9597, train_loss3: 0.2113]
Thu 08 Aug 2024 14:10:20 INFO  epoch 43 evaluating [time: 0.18s, valid_score: 0.204400]
Thu 08 Aug 2024 14:10:20 INFO  valid result: 
recall@10 : 0.1657    recall@20 : 0.2497    recall@50 : 0.4058    ndcg@10 : 0.2044    ndcg@20 : 0.2208    ndcg@50 : 0.2689    
Thu 08 Aug 2024 14:10:20 INFO  Saving current best: saved/SVD_MI-Aug-08-2024_13-55-37.pth
Thu 08 Aug 2024 14:10:20 INFO  Running E-step ! 
Thu 08 Aug 2024 14:10:54 INFO  epoch 44 training [time: 33.24s, train_loss1: 27.0286, train_loss2: 0.9564, train_loss3: 0.2098]
Thu 08 Aug 2024 14:10:54 INFO  epoch 44 evaluating [time: 0.14s, valid_score: 0.204200]
Thu 08 Aug 2024 14:10:54 INFO  valid result: 
recall@10 : 0.1654    recall@20 : 0.2504    recall@50 : 0.4075    ndcg@10 : 0.2042    ndcg@20 : 0.2211    ndcg@50 : 0.2695    
Thu 08 Aug 2024 14:10:54 INFO  Running E-step ! 
Thu 08 Aug 2024 14:11:06 INFO  epoch 45 training [time: 11.56s, train_loss1: 26.9261, train_loss2: 0.9532, train_loss3: 0.2073]
Thu 08 Aug 2024 14:11:06 INFO  epoch 45 evaluating [time: 0.14s, valid_score: 0.204700]
Thu 08 Aug 2024 14:11:06 INFO  valid result: 
recall@10 : 0.1655    recall@20 : 0.2506    recall@50 : 0.4078    ndcg@10 : 0.2047    ndcg@20 : 0.2215    ndcg@50 : 0.2699    
Thu 08 Aug 2024 14:11:06 INFO  Saving current best: saved/SVD_MI-Aug-08-2024_13-55-37.pth
Thu 08 Aug 2024 14:11:06 INFO  Running E-step ! 
Thu 08 Aug 2024 14:11:19 INFO  epoch 46 training [time: 11.54s, train_loss1: 26.5451, train_loss2: 0.9502, train_loss3: 0.2067]
Thu 08 Aug 2024 14:11:19 INFO  epoch 46 evaluating [time: 0.15s, valid_score: 0.205000]
Thu 08 Aug 2024 14:11:19 INFO  valid result: 
recall@10 : 0.1653    recall@20 : 0.2503    recall@50 : 0.4087    ndcg@10 : 0.205    ndcg@20 : 0.2216    ndcg@50 : 0.2705    
Thu 08 Aug 2024 14:11:19 INFO  Saving current best: saved/SVD_MI-Aug-08-2024_13-55-37.pth
Thu 08 Aug 2024 14:11:19 INFO  Running E-step ! 
Thu 08 Aug 2024 14:11:55 INFO  epoch 47 training [time: 34.23s, train_loss1: 26.7005, train_loss2: 0.9472, train_loss3: 0.2046]
Thu 08 Aug 2024 14:11:55 INFO  epoch 47 evaluating [time: 0.14s, valid_score: 0.205500]
Thu 08 Aug 2024 14:11:55 INFO  valid result: 
recall@10 : 0.1659    recall@20 : 0.251    recall@50 : 0.4107    ndcg@10 : 0.2055    ndcg@20 : 0.2222    ndcg@50 : 0.2713    
Thu 08 Aug 2024 14:11:55 INFO  Saving current best: saved/SVD_MI-Aug-08-2024_13-55-37.pth
Thu 08 Aug 2024 14:11:55 INFO  Running E-step ! 
Thu 08 Aug 2024 14:12:07 INFO  epoch 48 training [time: 11.39s, train_loss1: 26.5300, train_loss2: 0.9439, train_loss3: 0.2040]
Thu 08 Aug 2024 14:12:07 INFO  epoch 48 evaluating [time: 0.14s, valid_score: 0.205700]
Thu 08 Aug 2024 14:12:07 INFO  valid result: 
recall@10 : 0.1659    recall@20 : 0.2516    recall@50 : 0.4111    ndcg@10 : 0.2057    ndcg@20 : 0.2225    ndcg@50 : 0.2717    
Thu 08 Aug 2024 14:12:07 INFO  Saving current best: saved/SVD_MI-Aug-08-2024_13-55-37.pth
Thu 08 Aug 2024 14:12:07 INFO  Running E-step ! 
Thu 08 Aug 2024 14:12:20 INFO  epoch 49 training [time: 11.46s, train_loss1: 26.3447, train_loss2: 0.9413, train_loss3: 0.2036]
Thu 08 Aug 2024 14:12:20 INFO  epoch 49 evaluating [time: 0.13s, valid_score: 0.206000]
Thu 08 Aug 2024 14:12:20 INFO  valid result: 
recall@10 : 0.1663    recall@20 : 0.2513    recall@50 : 0.4116    ndcg@10 : 0.206    ndcg@20 : 0.2227    ndcg@50 : 0.2721    
Thu 08 Aug 2024 14:12:20 INFO  Saving current best: saved/SVD_MI-Aug-08-2024_13-55-37.pth
Thu 08 Aug 2024 14:12:20 INFO  Running E-step ! 
Thu 08 Aug 2024 14:12:57 INFO  epoch 50 training [time: 35.85s, train_loss1: 26.2333, train_loss2: 0.9387, train_loss3: 0.2019]
Thu 08 Aug 2024 14:12:57 INFO  epoch 50 evaluating [time: 0.15s, valid_score: 0.206100]
Thu 08 Aug 2024 14:12:57 INFO  valid result: 
recall@10 : 0.1666    recall@20 : 0.253    recall@50 : 0.4123    ndcg@10 : 0.2061    ndcg@20 : 0.2233    ndcg@50 : 0.2724    
Thu 08 Aug 2024 14:12:57 INFO  Saving current best: saved/SVD_MI-Aug-08-2024_13-55-37.pth
Thu 08 Aug 2024 14:12:57 INFO  Running E-step ! 
Thu 08 Aug 2024 14:13:09 INFO  epoch 51 training [time: 12.06s, train_loss1: 26.0757, train_loss2: 0.9360, train_loss3: 0.2018]
Thu 08 Aug 2024 14:13:09 INFO  epoch 51 evaluating [time: 0.14s, valid_score: 0.206700]
Thu 08 Aug 2024 14:13:09 INFO  valid result: 
recall@10 : 0.1674    recall@20 : 0.2535    recall@50 : 0.4131    ndcg@10 : 0.2067    ndcg@20 : 0.2238    ndcg@50 : 0.273    
Thu 08 Aug 2024 14:13:09 INFO  Saving current best: saved/SVD_MI-Aug-08-2024_13-55-37.pth
Thu 08 Aug 2024 14:13:09 INFO  Running E-step ! 
Thu 08 Aug 2024 14:13:22 INFO  epoch 52 training [time: 11.81s, train_loss1: 25.9945, train_loss2: 0.9330, train_loss3: 0.2002]
Thu 08 Aug 2024 14:13:22 INFO  epoch 52 evaluating [time: 0.14s, valid_score: 0.206800]
Thu 08 Aug 2024 14:13:22 INFO  valid result: 
recall@10 : 0.1667    recall@20 : 0.2535    recall@50 : 0.4134    ndcg@10 : 0.2068    ndcg@20 : 0.224    ndcg@50 : 0.2733    
Thu 08 Aug 2024 14:13:22 INFO  Saving current best: saved/SVD_MI-Aug-08-2024_13-55-37.pth
Thu 08 Aug 2024 14:13:22 INFO  Running E-step ! 
Thu 08 Aug 2024 14:13:59 INFO  epoch 53 training [time: 36.23s, train_loss1: 25.7287, train_loss2: 0.9304, train_loss3: 0.1995]
Thu 08 Aug 2024 14:13:59 INFO  epoch 53 evaluating [time: 0.16s, valid_score: 0.207400]
Thu 08 Aug 2024 14:13:59 INFO  valid result: 
recall@10 : 0.1674    recall@20 : 0.2536    recall@50 : 0.4142    ndcg@10 : 0.2074    ndcg@20 : 0.2243    ndcg@50 : 0.2737    
Thu 08 Aug 2024 14:13:59 INFO  Saving current best: saved/SVD_MI-Aug-08-2024_13-55-37.pth
Thu 08 Aug 2024 14:13:59 INFO  Running E-step ! 
Thu 08 Aug 2024 14:14:12 INFO  epoch 54 training [time: 11.90s, train_loss1: 25.6899, train_loss2: 0.9279, train_loss3: 0.1989]
Thu 08 Aug 2024 14:14:12 INFO  epoch 54 evaluating [time: 0.15s, valid_score: 0.207800]
Thu 08 Aug 2024 14:14:12 INFO  valid result: 
recall@10 : 0.1675    recall@20 : 0.2543    recall@50 : 0.4154    ndcg@10 : 0.2078    ndcg@20 : 0.2248    ndcg@50 : 0.2746    
Thu 08 Aug 2024 14:14:12 INFO  Saving current best: saved/SVD_MI-Aug-08-2024_13-55-37.pth
Thu 08 Aug 2024 14:14:12 INFO  Running E-step ! 
Thu 08 Aug 2024 14:14:24 INFO  epoch 55 training [time: 11.53s, train_loss1: 25.6880, train_loss2: 0.9254, train_loss3: 0.1980]
Thu 08 Aug 2024 14:14:24 INFO  epoch 55 evaluating [time: 0.15s, valid_score: 0.207700]
Thu 08 Aug 2024 14:14:24 INFO  valid result: 
recall@10 : 0.1679    recall@20 : 0.2551    recall@50 : 0.4156    ndcg@10 : 0.2077    ndcg@20 : 0.225    ndcg@50 : 0.2746    
Thu 08 Aug 2024 14:14:24 INFO  Running E-step ! 
Thu 08 Aug 2024 14:15:00 INFO  epoch 56 training [time: 35.24s, train_loss1: 25.4953, train_loss2: 0.9227, train_loss3: 0.1966]
Thu 08 Aug 2024 14:15:00 INFO  epoch 56 evaluating [time: 0.14s, valid_score: 0.207800]
Thu 08 Aug 2024 14:15:00 INFO  valid result: 
recall@10 : 0.1677    recall@20 : 0.2561    recall@50 : 0.4168    ndcg@10 : 0.2078    ndcg@20 : 0.2258    ndcg@50 : 0.2752    
Thu 08 Aug 2024 14:15:00 INFO  Running E-step ! 
Thu 08 Aug 2024 14:15:13 INFO  epoch 57 training [time: 11.33s, train_loss1: 25.3228, train_loss2: 0.9202, train_loss3: 0.1969]
Thu 08 Aug 2024 14:15:13 INFO  epoch 57 evaluating [time: 0.13s, valid_score: 0.208200]
Thu 08 Aug 2024 14:15:13 INFO  valid result: 
recall@10 : 0.1683    recall@20 : 0.2563    recall@50 : 0.417    ndcg@10 : 0.2082    ndcg@20 : 0.2259    ndcg@50 : 0.2754    
Thu 08 Aug 2024 14:15:13 INFO  Saving current best: saved/SVD_MI-Aug-08-2024_13-55-37.pth
Thu 08 Aug 2024 14:15:13 INFO  Running E-step ! 
Thu 08 Aug 2024 14:15:25 INFO  epoch 58 training [time: 11.27s, train_loss1: 25.2227, train_loss2: 0.9179, train_loss3: 0.1959]
Thu 08 Aug 2024 14:15:25 INFO  epoch 58 evaluating [time: 0.14s, valid_score: 0.208100]
Thu 08 Aug 2024 14:15:25 INFO  valid result: 
recall@10 : 0.1677    recall@20 : 0.257    recall@50 : 0.4169    ndcg@10 : 0.2081    ndcg@20 : 0.2264    ndcg@50 : 0.2756    
Thu 08 Aug 2024 14:15:25 INFO  Running E-step ! 
Thu 08 Aug 2024 14:16:01 INFO  epoch 59 training [time: 34.08s, train_loss1: 25.2349, train_loss2: 0.9155, train_loss3: 0.1944]
Thu 08 Aug 2024 14:16:02 INFO  epoch 59 evaluating [time: 0.24s, valid_score: 0.208300]
Thu 08 Aug 2024 14:16:02 INFO  valid result: 
recall@10 : 0.1679    recall@20 : 0.2569    recall@50 : 0.4173    ndcg@10 : 0.2083    ndcg@20 : 0.2265    ndcg@50 : 0.2759    
Thu 08 Aug 2024 14:16:02 INFO  Saving current best: saved/SVD_MI-Aug-08-2024_13-55-37.pth
Thu 08 Aug 2024 14:16:02 INFO  Running E-step ! 
Thu 08 Aug 2024 14:16:14 INFO  epoch 60 training [time: 11.31s, train_loss1: 25.2395, train_loss2: 0.9130, train_loss3: 0.1941]
Thu 08 Aug 2024 14:16:14 INFO  epoch 60 evaluating [time: 0.14s, valid_score: 0.208400]
Thu 08 Aug 2024 14:16:14 INFO  valid result: 
recall@10 : 0.1682    recall@20 : 0.2572    recall@50 : 0.4185    ndcg@10 : 0.2084    ndcg@20 : 0.2267    ndcg@50 : 0.2763    
Thu 08 Aug 2024 14:16:14 INFO  Saving current best: saved/SVD_MI-Aug-08-2024_13-55-37.pth
Thu 08 Aug 2024 14:16:14 INFO  Running E-step ! 
Thu 08 Aug 2024 14:16:26 INFO  epoch 61 training [time: 11.46s, train_loss1: 24.9795, train_loss2: 0.9110, train_loss3: 0.1939]
Thu 08 Aug 2024 14:16:51 INFO  epoch 61 evaluating [time: 24.64s, valid_score: 0.208100]
Thu 08 Aug 2024 14:16:51 INFO  valid result: 
recall@10 : 0.1681    recall@20 : 0.2574    recall@50 : 0.4186    ndcg@10 : 0.2081    ndcg@20 : 0.2265    ndcg@50 : 0.2762    
Thu 08 Aug 2024 14:16:51 INFO  Running E-step ! 
Thu 08 Aug 2024 14:17:03 INFO  epoch 62 training [time: 11.34s, train_loss1: 24.8014, train_loss2: 0.9088, train_loss3: 0.1926]
Thu 08 Aug 2024 14:17:03 INFO  epoch 62 evaluating [time: 0.13s, valid_score: 0.208200]
Thu 08 Aug 2024 14:17:03 INFO  valid result: 
recall@10 : 0.1684    recall@20 : 0.2574    recall@50 : 0.4183    ndcg@10 : 0.2082    ndcg@20 : 0.2266    ndcg@50 : 0.2762    
Thu 08 Aug 2024 14:17:03 INFO  Running E-step ! 
Thu 08 Aug 2024 14:17:15 INFO  epoch 63 training [time: 11.27s, train_loss1: 24.8943, train_loss2: 0.9066, train_loss3: 0.1925]
Thu 08 Aug 2024 14:17:15 INFO  epoch 63 evaluating [time: 0.13s, valid_score: 0.208400]
Thu 08 Aug 2024 14:17:15 INFO  valid result: 
recall@10 : 0.168    recall@20 : 0.2581    recall@50 : 0.4189    ndcg@10 : 0.2084    ndcg@20 : 0.2269    ndcg@50 : 0.2764    
Thu 08 Aug 2024 14:17:15 INFO  Running E-step ! 
Thu 08 Aug 2024 14:17:52 INFO  epoch 64 training [time: 35.51s, train_loss1: 24.9558, train_loss2: 0.9045, train_loss3: 0.1918]
Thu 08 Aug 2024 14:17:52 INFO  epoch 64 evaluating [time: 0.15s, valid_score: 0.208600]
Thu 08 Aug 2024 14:17:52 INFO  valid result: 
recall@10 : 0.1682    recall@20 : 0.2583    recall@50 : 0.4188    ndcg@10 : 0.2086    ndcg@20 : 0.2269    ndcg@50 : 0.2764    
Thu 08 Aug 2024 14:17:52 INFO  Saving current best: saved/SVD_MI-Aug-08-2024_13-55-37.pth
Thu 08 Aug 2024 14:17:52 INFO  Running E-step ! 
Thu 08 Aug 2024 14:18:04 INFO  epoch 65 training [time: 11.39s, train_loss1: 24.6759, train_loss2: 0.9025, train_loss3: 0.1913]
Thu 08 Aug 2024 14:18:04 INFO  epoch 65 evaluating [time: 0.14s, valid_score: 0.208200]
Thu 08 Aug 2024 14:18:04 INFO  valid result: 
recall@10 : 0.168    recall@20 : 0.2586    recall@50 : 0.4187    ndcg@10 : 0.2082    ndcg@20 : 0.2268    ndcg@50 : 0.2762    
Thu 08 Aug 2024 14:18:04 INFO  Running E-step ! 
Thu 08 Aug 2024 14:18:17 INFO  epoch 66 training [time: 11.39s, train_loss1: 24.4511, train_loss2: 0.9005, train_loss3: 0.1906]
Thu 08 Aug 2024 14:18:17 INFO  epoch 66 evaluating [time: 0.13s, valid_score: 0.208600]
Thu 08 Aug 2024 14:18:17 INFO  valid result: 
recall@10 : 0.1682    recall@20 : 0.2582    recall@50 : 0.4198    ndcg@10 : 0.2086    ndcg@20 : 0.227    ndcg@50 : 0.2767    
Thu 08 Aug 2024 14:18:17 INFO  Running E-step ! 
Thu 08 Aug 2024 14:18:52 INFO  epoch 67 training [time: 34.54s, train_loss1: 24.5582, train_loss2: 0.8986, train_loss3: 0.1897]
Thu 08 Aug 2024 14:18:53 INFO  epoch 67 evaluating [time: 0.13s, valid_score: 0.208700]
Thu 08 Aug 2024 14:18:53 INFO  valid result: 
recall@10 : 0.1687    recall@20 : 0.2587    recall@50 : 0.4191    ndcg@10 : 0.2087    ndcg@20 : 0.2271    ndcg@50 : 0.2766    
Thu 08 Aug 2024 14:18:53 INFO  Saving current best: saved/SVD_MI-Aug-08-2024_13-55-37.pth
Thu 08 Aug 2024 14:18:53 INFO  Running E-step ! 
Thu 08 Aug 2024 14:19:05 INFO  epoch 68 training [time: 11.32s, train_loss1: 24.4486, train_loss2: 0.8966, train_loss3: 0.1898]
Thu 08 Aug 2024 14:19:05 INFO  epoch 68 evaluating [time: 0.14s, valid_score: 0.208400]
Thu 08 Aug 2024 14:19:05 INFO  valid result: 
recall@10 : 0.1681    recall@20 : 0.2593    recall@50 : 0.4203    ndcg@10 : 0.2084    ndcg@20 : 0.2273    ndcg@50 : 0.2769    
Thu 08 Aug 2024 14:19:05 INFO  Running E-step ! 
Thu 08 Aug 2024 14:19:17 INFO  epoch 69 training [time: 11.38s, train_loss1: 24.2103, train_loss2: 0.8949, train_loss3: 0.1889]
Thu 08 Aug 2024 14:19:17 INFO  epoch 69 evaluating [time: 0.12s, valid_score: 0.208600]
Thu 08 Aug 2024 14:19:17 INFO  valid result: 
recall@10 : 0.1684    recall@20 : 0.2591    recall@50 : 0.4203    ndcg@10 : 0.2086    ndcg@20 : 0.2273    ndcg@50 : 0.277    
Thu 08 Aug 2024 14:19:17 INFO  Running E-step ! 
Thu 08 Aug 2024 14:19:54 INFO  epoch 70 training [time: 36.06s, train_loss1: 24.3101, train_loss2: 0.8929, train_loss3: 0.1883]
Thu 08 Aug 2024 14:19:54 INFO  epoch 70 evaluating [time: 0.15s, valid_score: 0.208600]
Thu 08 Aug 2024 14:19:54 INFO  valid result: 
recall@10 : 0.169    recall@20 : 0.2594    recall@50 : 0.421    ndcg@10 : 0.2086    ndcg@20 : 0.2272    ndcg@50 : 0.277    
Thu 08 Aug 2024 14:19:54 INFO  Running E-step ! 
Thu 08 Aug 2024 14:20:07 INFO  epoch 71 training [time: 11.48s, train_loss1: 24.1430, train_loss2: 0.8911, train_loss3: 0.1873]
Thu 08 Aug 2024 14:20:07 INFO  epoch 71 evaluating [time: 0.14s, valid_score: 0.209100]
Thu 08 Aug 2024 14:20:07 INFO  valid result: 
recall@10 : 0.1694    recall@20 : 0.259    recall@50 : 0.4208    ndcg@10 : 0.2091    ndcg@20 : 0.2272    ndcg@50 : 0.2772    
Thu 08 Aug 2024 14:20:07 INFO  Saving current best: saved/SVD_MI-Aug-08-2024_13-55-37.pth
Thu 08 Aug 2024 14:20:07 INFO  Running E-step ! 
Thu 08 Aug 2024 14:20:19 INFO  epoch 72 training [time: 11.56s, train_loss1: 24.2221, train_loss2: 0.8892, train_loss3: 0.1871]
Thu 08 Aug 2024 14:20:19 INFO  epoch 72 evaluating [time: 0.13s, valid_score: 0.209000]
Thu 08 Aug 2024 14:20:19 INFO  valid result: 
recall@10 : 0.1696    recall@20 : 0.2594    recall@50 : 0.4208    ndcg@10 : 0.209    ndcg@20 : 0.2273    ndcg@50 : 0.2772    
Thu 08 Aug 2024 14:20:19 INFO  Running E-step ! 
Thu 08 Aug 2024 14:20:55 INFO  epoch 73 training [time: 34.61s, train_loss1: 24.0612, train_loss2: 0.8872, train_loss3: 0.1861]
Thu 08 Aug 2024 14:20:55 INFO  epoch 73 evaluating [time: 0.15s, valid_score: 0.209200]
Thu 08 Aug 2024 14:20:55 INFO  valid result: 
recall@10 : 0.1699    recall@20 : 0.2595    recall@50 : 0.4207    ndcg@10 : 0.2092    ndcg@20 : 0.2275    ndcg@50 : 0.2772    
Thu 08 Aug 2024 14:20:55 INFO  Saving current best: saved/SVD_MI-Aug-08-2024_13-55-37.pth
Thu 08 Aug 2024 14:20:55 INFO  Running E-step ! 
Thu 08 Aug 2024 14:21:07 INFO  epoch 74 training [time: 11.50s, train_loss1: 24.0455, train_loss2: 0.8857, train_loss3: 0.1855]
Thu 08 Aug 2024 14:21:07 INFO  epoch 74 evaluating [time: 0.13s, valid_score: 0.208900]
Thu 08 Aug 2024 14:21:07 INFO  valid result: 
recall@10 : 0.1692    recall@20 : 0.2604    recall@50 : 0.422    ndcg@10 : 0.2089    ndcg@20 : 0.2278    ndcg@50 : 0.2776    
Thu 08 Aug 2024 14:21:07 INFO  Running E-step ! 
Thu 08 Aug 2024 14:21:20 INFO  epoch 75 training [time: 11.36s, train_loss1: 23.8805, train_loss2: 0.8842, train_loss3: 0.1850]
Thu 08 Aug 2024 14:21:20 INFO  epoch 75 evaluating [time: 0.13s, valid_score: 0.208700]
Thu 08 Aug 2024 14:21:20 INFO  valid result: 
recall@10 : 0.1692    recall@20 : 0.2601    recall@50 : 0.4222    ndcg@10 : 0.2087    ndcg@20 : 0.2274    ndcg@50 : 0.2774    
Thu 08 Aug 2024 14:21:20 INFO  Running E-step ! 
Thu 08 Aug 2024 14:21:56 INFO  epoch 76 training [time: 36.09s, train_loss1: 23.7940, train_loss2: 0.8821, train_loss3: 0.1856]
Thu 08 Aug 2024 14:21:56 INFO  epoch 76 evaluating [time: 0.13s, valid_score: 0.208800]
Thu 08 Aug 2024 14:21:56 INFO  valid result: 
recall@10 : 0.1694    recall@20 : 0.26    recall@50 : 0.4221    ndcg@10 : 0.2088    ndcg@20 : 0.2274    ndcg@50 : 0.2774    
Thu 08 Aug 2024 14:21:56 INFO  Running E-step ! 
Thu 08 Aug 2024 14:22:08 INFO  epoch 77 training [time: 11.23s, train_loss1: 23.7160, train_loss2: 0.8804, train_loss3: 0.1845]
Thu 08 Aug 2024 14:22:08 INFO  epoch 77 evaluating [time: 0.25s, valid_score: 0.208900]
Thu 08 Aug 2024 14:22:08 INFO  valid result: 
recall@10 : 0.1697    recall@20 : 0.2595    recall@50 : 0.4225    ndcg@10 : 0.2089    ndcg@20 : 0.2273    ndcg@50 : 0.2775    
Thu 08 Aug 2024 14:22:08 INFO  Running E-step ! 
Thu 08 Aug 2024 14:22:20 INFO  epoch 78 training [time: 11.30s, train_loss1: 23.6584, train_loss2: 0.8788, train_loss3: 0.1847]
Thu 08 Aug 2024 14:22:20 INFO  epoch 78 evaluating [time: 0.13s, valid_score: 0.208700]
Thu 08 Aug 2024 14:22:20 INFO  valid result: 
recall@10 : 0.17    recall@20 : 0.2597    recall@50 : 0.423    ndcg@10 : 0.2087    ndcg@20 : 0.2272    ndcg@50 : 0.2775    
Thu 08 Aug 2024 14:22:20 INFO  Running E-step ! 
Thu 08 Aug 2024 14:22:58 INFO  epoch 79 training [time: 36.17s, train_loss1: 23.7199, train_loss2: 0.8770, train_loss3: 0.1848]
Thu 08 Aug 2024 14:22:58 INFO  epoch 79 evaluating [time: 0.14s, valid_score: 0.208600]
Thu 08 Aug 2024 14:22:58 INFO  valid result: 
recall@10 : 0.1692    recall@20 : 0.2598    recall@50 : 0.4231    ndcg@10 : 0.2086    ndcg@20 : 0.2273    ndcg@50 : 0.2776    
Thu 08 Aug 2024 14:22:58 INFO  Running E-step ! 
Thu 08 Aug 2024 14:23:10 INFO  epoch 80 training [time: 11.33s, train_loss1: 23.5369, train_loss2: 0.8752, train_loss3: 0.1841]
Thu 08 Aug 2024 14:23:10 INFO  epoch 80 evaluating [time: 0.13s, valid_score: 0.208700]
Thu 08 Aug 2024 14:23:10 INFO  valid result: 
recall@10 : 0.1689    recall@20 : 0.2606    recall@50 : 0.4233    ndcg@10 : 0.2087    ndcg@20 : 0.2278    ndcg@50 : 0.2779    
Thu 08 Aug 2024 14:23:10 INFO  Running E-step ! 
Thu 08 Aug 2024 14:23:22 INFO  epoch 81 training [time: 11.25s, train_loss1: 23.3919, train_loss2: 0.8736, train_loss3: 0.1826]
Thu 08 Aug 2024 14:23:22 INFO  epoch 81 evaluating [time: 0.14s, valid_score: 0.208700]
Thu 08 Aug 2024 14:23:22 INFO  valid result: 
recall@10 : 0.1687    recall@20 : 0.2599    recall@50 : 0.4232    ndcg@10 : 0.2087    ndcg@20 : 0.2274    ndcg@50 : 0.2779    
Thu 08 Aug 2024 14:23:22 INFO  Running E-step ! 
Thu 08 Aug 2024 14:23:59 INFO  epoch 82 training [time: 37.00s, train_loss1: 23.4172, train_loss2: 0.8722, train_loss3: 0.1834]
Thu 08 Aug 2024 14:24:00 INFO  epoch 82 evaluating [time: 0.14s, valid_score: 0.209100]
Thu 08 Aug 2024 14:24:00 INFO  valid result: 
recall@10 : 0.1697    recall@20 : 0.2605    recall@50 : 0.4234    ndcg@10 : 0.2091    ndcg@20 : 0.2278    ndcg@50 : 0.2781    
Thu 08 Aug 2024 14:24:00 INFO  Running E-step ! 
Thu 08 Aug 2024 14:24:12 INFO  epoch 83 training [time: 11.22s, train_loss1: 23.3223, train_loss2: 0.8707, train_loss3: 0.1825]
Thu 08 Aug 2024 14:24:12 INFO  epoch 83 evaluating [time: 0.14s, valid_score: 0.208800]
Thu 08 Aug 2024 14:24:12 INFO  valid result: 
recall@10 : 0.169    recall@20 : 0.2607    recall@50 : 0.4243    ndcg@10 : 0.2088    ndcg@20 : 0.2278    ndcg@50 : 0.2784    
Thu 08 Aug 2024 14:24:12 INFO  Running E-step ! 
Thu 08 Aug 2024 14:24:24 INFO  epoch 84 training [time: 11.30s, train_loss1: 23.2790, train_loss2: 0.8691, train_loss3: 0.1825]
Thu 08 Aug 2024 14:24:24 INFO  epoch 84 evaluating [time: 0.14s, valid_score: 0.208800]
Thu 08 Aug 2024 14:24:24 INFO  valid result: 
recall@10 : 0.1689    recall@20 : 0.2609    recall@50 : 0.4242    ndcg@10 : 0.2088    ndcg@20 : 0.2278    ndcg@50 : 0.2783    
Thu 08 Aug 2024 14:24:24 INFO  Finished training, best eval result in epoch 73
Thu 08 Aug 2024 14:24:24 INFO  Loading model structure and parameters from saved/SVD_MI-Aug-08-2024_13-55-37.pth
Thu 08 Aug 2024 14:24:24 INFO  best valid : {'recall@10': 0.46990000000000015, 'recall@20': 0.5595000000000002, 'recall@50': 0.7207000000000002, 'ndcg@10': 0.5092000000000002, 'ndcg@20': 0.5275000000000002, 'ndcg@50': 0.5772000000000003}
Thu 08 Aug 2024 14:24:24 INFO  test result: {'recall@10': 0.2168, 'recall@20': 0.3105, 'recall@50': 0.4751, 'ndcg@10': 0.28490000000000004, 'ndcg@20': 0.29510000000000003, 'ndcg@50': 0.3402}
