Thu 08 Aug 2024 12:36:30 INFO  
General Hyper Parameters:
gpu_id = 6
use_gpu = True
seed = 2020
state = INFO
reproducibility = True
data_path = dataset/ml-1m
show_progress = True
save_dataset = False
save_dataloaders = False
benchmark_filename = None

Training Hyper Parameters:
checkpoint_dir = saved
epochs = 300
train_batch_size = 4096
learner = adam
learning_rate = 0.001
eval_step = 1
stopping_step = 10
clip_grad_norm = None
weight_decay = 0.0
loss_decimal_place = 4

Evaluation Hyper Parameters:
eval_args = {'split': {'RS': [0.8, 0.1, 0.1]}, 'group_by': 'user', 'order': 'RO', 'mode': 'full'}
metrics = ['Recall', 'NDCG']
topk = [10, 20, 50]
valid_metric = NDCG@10
valid_metric_bigger = True
eval_batch_size = 4096000
metric_decimal_place = 4

Dataset Hyper Parameters:
field_separator = 	
seq_separator =  
USER_ID_FIELD = user_id
ITEM_ID_FIELD = item_id
RATING_FIELD = rating
TIME_FIELD = timestamp
seq_len = None
LABEL_FIELD = label
threshold = None
NEG_PREFIX = neg_
load_col = {'inter': ['user_id', 'item_id', 'rating'], 'item': ['item_id', 'movie_title']}
unload_col = None
unused_col = None
additional_feat_suffix = None
rm_dup_inter = None
val_interval = {'rating': '[3,inf)'}
filter_inter_by_user_or_item = True
user_inter_num_interval = [0,inf)
item_inter_num_interval = [0,inf)
alias_of_user_id = None
alias_of_item_id = None
alias_of_entity_id = None
alias_of_relation_id = None
preload_weight = None
normalize_field = None
normalize_all = None
ITEM_LIST_LENGTH_FIELD = item_length
LIST_SUFFIX = _list
MAX_ITEM_LIST_LENGTH = 50
POSITION_FIELD = position_id
HEAD_ENTITY_ID_FIELD = head_id
TAIL_ENTITY_ID_FIELD = tail_id
RELATION_ID_FIELD = relation_id
ENTITY_ID_FIELD = entity_id

Other Hyper Parameters: 
neg_sampling = {'uniform': 1}
repeatable = False
MODEL_TYPE = ModelType.GENERAL
eval_setting = {'split': {'RS': [0.8, 0.1, 0.1]}, 'order': 'RO', 'group_by': 'user', 'mode': 'full'}
embedding_size = 64
n_layers = 3
reg_weight = 0.0001
ssl_temp = 0.1
ssl_reg = 1e-07
hyper_layers = 1
alpha = 1
proto_reg = 8e-08
num_clusters = 1000
m_step = 1
warm_up_step = 20
MODEL_INPUT_TYPE = InputType.PAIRWISE
eval_type = EvaluatorType.RANKING
device = cuda
train_neg_sample_args = {'strategy': 'by', 'by': 1, 'distribution': 'uniform'}
eval_neg_sample_args = {'strategy': 'full', 'distribution': 'uniform'}
svd = True
mi = 5


Thu 08 Aug 2024 12:36:31 INFO  ml-1m
The number of users: 6040
Average actions of users: 138.51266766020865
The number of items: 3884
Average actions of items: 230.56174200661522
The number of inters: 836478
The sparsity of the dataset: 96.43435285532085%
Remain Fields: ['user_id', 'item_id', 'rating', 'movie_title']
Thu 08 Aug 2024 12:36:32 INFO  [Training]: train_batch_size = [4096] negative sampling: [{'uniform': 1}]
Thu 08 Aug 2024 12:36:32 INFO  [Evaluation]: eval_batch_size = [4096000] eval_args: [{'split': {'RS': [0.8, 0.1, 0.1]}, 'group_by': 'user', 'order': 'RO', 'mode': 'full'}]
Thu 08 Aug 2024 12:37:18 INFO  SVD_MI(
  (mf_loss): BPRLoss()
  (reg_loss): EmbLoss()
  (user_embedding): Embedding(6040, 64)
  (item_embedding): Embedding(3884, 64)
  (content_linear): ModuleList(
    (0): Linear(in_features=768, out_features=64, bias=True)
    (1): Linear(in_features=768, out_features=64, bias=True)
    (2): Linear(in_features=768, out_features=64, bias=True)
    (3): Linear(in_features=768, out_features=64, bias=True)
    (4): Linear(in_features=768, out_features=64, bias=True)
  )
)
Trainable parameters: 881216
Thu 08 Aug 2024 12:37:18 INFO  Running E-step ! 
Thu 08 Aug 2024 12:37:38 INFO  epoch 0 training [time: 16.94s, train_loss1: 114.2649, train_loss2: 0.2578]
Thu 08 Aug 2024 12:37:38 INFO  epoch 0 evaluating [time: 0.22s, valid_score: 0.088000]
Thu 08 Aug 2024 12:37:38 INFO  valid result: 
recall@10 : 0.0735    recall@20 : 0.1278    recall@50 : 0.2387    ndcg@10 : 0.088    ndcg@20 : 0.1015    ndcg@50 : 0.1366    
Thu 08 Aug 2024 12:37:38 INFO  Saving current best: saved/SVD_MI-Aug-08-2024_12-37-18.pth
Thu 08 Aug 2024 12:37:38 INFO  Running E-step ! 
Thu 08 Aug 2024 12:37:53 INFO  epoch 1 training [time: 15.01s, train_loss1: 113.9539, train_loss2: 0.2088]
Thu 08 Aug 2024 12:37:53 INFO  epoch 1 evaluating [time: 0.16s, valid_score: 0.137100]
Thu 08 Aug 2024 12:37:53 INFO  valid result: 
recall@10 : 0.1094    recall@20 : 0.1767    recall@50 : 0.303    ndcg@10 : 0.1371    ndcg@20 : 0.1509    ndcg@50 : 0.1904    
Thu 08 Aug 2024 12:37:53 INFO  Saving current best: saved/SVD_MI-Aug-08-2024_12-37-18.pth
Thu 08 Aug 2024 12:37:53 INFO  Running E-step ! 
Thu 08 Aug 2024 12:38:08 INFO  epoch 2 training [time: 14.11s, train_loss1: 90.6258, train_loss2: 0.8118]
Thu 08 Aug 2024 12:38:08 INFO  epoch 2 evaluating [time: 0.18s, valid_score: 0.104800]
Thu 08 Aug 2024 12:38:08 INFO  valid result: 
recall@10 : 0.0783    recall@20 : 0.1299    recall@50 : 0.225    ndcg@10 : 0.1048    ndcg@20 : 0.1146    ndcg@50 : 0.1431    
Thu 08 Aug 2024 12:38:08 INFO  Running E-step ! 
Thu 08 Aug 2024 12:38:26 INFO  epoch 3 training [time: 17.56s, train_loss1: 53.9027, train_loss2: 1.0829]
Thu 08 Aug 2024 12:38:26 INFO  epoch 3 evaluating [time: 0.16s, valid_score: 0.105100]
Thu 08 Aug 2024 12:38:26 INFO  valid result: 
recall@10 : 0.0784    recall@20 : 0.1304    recall@50 : 0.226    ndcg@10 : 0.1051    ndcg@20 : 0.1151    ndcg@50 : 0.1437    
Thu 08 Aug 2024 12:38:26 INFO  Running E-step ! 
Thu 08 Aug 2024 12:38:41 INFO  epoch 4 training [time: 14.43s, train_loss1: 51.8406, train_loss2: 1.0846]
Thu 08 Aug 2024 12:38:42 INFO  epoch 4 evaluating [time: 0.28s, valid_score: 0.107400]
Thu 08 Aug 2024 12:38:42 INFO  valid result: 
recall@10 : 0.0806    recall@20 : 0.1326    recall@50 : 0.2324    ndcg@10 : 0.1074    ndcg@20 : 0.1173    ndcg@50 : 0.1471    
Thu 08 Aug 2024 12:38:42 INFO  Running E-step ! 
Thu 08 Aug 2024 12:39:06 INFO  epoch 5 training [time: 23.42s, train_loss1: 50.0413, train_loss2: 1.0831]
Thu 08 Aug 2024 12:39:06 INFO  epoch 5 evaluating [time: 0.18s, valid_score: 0.111000]
Thu 08 Aug 2024 12:39:06 INFO  valid result: 
recall@10 : 0.084    recall@20 : 0.1367    recall@50 : 0.2431    ndcg@10 : 0.111    ndcg@20 : 0.121    ndcg@50 : 0.1529    
Thu 08 Aug 2024 12:39:06 INFO  Running E-step ! 
Thu 08 Aug 2024 12:39:31 INFO  epoch 6 training [time: 24.25s, train_loss1: 47.9420, train_loss2: 1.0801]
Thu 08 Aug 2024 12:39:31 INFO  epoch 6 evaluating [time: 0.16s, valid_score: 0.116700]
Thu 08 Aug 2024 12:39:31 INFO  valid result: 
recall@10 : 0.0881    recall@20 : 0.1417    recall@50 : 0.2541    ndcg@10 : 0.1167    ndcg@20 : 0.1264    ndcg@50 : 0.1604    
Thu 08 Aug 2024 12:39:31 INFO  Running E-step ! 
Thu 08 Aug 2024 12:39:51 INFO  epoch 7 training [time: 19.83s, train_loss1: 45.7832, train_loss2: 1.0768]
Thu 08 Aug 2024 12:39:51 INFO  epoch 7 evaluating [time: 0.20s, valid_score: 0.122200]
Thu 08 Aug 2024 12:39:51 INFO  valid result: 
recall@10 : 0.0918    recall@20 : 0.1479    recall@50 : 0.2648    ndcg@10 : 0.1222    ndcg@20 : 0.1325    ndcg@50 : 0.1681    
Thu 08 Aug 2024 12:39:51 INFO  Running E-step ! 
Thu 08 Aug 2024 12:40:15 INFO  epoch 8 training [time: 22.53s, train_loss1: 43.9516, train_loss2: 1.0737]
Thu 08 Aug 2024 12:40:15 INFO  epoch 8 evaluating [time: 0.21s, valid_score: 0.128200]
Thu 08 Aug 2024 12:40:15 INFO  valid result: 
recall@10 : 0.096    recall@20 : 0.1541    recall@50 : 0.275    ndcg@10 : 0.1282    ndcg@20 : 0.1389    ndcg@50 : 0.1758    
Thu 08 Aug 2024 12:40:15 INFO  Running E-step ! 
Thu 08 Aug 2024 12:40:38 INFO  epoch 9 training [time: 22.90s, train_loss1: 42.3599, train_loss2: 1.0712]
Thu 08 Aug 2024 12:40:38 INFO  epoch 9 evaluating [time: 0.20s, valid_score: 0.132700]
Thu 08 Aug 2024 12:40:38 INFO  valid result: 
recall@10 : 0.0991    recall@20 : 0.1587    recall@50 : 0.2837    ndcg@10 : 0.1327    ndcg@20 : 0.1438    ndcg@50 : 0.1822    
Thu 08 Aug 2024 12:40:38 INFO  Running E-step ! 
Thu 08 Aug 2024 12:41:06 INFO  epoch 10 training [time: 27.23s, train_loss1: 41.1090, train_loss2: 1.0691]
Thu 08 Aug 2024 12:41:06 INFO  epoch 10 evaluating [time: 0.19s, valid_score: 0.137600]
Thu 08 Aug 2024 12:41:06 INFO  valid result: 
recall@10 : 0.1036    recall@20 : 0.1643    recall@50 : 0.292    ndcg@10 : 0.1376    ndcg@20 : 0.1487    ndcg@50 : 0.188    
Thu 08 Aug 2024 12:41:06 INFO  Saving current best: saved/SVD_MI-Aug-08-2024_12-37-18.pth
Thu 08 Aug 2024 12:41:06 INFO  Running E-step ! 
Thu 08 Aug 2024 12:41:25 INFO  epoch 11 training [time: 18.02s, train_loss1: 40.0568, train_loss2: 1.0676]
Thu 08 Aug 2024 12:41:25 INFO  epoch 11 evaluating [time: 0.18s, valid_score: 0.141600]
Thu 08 Aug 2024 12:41:25 INFO  valid result: 
recall@10 : 0.1069    recall@20 : 0.1691    recall@50 : 0.3001    ndcg@10 : 0.1416    ndcg@20 : 0.1529    ndcg@50 : 0.1931    
Thu 08 Aug 2024 12:41:25 INFO  Saving current best: saved/SVD_MI-Aug-08-2024_12-37-18.pth
Thu 08 Aug 2024 12:41:25 INFO  Running E-step ! 
Thu 08 Aug 2024 12:41:59 INFO  epoch 12 training [time: 32.85s, train_loss1: 39.1215, train_loss2: 1.0665]
Thu 08 Aug 2024 12:41:59 INFO  epoch 12 evaluating [time: 0.21s, valid_score: 0.144700]
Thu 08 Aug 2024 12:41:59 INFO  valid result: 
recall@10 : 0.1089    recall@20 : 0.1744    recall@50 : 0.3066    ndcg@10 : 0.1447    ndcg@20 : 0.1574    ndcg@50 : 0.1978    
Thu 08 Aug 2024 12:41:59 INFO  Saving current best: saved/SVD_MI-Aug-08-2024_12-37-18.pth
Thu 08 Aug 2024 12:41:59 INFO  Running E-step ! 
Thu 08 Aug 2024 12:42:19 INFO  epoch 13 training [time: 19.36s, train_loss1: 38.2874, train_loss2: 1.0653]
Thu 08 Aug 2024 12:42:19 INFO  epoch 13 evaluating [time: 0.19s, valid_score: 0.148200]
Thu 08 Aug 2024 12:42:19 INFO  valid result: 
recall@10 : 0.1122    recall@20 : 0.1783    recall@50 : 0.3132    ndcg@10 : 0.1482    ndcg@20 : 0.1612    ndcg@50 : 0.2024    
Thu 08 Aug 2024 12:42:19 INFO  Saving current best: saved/SVD_MI-Aug-08-2024_12-37-18.pth
Thu 08 Aug 2024 12:42:19 INFO  Running E-step ! 
Thu 08 Aug 2024 12:42:55 INFO  epoch 14 training [time: 34.65s, train_loss1: 37.4668, train_loss2: 1.0636]
Thu 08 Aug 2024 12:42:55 INFO  epoch 14 evaluating [time: 0.22s, valid_score: 0.151600]
Thu 08 Aug 2024 12:42:55 INFO  valid result: 
recall@10 : 0.1154    recall@20 : 0.182    recall@50 : 0.319    ndcg@10 : 0.1516    ndcg@20 : 0.1647    ndcg@50 : 0.2065    
Thu 08 Aug 2024 12:42:55 INFO  Saving current best: saved/SVD_MI-Aug-08-2024_12-37-18.pth
Thu 08 Aug 2024 12:42:55 INFO  Running E-step ! 
Thu 08 Aug 2024 12:43:15 INFO  epoch 15 training [time: 19.62s, train_loss1: 36.8141, train_loss2: 1.0617]
Thu 08 Aug 2024 12:43:15 INFO  epoch 15 evaluating [time: 0.23s, valid_score: 0.154600]
Thu 08 Aug 2024 12:43:15 INFO  valid result: 
recall@10 : 0.1178    recall@20 : 0.1859    recall@50 : 0.325    ndcg@10 : 0.1546    ndcg@20 : 0.1681    ndcg@50 : 0.2106    
Thu 08 Aug 2024 12:43:15 INFO  Saving current best: saved/SVD_MI-Aug-08-2024_12-37-18.pth
Thu 08 Aug 2024 12:43:15 INFO  Running E-step ! 
Thu 08 Aug 2024 12:43:52 INFO  epoch 16 training [time: 35.24s, train_loss1: 36.1066, train_loss2: 1.0593]
Thu 08 Aug 2024 12:43:52 INFO  epoch 16 evaluating [time: 0.21s, valid_score: 0.157500]
Thu 08 Aug 2024 12:43:52 INFO  valid result: 
recall@10 : 0.1206    recall@20 : 0.1883    recall@50 : 0.3285    ndcg@10 : 0.1575    ndcg@20 : 0.1705    ndcg@50 : 0.2135    
Thu 08 Aug 2024 12:43:52 INFO  Saving current best: saved/SVD_MI-Aug-08-2024_12-37-18.pth
Thu 08 Aug 2024 12:43:52 INFO  Running E-step ! 
Thu 08 Aug 2024 12:44:12 INFO  epoch 17 training [time: 19.35s, train_loss1: 35.5732, train_loss2: 1.0565]
Thu 08 Aug 2024 12:44:12 INFO  epoch 17 evaluating [time: 0.20s, valid_score: 0.160700]
Thu 08 Aug 2024 12:44:12 INFO  valid result: 
recall@10 : 0.123    recall@20 : 0.193    recall@50 : 0.3348    ndcg@10 : 0.1607    ndcg@20 : 0.1742    ndcg@50 : 0.2176    
Thu 08 Aug 2024 12:44:12 INFO  Saving current best: saved/SVD_MI-Aug-08-2024_12-37-18.pth
Thu 08 Aug 2024 12:44:12 INFO  Running E-step ! 
Thu 08 Aug 2024 12:44:33 INFO  epoch 18 training [time: 20.14s, train_loss1: 34.9339, train_loss2: 1.0538]
Thu 08 Aug 2024 12:44:33 INFO  epoch 18 evaluating [time: 0.21s, valid_score: 0.163700]
Thu 08 Aug 2024 12:44:33 INFO  valid result: 
recall@10 : 0.1259    recall@20 : 0.1966    recall@50 : 0.3394    ndcg@10 : 0.1637    ndcg@20 : 0.1773    ndcg@50 : 0.221    
Thu 08 Aug 2024 12:44:33 INFO  Saving current best: saved/SVD_MI-Aug-08-2024_12-37-18.pth
Thu 08 Aug 2024 12:44:33 INFO  Running E-step ! 
Thu 08 Aug 2024 12:45:08 INFO  epoch 19 training [time: 34.04s, train_loss1: 34.4309, train_loss2: 1.0507]
Thu 08 Aug 2024 12:45:08 INFO  epoch 19 evaluating [time: 0.21s, valid_score: 0.166800]
Thu 08 Aug 2024 12:45:08 INFO  valid result: 
recall@10 : 0.1292    recall@20 : 0.1999    recall@50 : 0.3432    ndcg@10 : 0.1668    ndcg@20 : 0.1803    ndcg@50 : 0.2241    
Thu 08 Aug 2024 12:45:08 INFO  Saving current best: saved/SVD_MI-Aug-08-2024_12-37-18.pth
Thu 08 Aug 2024 12:45:08 INFO  Running E-step ! 
Thu 08 Aug 2024 12:45:29 INFO  epoch 20 training [time: 20.31s, train_loss1: 33.9129, train_loss2: 1.0476, train_loss3: 0.2751]
Thu 08 Aug 2024 12:45:30 INFO  epoch 20 evaluating [time: 0.23s, valid_score: 0.169200]
Thu 08 Aug 2024 12:45:30 INFO  valid result: 
recall@10 : 0.1314    recall@20 : 0.2032    recall@50 : 0.3469    ndcg@10 : 0.1692    ndcg@20 : 0.183    ndcg@50 : 0.2271    
Thu 08 Aug 2024 12:45:30 INFO  Saving current best: saved/SVD_MI-Aug-08-2024_12-37-18.pth
Thu 08 Aug 2024 12:45:30 INFO  Running E-step ! 
Thu 08 Aug 2024 12:46:03 INFO  epoch 21 training [time: 32.37s, train_loss1: 33.4428, train_loss2: 1.0440, train_loss3: 0.2700]
Thu 08 Aug 2024 12:46:03 INFO  epoch 21 evaluating [time: 0.21s, valid_score: 0.172400]
Thu 08 Aug 2024 12:46:03 INFO  valid result: 
recall@10 : 0.1344    recall@20 : 0.2066    recall@50 : 0.3509    ndcg@10 : 0.1724    ndcg@20 : 0.1857    ndcg@50 : 0.2301    
Thu 08 Aug 2024 12:46:03 INFO  Saving current best: saved/SVD_MI-Aug-08-2024_12-37-18.pth
Thu 08 Aug 2024 12:46:03 INFO  Running E-step ! 
Thu 08 Aug 2024 12:46:24 INFO  epoch 22 training [time: 20.02s, train_loss1: 33.0713, train_loss2: 1.0401, train_loss3: 0.2648]
Thu 08 Aug 2024 12:46:24 INFO  epoch 22 evaluating [time: 0.36s, valid_score: 0.174600]
Thu 08 Aug 2024 12:46:24 INFO  valid result: 
recall@10 : 0.1365    recall@20 : 0.2103    recall@50 : 0.3564    ndcg@10 : 0.1746    ndcg@20 : 0.1884    ndcg@50 : 0.2334    
Thu 08 Aug 2024 12:46:24 INFO  Saving current best: saved/SVD_MI-Aug-08-2024_12-37-18.pth
Thu 08 Aug 2024 12:46:24 INFO  Running E-step ! 
Thu 08 Aug 2024 12:46:59 INFO  epoch 23 training [time: 33.98s, train_loss1: 32.6982, train_loss2: 1.0363, train_loss3: 0.2595]
Thu 08 Aug 2024 12:46:59 INFO  epoch 23 evaluating [time: 0.22s, valid_score: 0.177500]
Thu 08 Aug 2024 12:46:59 INFO  valid result: 
recall@10 : 0.1394    recall@20 : 0.2124    recall@50 : 0.3604    ndcg@10 : 0.1775    ndcg@20 : 0.1908    ndcg@50 : 0.2363    
Thu 08 Aug 2024 12:46:59 INFO  Saving current best: saved/SVD_MI-Aug-08-2024_12-37-18.pth
Thu 08 Aug 2024 12:46:59 INFO  Running E-step ! 
Thu 08 Aug 2024 12:47:19 INFO  epoch 24 training [time: 19.58s, train_loss1: 32.2511, train_loss2: 1.0327, train_loss3: 0.2558]
Thu 08 Aug 2024 12:47:20 INFO  epoch 24 evaluating [time: 0.22s, valid_score: 0.179800]
Thu 08 Aug 2024 12:47:20 INFO  valid result: 
recall@10 : 0.1417    recall@20 : 0.2158    recall@50 : 0.3645    ndcg@10 : 0.1798    ndcg@20 : 0.1935    ndcg@50 : 0.2393    
Thu 08 Aug 2024 12:47:20 INFO  Saving current best: saved/SVD_MI-Aug-08-2024_12-37-18.pth
Thu 08 Aug 2024 12:47:20 INFO  Running E-step ! 
Thu 08 Aug 2024 12:47:55 INFO  epoch 25 training [time: 34.30s, train_loss1: 31.8179, train_loss2: 1.0290, train_loss3: 0.2513]
Thu 08 Aug 2024 12:47:55 INFO  epoch 25 evaluating [time: 0.21s, valid_score: 0.182200]
Thu 08 Aug 2024 12:47:55 INFO  valid result: 
recall@10 : 0.144    recall@20 : 0.2192    recall@50 : 0.3671    ndcg@10 : 0.1822    ndcg@20 : 0.196    ndcg@50 : 0.2415    
Thu 08 Aug 2024 12:47:55 INFO  Saving current best: saved/SVD_MI-Aug-08-2024_12-37-18.pth
Thu 08 Aug 2024 12:47:55 INFO  Running E-step ! 
Thu 08 Aug 2024 12:48:15 INFO  epoch 26 training [time: 19.57s, train_loss1: 31.4130, train_loss2: 1.0251, train_loss3: 0.2474]
Thu 08 Aug 2024 12:48:15 INFO  epoch 26 evaluating [time: 0.22s, valid_score: 0.184500]
Thu 08 Aug 2024 12:48:15 INFO  valid result: 
recall@10 : 0.1461    recall@20 : 0.2208    recall@50 : 0.3707    ndcg@10 : 0.1845    ndcg@20 : 0.198    ndcg@50 : 0.2441    
Thu 08 Aug 2024 12:48:15 INFO  Saving current best: saved/SVD_MI-Aug-08-2024_12-37-18.pth
Thu 08 Aug 2024 12:48:15 INFO  Running E-step ! 
Thu 08 Aug 2024 12:48:51 INFO  epoch 27 training [time: 35.39s, train_loss1: 31.3296, train_loss2: 1.0208, train_loss3: 0.2442]
Thu 08 Aug 2024 12:48:52 INFO  epoch 27 evaluating [time: 0.21s, valid_score: 0.186600]
Thu 08 Aug 2024 12:48:52 INFO  valid result: 
recall@10 : 0.148    recall@20 : 0.2242    recall@50 : 0.3747    ndcg@10 : 0.1866    ndcg@20 : 0.2006    ndcg@50 : 0.2469    
Thu 08 Aug 2024 12:48:52 INFO  Saving current best: saved/SVD_MI-Aug-08-2024_12-37-18.pth
Thu 08 Aug 2024 12:48:52 INFO  Running E-step ! 
Thu 08 Aug 2024 12:49:12 INFO  epoch 28 training [time: 19.79s, train_loss1: 30.8172, train_loss2: 1.0168, train_loss3: 0.2411]
Thu 08 Aug 2024 12:49:12 INFO  epoch 28 evaluating [time: 0.21s, valid_score: 0.188200]
Thu 08 Aug 2024 12:49:12 INFO  valid result: 
recall@10 : 0.1489    recall@20 : 0.2265    recall@50 : 0.3773    ndcg@10 : 0.1882    ndcg@20 : 0.2026    ndcg@50 : 0.2489    
Thu 08 Aug 2024 12:49:12 INFO  Saving current best: saved/SVD_MI-Aug-08-2024_12-37-18.pth
Thu 08 Aug 2024 12:49:12 INFO  Running E-step ! 
Thu 08 Aug 2024 12:49:32 INFO  epoch 29 training [time: 19.27s, train_loss1: 30.5068, train_loss2: 1.0129, train_loss3: 0.2385]
Thu 08 Aug 2024 12:49:32 INFO  epoch 29 evaluating [time: 0.21s, valid_score: 0.189600]
Thu 08 Aug 2024 12:49:32 INFO  valid result: 
recall@10 : 0.1504    recall@20 : 0.2304    recall@50 : 0.3799    ndcg@10 : 0.1896    ndcg@20 : 0.205    ndcg@50 : 0.2511    
Thu 08 Aug 2024 12:49:33 INFO  Saving current best: saved/SVD_MI-Aug-08-2024_12-37-18.pth
Thu 08 Aug 2024 12:49:33 INFO  Running E-step ! 
Thu 08 Aug 2024 12:50:08 INFO  epoch 30 training [time: 34.63s, train_loss1: 30.2829, train_loss2: 1.0087, train_loss3: 0.2364]
Thu 08 Aug 2024 12:50:08 INFO  epoch 30 evaluating [time: 0.20s, valid_score: 0.191600]
Thu 08 Aug 2024 12:50:08 INFO  valid result: 
recall@10 : 0.1529    recall@20 : 0.2322    recall@50 : 0.3834    ndcg@10 : 0.1916    ndcg@20 : 0.2067    ndcg@50 : 0.253    
Thu 08 Aug 2024 12:50:08 INFO  Saving current best: saved/SVD_MI-Aug-08-2024_12-37-18.pth
Thu 08 Aug 2024 12:50:08 INFO  Running E-step ! 
Thu 08 Aug 2024 12:50:29 INFO  epoch 31 training [time: 20.19s, train_loss1: 29.8815, train_loss2: 1.0045, train_loss3: 0.2340]
Thu 08 Aug 2024 12:50:29 INFO  epoch 31 evaluating [time: 0.24s, valid_score: 0.192900]
Thu 08 Aug 2024 12:50:29 INFO  valid result: 
recall@10 : 0.1539    recall@20 : 0.2345    recall@50 : 0.3852    ndcg@10 : 0.1929    ndcg@20 : 0.2081    ndcg@50 : 0.2544    
Thu 08 Aug 2024 12:50:29 INFO  Saving current best: saved/SVD_MI-Aug-08-2024_12-37-18.pth
Thu 08 Aug 2024 12:50:29 INFO  Running E-step ! 
Thu 08 Aug 2024 12:51:03 INFO  epoch 32 training [time: 32.83s, train_loss1: 29.4997, train_loss2: 1.0006, train_loss3: 0.2311]
Thu 08 Aug 2024 12:51:03 INFO  epoch 32 evaluating [time: 0.22s, valid_score: 0.194200]
Thu 08 Aug 2024 12:51:03 INFO  valid result: 
recall@10 : 0.1549    recall@20 : 0.2361    recall@50 : 0.3878    ndcg@10 : 0.1942    ndcg@20 : 0.2097    ndcg@50 : 0.2563    
Thu 08 Aug 2024 12:51:03 INFO  Saving current best: saved/SVD_MI-Aug-08-2024_12-37-18.pth
Thu 08 Aug 2024 12:51:03 INFO  Running E-step ! 
Thu 08 Aug 2024 12:51:24 INFO  epoch 33 training [time: 20.15s, train_loss1: 29.3050, train_loss2: 0.9966, train_loss3: 0.2290]
Thu 08 Aug 2024 12:51:24 INFO  epoch 33 evaluating [time: 0.21s, valid_score: 0.195500]
Thu 08 Aug 2024 12:51:24 INFO  valid result: 
recall@10 : 0.1561    recall@20 : 0.2385    recall@50 : 0.3893    ndcg@10 : 0.1955    ndcg@20 : 0.2115    ndcg@50 : 0.2579    
Thu 08 Aug 2024 12:51:24 INFO  Saving current best: saved/SVD_MI-Aug-08-2024_12-37-18.pth
Thu 08 Aug 2024 12:51:24 INFO  Running E-step ! 
Thu 08 Aug 2024 12:51:59 INFO  epoch 34 training [time: 34.26s, train_loss1: 29.1170, train_loss2: 0.9928, train_loss3: 0.2273]
Thu 08 Aug 2024 12:51:59 INFO  epoch 34 evaluating [time: 0.21s, valid_score: 0.196900]
Thu 08 Aug 2024 12:51:59 INFO  valid result: 
recall@10 : 0.1576    recall@20 : 0.2393    recall@50 : 0.3919    ndcg@10 : 0.1969    ndcg@20 : 0.2127    ndcg@50 : 0.2595    
Thu 08 Aug 2024 12:51:59 INFO  Saving current best: saved/SVD_MI-Aug-08-2024_12-37-18.pth
Thu 08 Aug 2024 12:51:59 INFO  Running E-step ! 
Thu 08 Aug 2024 12:52:19 INFO  epoch 35 training [time: 19.47s, train_loss1: 28.9120, train_loss2: 0.9888, train_loss3: 0.2247]
Thu 08 Aug 2024 12:52:19 INFO  epoch 35 evaluating [time: 0.20s, valid_score: 0.197400]
Thu 08 Aug 2024 12:52:19 INFO  valid result: 
recall@10 : 0.1579    recall@20 : 0.2407    recall@50 : 0.3937    ndcg@10 : 0.1974    ndcg@20 : 0.2137    ndcg@50 : 0.2606    
Thu 08 Aug 2024 12:52:19 INFO  Saving current best: saved/SVD_MI-Aug-08-2024_12-37-18.pth
Thu 08 Aug 2024 12:52:19 INFO  Running E-step ! 
Thu 08 Aug 2024 12:52:54 INFO  epoch 36 training [time: 34.08s, train_loss1: 28.5439, train_loss2: 0.9851, train_loss3: 0.2226]
Thu 08 Aug 2024 12:52:54 INFO  epoch 36 evaluating [time: 0.21s, valid_score: 0.198500]
Thu 08 Aug 2024 12:52:54 INFO  valid result: 
recall@10 : 0.1589    recall@20 : 0.2416    recall@50 : 0.3958    ndcg@10 : 0.1985    ndcg@20 : 0.2144    ndcg@50 : 0.2618    
Thu 08 Aug 2024 12:52:54 INFO  Saving current best: saved/SVD_MI-Aug-08-2024_12-37-18.pth
Thu 08 Aug 2024 12:52:54 INFO  Running E-step ! 
Thu 08 Aug 2024 12:53:15 INFO  epoch 37 training [time: 19.93s, train_loss1: 28.4836, train_loss2: 0.9817, train_loss3: 0.2210]
Thu 08 Aug 2024 12:53:15 INFO  epoch 37 evaluating [time: 0.21s, valid_score: 0.199900]
Thu 08 Aug 2024 12:53:15 INFO  valid result: 
recall@10 : 0.1605    recall@20 : 0.2436    recall@50 : 0.3964    ndcg@10 : 0.1999    ndcg@20 : 0.2159    ndcg@50 : 0.2628    
Thu 08 Aug 2024 12:53:15 INFO  Saving current best: saved/SVD_MI-Aug-08-2024_12-37-18.pth
Thu 08 Aug 2024 12:53:15 INFO  Running E-step ! 
Thu 08 Aug 2024 12:53:51 INFO  epoch 38 training [time: 35.11s, train_loss1: 28.1226, train_loss2: 0.9781, train_loss3: 0.2186]
Thu 08 Aug 2024 12:53:51 INFO  epoch 38 evaluating [time: 0.19s, valid_score: 0.200200]
Thu 08 Aug 2024 12:53:51 INFO  valid result: 
recall@10 : 0.1597    recall@20 : 0.245    recall@50 : 0.3984    ndcg@10 : 0.2002    ndcg@20 : 0.2169    ndcg@50 : 0.2641    
Thu 08 Aug 2024 12:53:51 INFO  Saving current best: saved/SVD_MI-Aug-08-2024_12-37-18.pth
Thu 08 Aug 2024 12:53:51 INFO  Running E-step ! 
Thu 08 Aug 2024 12:54:11 INFO  epoch 39 training [time: 18.99s, train_loss1: 27.9631, train_loss2: 0.9744, train_loss3: 0.2175]
Thu 08 Aug 2024 12:54:11 INFO  epoch 39 evaluating [time: 0.21s, valid_score: 0.201600]
Thu 08 Aug 2024 12:54:11 INFO  valid result: 
recall@10 : 0.1617    recall@20 : 0.2461    recall@50 : 0.4004    ndcg@10 : 0.2016    ndcg@20 : 0.2181    ndcg@50 : 0.2654    
Thu 08 Aug 2024 12:54:11 INFO  Saving current best: saved/SVD_MI-Aug-08-2024_12-37-18.pth
Thu 08 Aug 2024 12:54:11 INFO  Running E-step ! 
Thu 08 Aug 2024 12:54:31 INFO  epoch 40 training [time: 19.10s, train_loss1: 27.7285, train_loss2: 0.9709, train_loss3: 0.2156]
Thu 08 Aug 2024 12:54:31 INFO  epoch 40 evaluating [time: 0.36s, valid_score: 0.202200]
Thu 08 Aug 2024 12:54:31 INFO  valid result: 
recall@10 : 0.1626    recall@20 : 0.2475    recall@50 : 0.4024    ndcg@10 : 0.2022    ndcg@20 : 0.2189    ndcg@50 : 0.2664    
Thu 08 Aug 2024 12:54:31 INFO  Saving current best: saved/SVD_MI-Aug-08-2024_12-37-18.pth
Thu 08 Aug 2024 12:54:31 INFO  Running E-step ! 
Thu 08 Aug 2024 12:55:06 INFO  epoch 41 training [time: 34.51s, train_loss1: 27.7352, train_loss2: 0.9678, train_loss3: 0.2152]
Thu 08 Aug 2024 12:55:07 INFO  epoch 41 evaluating [time: 0.21s, valid_score: 0.202400]
Thu 08 Aug 2024 12:55:07 INFO  valid result: 
recall@10 : 0.1628    recall@20 : 0.2479    recall@50 : 0.4035    ndcg@10 : 0.2024    ndcg@20 : 0.2191    ndcg@50 : 0.267    
Thu 08 Aug 2024 12:55:07 INFO  Saving current best: saved/SVD_MI-Aug-08-2024_12-37-18.pth
Thu 08 Aug 2024 12:55:07 INFO  Running E-step ! 
Thu 08 Aug 2024 12:55:27 INFO  epoch 42 training [time: 20.10s, train_loss1: 27.3892, train_loss2: 0.9646, train_loss3: 0.2132]
Thu 08 Aug 2024 12:55:28 INFO  epoch 42 evaluating [time: 0.21s, valid_score: 0.202700]
Thu 08 Aug 2024 12:55:28 INFO  valid result: 
recall@10 : 0.1631    recall@20 : 0.2492    recall@50 : 0.4044    ndcg@10 : 0.2027    ndcg@20 : 0.2199    ndcg@50 : 0.2676    
Thu 08 Aug 2024 12:55:28 INFO  Saving current best: saved/SVD_MI-Aug-08-2024_12-37-18.pth
Thu 08 Aug 2024 12:55:28 INFO  Running E-step ! 
Thu 08 Aug 2024 12:56:02 INFO  epoch 43 training [time: 34.19s, train_loss1: 27.2768, train_loss2: 0.9613, train_loss3: 0.2118]
Thu 08 Aug 2024 12:56:03 INFO  epoch 43 evaluating [time: 0.21s, valid_score: 0.203200]
Thu 08 Aug 2024 12:56:03 INFO  valid result: 
recall@10 : 0.1638    recall@20 : 0.2491    recall@50 : 0.4054    ndcg@10 : 0.2032    ndcg@20 : 0.2201    ndcg@50 : 0.2682    
Thu 08 Aug 2024 12:56:03 INFO  Saving current best: saved/SVD_MI-Aug-08-2024_12-37-18.pth
Thu 08 Aug 2024 12:56:03 INFO  Running E-step ! 
Thu 08 Aug 2024 12:56:23 INFO  epoch 44 training [time: 19.70s, train_loss1: 27.0568, train_loss2: 0.9581, train_loss3: 0.2097]
Thu 08 Aug 2024 12:56:23 INFO  epoch 44 evaluating [time: 0.20s, valid_score: 0.203800]
Thu 08 Aug 2024 12:56:23 INFO  valid result: 
recall@10 : 0.1639    recall@20 : 0.2502    recall@50 : 0.4072    ndcg@10 : 0.2038    ndcg@20 : 0.2209    ndcg@50 : 0.2692    
Thu 08 Aug 2024 12:56:23 INFO  Saving current best: saved/SVD_MI-Aug-08-2024_12-37-18.pth
Thu 08 Aug 2024 12:56:23 INFO  Running E-step ! 
Thu 08 Aug 2024 12:56:58 INFO  epoch 45 training [time: 34.13s, train_loss1: 26.9013, train_loss2: 0.9549, train_loss3: 0.2090]
Thu 08 Aug 2024 12:56:58 INFO  epoch 45 evaluating [time: 0.21s, valid_score: 0.204400]
Thu 08 Aug 2024 12:56:58 INFO  valid result: 
recall@10 : 0.165    recall@20 : 0.2513    recall@50 : 0.4083    ndcg@10 : 0.2044    ndcg@20 : 0.2216    ndcg@50 : 0.2698    
Thu 08 Aug 2024 12:56:58 INFO  Saving current best: saved/SVD_MI-Aug-08-2024_12-37-18.pth
Thu 08 Aug 2024 12:56:58 INFO  Running E-step ! 
Thu 08 Aug 2024 12:57:19 INFO  epoch 46 training [time: 20.24s, train_loss1: 26.7917, train_loss2: 0.9518, train_loss3: 0.2071]
Thu 08 Aug 2024 12:57:19 INFO  epoch 46 evaluating [time: 0.21s, valid_score: 0.204600]
Thu 08 Aug 2024 12:57:19 INFO  valid result: 
recall@10 : 0.1656    recall@20 : 0.2518    recall@50 : 0.4095    ndcg@10 : 0.2046    ndcg@20 : 0.2219    ndcg@50 : 0.2705    
Thu 08 Aug 2024 12:57:19 INFO  Saving current best: saved/SVD_MI-Aug-08-2024_12-37-18.pth
Thu 08 Aug 2024 12:57:19 INFO  Running E-step ! 
Thu 08 Aug 2024 12:57:54 INFO  epoch 47 training [time: 33.69s, train_loss1: 26.5620, train_loss2: 0.9489, train_loss3: 0.2055]
Thu 08 Aug 2024 12:57:54 INFO  epoch 47 evaluating [time: 0.20s, valid_score: 0.204600]
Thu 08 Aug 2024 12:57:54 INFO  valid result: 
recall@10 : 0.1647    recall@20 : 0.2523    recall@50 : 0.4104    ndcg@10 : 0.2046    ndcg@20 : 0.2223    ndcg@50 : 0.2709    
Thu 08 Aug 2024 12:57:54 INFO  Running E-step ! 
Thu 08 Aug 2024 12:58:15 INFO  epoch 48 training [time: 20.15s, train_loss1: 26.6331, train_loss2: 0.9459, train_loss3: 0.2048]
Thu 08 Aug 2024 12:58:15 INFO  epoch 48 evaluating [time: 0.23s, valid_score: 0.204900]
Thu 08 Aug 2024 12:58:15 INFO  valid result: 
recall@10 : 0.1645    recall@20 : 0.2531    recall@50 : 0.4112    ndcg@10 : 0.2049    ndcg@20 : 0.2227    ndcg@50 : 0.2714    
Thu 08 Aug 2024 12:58:15 INFO  Saving current best: saved/SVD_MI-Aug-08-2024_12-37-18.pth
Thu 08 Aug 2024 12:58:15 INFO  Running E-step ! 
Thu 08 Aug 2024 12:58:51 INFO  epoch 49 training [time: 35.24s, train_loss1: 26.3992, train_loss2: 0.9428, train_loss3: 0.2029]
Thu 08 Aug 2024 12:58:51 INFO  epoch 49 evaluating [time: 0.24s, valid_score: 0.205200]
Thu 08 Aug 2024 12:58:51 INFO  valid result: 
recall@10 : 0.1649    recall@20 : 0.2543    recall@50 : 0.4112    ndcg@10 : 0.2052    ndcg@20 : 0.2234    ndcg@50 : 0.2719    
Thu 08 Aug 2024 12:58:51 INFO  Saving current best: saved/SVD_MI-Aug-08-2024_12-37-18.pth
Thu 08 Aug 2024 12:58:51 INFO  Running E-step ! 
Thu 08 Aug 2024 12:59:11 INFO  epoch 50 training [time: 19.48s, train_loss1: 26.2990, train_loss2: 0.9400, train_loss3: 0.2018]
Thu 08 Aug 2024 12:59:11 INFO  epoch 50 evaluating [time: 0.22s, valid_score: 0.205400]
Thu 08 Aug 2024 12:59:11 INFO  valid result: 
recall@10 : 0.1651    recall@20 : 0.2541    recall@50 : 0.4134    ndcg@10 : 0.2054    ndcg@20 : 0.2235    ndcg@50 : 0.2726    
Thu 08 Aug 2024 12:59:11 INFO  Saving current best: saved/SVD_MI-Aug-08-2024_12-37-18.pth
Thu 08 Aug 2024 12:59:11 INFO  Running E-step ! 
Thu 08 Aug 2024 12:59:32 INFO  epoch 51 training [time: 19.36s, train_loss1: 26.0872, train_loss2: 0.9374, train_loss3: 0.2011]
Thu 08 Aug 2024 12:59:32 INFO  epoch 51 evaluating [time: 0.21s, valid_score: 0.205800]
Thu 08 Aug 2024 12:59:32 INFO  valid result: 
recall@10 : 0.1659    recall@20 : 0.2546    recall@50 : 0.4134    ndcg@10 : 0.2058    ndcg@20 : 0.2239    ndcg@50 : 0.2729    
Thu 08 Aug 2024 12:59:32 INFO  Saving current best: saved/SVD_MI-Aug-08-2024_12-37-18.pth
Thu 08 Aug 2024 12:59:32 INFO  Running E-step ! 
Thu 08 Aug 2024 13:00:06 INFO  epoch 52 training [time: 33.86s, train_loss1: 26.0963, train_loss2: 0.9346, train_loss3: 0.2001]
Thu 08 Aug 2024 13:00:06 INFO  epoch 52 evaluating [time: 0.19s, valid_score: 0.206600]
Thu 08 Aug 2024 13:00:06 INFO  valid result: 
recall@10 : 0.1662    recall@20 : 0.2555    recall@50 : 0.4142    ndcg@10 : 0.2066    ndcg@20 : 0.2247    ndcg@50 : 0.2736    
Thu 08 Aug 2024 13:00:07 INFO  Saving current best: saved/SVD_MI-Aug-08-2024_12-37-18.pth
Thu 08 Aug 2024 13:00:07 INFO  Running E-step ! 
Thu 08 Aug 2024 13:00:26 INFO  epoch 53 training [time: 18.82s, train_loss1: 25.8053, train_loss2: 0.9321, train_loss3: 0.1986]
Thu 08 Aug 2024 13:00:26 INFO  epoch 53 evaluating [time: 0.20s, valid_score: 0.206600]
Thu 08 Aug 2024 13:00:26 INFO  valid result: 
recall@10 : 0.1664    recall@20 : 0.2561    recall@50 : 0.4151    ndcg@10 : 0.2066    ndcg@20 : 0.2248    ndcg@50 : 0.2738    
Thu 08 Aug 2024 13:00:26 INFO  Running E-step ! 
Thu 08 Aug 2024 13:01:01 INFO  epoch 54 training [time: 34.72s, train_loss1: 25.8067, train_loss2: 0.9292, train_loss3: 0.1980]
Thu 08 Aug 2024 13:01:02 INFO  epoch 54 evaluating [time: 0.20s, valid_score: 0.207000]
Thu 08 Aug 2024 13:01:02 INFO  valid result: 
recall@10 : 0.1667    recall@20 : 0.256    recall@50 : 0.4154    ndcg@10 : 0.207    ndcg@20 : 0.225    ndcg@50 : 0.2742    
Thu 08 Aug 2024 13:01:02 INFO  Saving current best: saved/SVD_MI-Aug-08-2024_12-37-18.pth
Thu 08 Aug 2024 13:01:02 INFO  Running E-step ! 
Thu 08 Aug 2024 13:01:22 INFO  epoch 55 training [time: 19.82s, train_loss1: 25.6196, train_loss2: 0.9268, train_loss3: 0.1982]
Thu 08 Aug 2024 13:01:22 INFO  epoch 55 evaluating [time: 0.20s, valid_score: 0.207300]
Thu 08 Aug 2024 13:01:22 INFO  valid result: 
recall@10 : 0.1673    recall@20 : 0.2575    recall@50 : 0.4159    ndcg@10 : 0.2073    ndcg@20 : 0.2255    ndcg@50 : 0.2745    
Thu 08 Aug 2024 13:01:22 INFO  Saving current best: saved/SVD_MI-Aug-08-2024_12-37-18.pth
Thu 08 Aug 2024 13:01:22 INFO  Running E-step ! 
Thu 08 Aug 2024 13:01:55 INFO  epoch 56 training [time: 32.04s, train_loss1: 25.5755, train_loss2: 0.9242, train_loss3: 0.1973]
Thu 08 Aug 2024 13:01:55 INFO  epoch 56 evaluating [time: 0.19s, valid_score: 0.207300]
Thu 08 Aug 2024 13:01:55 INFO  valid result: 
recall@10 : 0.1669    recall@20 : 0.2576    recall@50 : 0.4166    ndcg@10 : 0.2073    ndcg@20 : 0.2258    ndcg@50 : 0.2748    
Thu 08 Aug 2024 13:01:55 INFO  Running E-step ! 
Thu 08 Aug 2024 13:02:12 INFO  epoch 57 training [time: 16.50s, train_loss1: 25.3720, train_loss2: 0.9218, train_loss3: 0.1957]
Thu 08 Aug 2024 13:02:13 INFO  epoch 57 evaluating [time: 0.19s, valid_score: 0.207300]
Thu 08 Aug 2024 13:02:13 INFO  valid result: 
recall@10 : 0.1671    recall@20 : 0.258    recall@50 : 0.4171    ndcg@10 : 0.2073    ndcg@20 : 0.2258    ndcg@50 : 0.2749    
Thu 08 Aug 2024 13:02:13 INFO  Running E-step ! 
Thu 08 Aug 2024 13:02:29 INFO  epoch 58 training [time: 16.30s, train_loss1: 25.2642, train_loss2: 0.9196, train_loss3: 0.1951]
Thu 08 Aug 2024 13:02:30 INFO  epoch 58 evaluating [time: 0.20s, valid_score: 0.207300]
Thu 08 Aug 2024 13:02:30 INFO  valid result: 
recall@10 : 0.1669    recall@20 : 0.2582    recall@50 : 0.4179    ndcg@10 : 0.2073    ndcg@20 : 0.2262    ndcg@50 : 0.2754    
Thu 08 Aug 2024 13:02:30 INFO  Running E-step ! 
Thu 08 Aug 2024 13:03:01 INFO  epoch 59 training [time: 30.63s, train_loss1: 25.2227, train_loss2: 0.9171, train_loss3: 0.1944]
Thu 08 Aug 2024 13:03:01 INFO  epoch 59 evaluating [time: 0.37s, valid_score: 0.207900]
Thu 08 Aug 2024 13:03:01 INFO  valid result: 
recall@10 : 0.1677    recall@20 : 0.2584    recall@50 : 0.4185    ndcg@10 : 0.2079    ndcg@20 : 0.2262    ndcg@50 : 0.2756    
Thu 08 Aug 2024 13:03:01 INFO  Saving current best: saved/SVD_MI-Aug-08-2024_12-37-18.pth
Thu 08 Aug 2024 13:03:01 INFO  Running E-step ! 
Thu 08 Aug 2024 13:03:23 INFO  epoch 60 training [time: 21.21s, train_loss1: 25.1193, train_loss2: 0.9147, train_loss3: 0.1947]
Thu 08 Aug 2024 13:03:23 INFO  epoch 60 evaluating [time: 0.20s, valid_score: 0.207800]
Thu 08 Aug 2024 13:03:23 INFO  valid result: 
recall@10 : 0.1674    recall@20 : 0.2582    recall@50 : 0.4186    ndcg@10 : 0.2078    ndcg@20 : 0.2263    ndcg@50 : 0.2758    
Thu 08 Aug 2024 13:03:23 INFO  Running E-step ! 
Thu 08 Aug 2024 13:03:56 INFO  epoch 61 training [time: 32.65s, train_loss1: 25.0807, train_loss2: 0.9125, train_loss3: 0.1939]
Thu 08 Aug 2024 13:03:57 INFO  epoch 61 evaluating [time: 0.21s, valid_score: 0.207600]
Thu 08 Aug 2024 13:03:57 INFO  valid result: 
recall@10 : 0.1673    recall@20 : 0.2582    recall@50 : 0.4194    ndcg@10 : 0.2076    ndcg@20 : 0.2263    ndcg@50 : 0.2759    
Thu 08 Aug 2024 13:03:57 INFO  Running E-step ! 
Thu 08 Aug 2024 13:04:16 INFO  epoch 62 training [time: 18.64s, train_loss1: 24.9102, train_loss2: 0.9102, train_loss3: 0.1928]
Thu 08 Aug 2024 13:04:16 INFO  epoch 62 evaluating [time: 0.20s, valid_score: 0.207900]
Thu 08 Aug 2024 13:04:16 INFO  valid result: 
recall@10 : 0.1674    recall@20 : 0.2593    recall@50 : 0.4193    ndcg@10 : 0.2079    ndcg@20 : 0.2268    ndcg@50 : 0.2759    
Thu 08 Aug 2024 13:04:16 INFO  Running E-step ! 
Thu 08 Aug 2024 13:04:53 INFO  epoch 63 training [time: 36.06s, train_loss1: 24.9335, train_loss2: 0.9081, train_loss3: 0.1920]
Thu 08 Aug 2024 13:04:53 INFO  epoch 63 evaluating [time: 0.20s, valid_score: 0.207600]
Thu 08 Aug 2024 13:04:53 INFO  valid result: 
recall@10 : 0.167    recall@20 : 0.2592    recall@50 : 0.4208    ndcg@10 : 0.2076    ndcg@20 : 0.2268    ndcg@50 : 0.2764    
Thu 08 Aug 2024 13:04:53 INFO  Running E-step ! 
Thu 08 Aug 2024 13:05:13 INFO  epoch 64 training [time: 19.23s, train_loss1: 24.8632, train_loss2: 0.9060, train_loss3: 0.1917]
Thu 08 Aug 2024 13:05:13 INFO  epoch 64 evaluating [time: 0.21s, valid_score: 0.207800]
Thu 08 Aug 2024 13:05:13 INFO  valid result: 
recall@10 : 0.1671    recall@20 : 0.2594    recall@50 : 0.4203    ndcg@10 : 0.2078    ndcg@20 : 0.2268    ndcg@50 : 0.2763    
Thu 08 Aug 2024 13:05:13 INFO  Running E-step ! 
Thu 08 Aug 2024 13:05:33 INFO  epoch 65 training [time: 19.27s, train_loss1: 24.6556, train_loss2: 0.9042, train_loss3: 0.1910]
Thu 08 Aug 2024 13:05:33 INFO  epoch 65 evaluating [time: 0.20s, valid_score: 0.208100]
Thu 08 Aug 2024 13:05:33 INFO  valid result: 
recall@10 : 0.1674    recall@20 : 0.2591    recall@50 : 0.4207    ndcg@10 : 0.2081    ndcg@20 : 0.2268    ndcg@50 : 0.2766    
Thu 08 Aug 2024 13:05:33 INFO  Saving current best: saved/SVD_MI-Aug-08-2024_12-37-18.pth
Thu 08 Aug 2024 13:05:33 INFO  Running E-step ! 
Thu 08 Aug 2024 13:06:08 INFO  epoch 66 training [time: 34.55s, train_loss1: 24.6612, train_loss2: 0.9022, train_loss3: 0.1905]
Thu 08 Aug 2024 13:06:09 INFO  epoch 66 evaluating [time: 0.21s, valid_score: 0.208200]
Thu 08 Aug 2024 13:06:09 INFO  valid result: 
recall@10 : 0.1678    recall@20 : 0.2595    recall@50 : 0.4215    ndcg@10 : 0.2082    ndcg@20 : 0.227    ndcg@50 : 0.2769    
Thu 08 Aug 2024 13:06:09 INFO  Saving current best: saved/SVD_MI-Aug-08-2024_12-37-18.pth
Thu 08 Aug 2024 13:06:09 INFO  Running E-step ! 
Thu 08 Aug 2024 13:06:28 INFO  epoch 67 training [time: 18.43s, train_loss1: 24.5722, train_loss2: 0.9002, train_loss3: 0.1897]
Thu 08 Aug 2024 13:06:28 INFO  epoch 67 evaluating [time: 0.21s, valid_score: 0.208400]
Thu 08 Aug 2024 13:06:28 INFO  valid result: 
recall@10 : 0.1684    recall@20 : 0.2599    recall@50 : 0.4215    ndcg@10 : 0.2084    ndcg@20 : 0.2271    ndcg@50 : 0.2768    
Thu 08 Aug 2024 13:06:28 INFO  Saving current best: saved/SVD_MI-Aug-08-2024_12-37-18.pth
Thu 08 Aug 2024 13:06:28 INFO  Running E-step ! 
Thu 08 Aug 2024 13:07:03 INFO  epoch 68 training [time: 34.43s, train_loss1: 24.3900, train_loss2: 0.8983, train_loss3: 0.1890]
Thu 08 Aug 2024 13:07:03 INFO  epoch 68 evaluating [time: 0.20s, valid_score: 0.207900]
Thu 08 Aug 2024 13:07:03 INFO  valid result: 
recall@10 : 0.1674    recall@20 : 0.2597    recall@50 : 0.4212    ndcg@10 : 0.2079    ndcg@20 : 0.227    ndcg@50 : 0.2767    
Thu 08 Aug 2024 13:07:03 INFO  Running E-step ! 
Thu 08 Aug 2024 13:07:22 INFO  epoch 69 training [time: 18.26s, train_loss1: 24.3585, train_loss2: 0.8964, train_loss3: 0.1884]
Thu 08 Aug 2024 13:07:22 INFO  epoch 69 evaluating [time: 0.19s, valid_score: 0.207700]
Thu 08 Aug 2024 13:07:22 INFO  valid result: 
recall@10 : 0.1674    recall@20 : 0.2596    recall@50 : 0.4216    ndcg@10 : 0.2077    ndcg@20 : 0.2268    ndcg@50 : 0.2767    
Thu 08 Aug 2024 13:07:22 INFO  Running E-step ! 
Thu 08 Aug 2024 13:07:59 INFO  epoch 70 training [time: 36.41s, train_loss1: 24.3064, train_loss2: 0.8945, train_loss3: 0.1885]
Thu 08 Aug 2024 13:07:59 INFO  epoch 70 evaluating [time: 0.22s, valid_score: 0.208100]
Thu 08 Aug 2024 13:07:59 INFO  valid result: 
recall@10 : 0.168    recall@20 : 0.2595    recall@50 : 0.4216    ndcg@10 : 0.2081    ndcg@20 : 0.227    ndcg@50 : 0.2769    
Thu 08 Aug 2024 13:07:59 INFO  Running E-step ! 
Thu 08 Aug 2024 13:08:18 INFO  epoch 71 training [time: 18.49s, train_loss1: 24.1893, train_loss2: 0.8926, train_loss3: 0.1882]
Thu 08 Aug 2024 13:08:19 INFO  epoch 71 evaluating [time: 0.22s, valid_score: 0.208400]
Thu 08 Aug 2024 13:08:19 INFO  valid result: 
recall@10 : 0.1683    recall@20 : 0.2598    recall@50 : 0.4215    ndcg@10 : 0.2084    ndcg@20 : 0.2273    ndcg@50 : 0.2772    
Thu 08 Aug 2024 13:08:19 INFO  Running E-step ! 
Thu 08 Aug 2024 13:08:55 INFO  epoch 72 training [time: 35.51s, train_loss1: 24.0922, train_loss2: 0.8909, train_loss3: 0.1872]
Thu 08 Aug 2024 13:08:55 INFO  epoch 72 evaluating [time: 0.23s, valid_score: 0.208500]
Thu 08 Aug 2024 13:08:55 INFO  valid result: 
recall@10 : 0.1693    recall@20 : 0.2596    recall@50 : 0.4223    ndcg@10 : 0.2085    ndcg@20 : 0.2269    ndcg@50 : 0.2771    
Thu 08 Aug 2024 13:08:55 INFO  Saving current best: saved/SVD_MI-Aug-08-2024_12-37-18.pth
Thu 08 Aug 2024 13:08:55 INFO  Running E-step ! 
Thu 08 Aug 2024 13:09:15 INFO  epoch 73 training [time: 19.17s, train_loss1: 24.1523, train_loss2: 0.8890, train_loss3: 0.1868]
Thu 08 Aug 2024 13:09:15 INFO  epoch 73 evaluating [time: 0.22s, valid_score: 0.208300]
Thu 08 Aug 2024 13:09:15 INFO  valid result: 
recall@10 : 0.169    recall@20 : 0.2601    recall@50 : 0.4226    ndcg@10 : 0.2083    ndcg@20 : 0.2271    ndcg@50 : 0.2772    
Thu 08 Aug 2024 13:09:15 INFO  Running E-step ! 
Thu 08 Aug 2024 13:09:51 INFO  epoch 74 training [time: 35.54s, train_loss1: 23.9567, train_loss2: 0.8875, train_loss3: 0.1862]
Thu 08 Aug 2024 13:09:52 INFO  epoch 74 evaluating [time: 0.20s, valid_score: 0.208000]
Thu 08 Aug 2024 13:09:52 INFO  valid result: 
recall@10 : 0.1687    recall@20 : 0.2602    recall@50 : 0.4226    ndcg@10 : 0.208    ndcg@20 : 0.2269    ndcg@50 : 0.277    
Thu 08 Aug 2024 13:09:52 INFO  Running E-step ! 
Thu 08 Aug 2024 13:10:12 INFO  epoch 75 training [time: 19.46s, train_loss1: 23.9163, train_loss2: 0.8858, train_loss3: 0.1862]
Thu 08 Aug 2024 13:10:12 INFO  epoch 75 evaluating [time: 0.21s, valid_score: 0.208300]
Thu 08 Aug 2024 13:10:12 INFO  valid result: 
recall@10 : 0.1685    recall@20 : 0.2603    recall@50 : 0.4223    ndcg@10 : 0.2083    ndcg@20 : 0.2272    ndcg@50 : 0.2774    
Thu 08 Aug 2024 13:10:12 INFO  Running E-step ! 
Thu 08 Aug 2024 13:10:30 INFO  epoch 76 training [time: 17.80s, train_loss1: 23.7920, train_loss2: 0.8843, train_loss3: 0.1858]
Thu 08 Aug 2024 13:10:30 INFO  epoch 76 evaluating [time: 0.21s, valid_score: 0.208400]
Thu 08 Aug 2024 13:10:30 INFO  valid result: 
recall@10 : 0.1685    recall@20 : 0.2595    recall@50 : 0.4225    ndcg@10 : 0.2084    ndcg@20 : 0.2271    ndcg@50 : 0.2775    
Thu 08 Aug 2024 13:10:30 INFO  Running E-step ! 
Thu 08 Aug 2024 13:11:05 INFO  epoch 77 training [time: 34.02s, train_loss1: 23.8573, train_loss2: 0.8825, train_loss3: 0.1848]
Thu 08 Aug 2024 13:11:05 INFO  epoch 77 evaluating [time: 0.37s, valid_score: 0.208500]
Thu 08 Aug 2024 13:11:05 INFO  valid result: 
recall@10 : 0.1686    recall@20 : 0.2601    recall@50 : 0.4234    ndcg@10 : 0.2085    ndcg@20 : 0.2274    ndcg@50 : 0.2778    
Thu 08 Aug 2024 13:11:05 INFO  Running E-step ! 
Thu 08 Aug 2024 13:11:22 INFO  epoch 78 training [time: 15.76s, train_loss1: 23.6956, train_loss2: 0.8809, train_loss3: 0.1843]
Thu 08 Aug 2024 13:11:22 INFO  epoch 78 evaluating [time: 0.19s, valid_score: 0.208600]
Thu 08 Aug 2024 13:11:22 INFO  valid result: 
recall@10 : 0.1682    recall@20 : 0.2613    recall@50 : 0.423    ndcg@10 : 0.2086    ndcg@20 : 0.2281    ndcg@50 : 0.2778    
Thu 08 Aug 2024 13:11:22 INFO  Saving current best: saved/SVD_MI-Aug-08-2024_12-37-18.pth
Thu 08 Aug 2024 13:11:22 INFO  Running E-step ! 
Thu 08 Aug 2024 13:11:53 INFO  epoch 79 training [time: 30.50s, train_loss1: 23.5961, train_loss2: 0.8791, train_loss3: 0.1841]
Thu 08 Aug 2024 13:11:53 INFO  epoch 79 evaluating [time: 0.22s, valid_score: 0.208700]
Thu 08 Aug 2024 13:11:53 INFO  valid result: 
recall@10 : 0.1681    recall@20 : 0.2606    recall@50 : 0.4233    ndcg@10 : 0.2087    ndcg@20 : 0.2278    ndcg@50 : 0.278    
Thu 08 Aug 2024 13:11:53 INFO  Saving current best: saved/SVD_MI-Aug-08-2024_12-37-18.pth
Thu 08 Aug 2024 13:11:53 INFO  Running E-step ! 
Thu 08 Aug 2024 13:12:13 INFO  epoch 80 training [time: 18.97s, train_loss1: 23.6319, train_loss2: 0.8772, train_loss3: 0.1836]
Thu 08 Aug 2024 13:12:13 INFO  epoch 80 evaluating [time: 0.21s, valid_score: 0.208800]
Thu 08 Aug 2024 13:12:13 INFO  valid result: 
recall@10 : 0.1687    recall@20 : 0.2601    recall@50 : 0.4241    ndcg@10 : 0.2088    ndcg@20 : 0.2275    ndcg@50 : 0.2782    
Thu 08 Aug 2024 13:12:13 INFO  Saving current best: saved/SVD_MI-Aug-08-2024_12-37-18.pth
Thu 08 Aug 2024 13:12:13 INFO  Running E-step ! 
Thu 08 Aug 2024 13:12:33 INFO  epoch 81 training [time: 18.65s, train_loss1: 23.4627, train_loss2: 0.8757, train_loss3: 0.1836]
Thu 08 Aug 2024 13:12:33 INFO  epoch 81 evaluating [time: 0.20s, valid_score: 0.209000]
Thu 08 Aug 2024 13:12:33 INFO  valid result: 
recall@10 : 0.1689    recall@20 : 0.2601    recall@50 : 0.424    ndcg@10 : 0.209    ndcg@20 : 0.2276    ndcg@50 : 0.2782    
Thu 08 Aug 2024 13:12:33 INFO  Saving current best: saved/SVD_MI-Aug-08-2024_12-37-18.pth
Thu 08 Aug 2024 13:12:33 INFO  Running E-step ! 
Thu 08 Aug 2024 13:13:09 INFO  epoch 82 training [time: 35.75s, train_loss1: 23.4659, train_loss2: 0.8744, train_loss3: 0.1830]
Thu 08 Aug 2024 13:13:09 INFO  epoch 82 evaluating [time: 0.20s, valid_score: 0.209300]
Thu 08 Aug 2024 13:13:09 INFO  valid result: 
recall@10 : 0.1692    recall@20 : 0.2606    recall@50 : 0.4248    ndcg@10 : 0.2093    ndcg@20 : 0.2279    ndcg@50 : 0.2786    
Thu 08 Aug 2024 13:13:09 INFO  Saving current best: saved/SVD_MI-Aug-08-2024_12-37-18.pth
Thu 08 Aug 2024 13:13:09 INFO  Running E-step ! 
Thu 08 Aug 2024 13:13:29 INFO  epoch 83 training [time: 18.85s, train_loss1: 23.3380, train_loss2: 0.8728, train_loss3: 0.1821]
Thu 08 Aug 2024 13:13:29 INFO  epoch 83 evaluating [time: 0.21s, valid_score: 0.209200]
Thu 08 Aug 2024 13:13:29 INFO  valid result: 
recall@10 : 0.1692    recall@20 : 0.2602    recall@50 : 0.4253    ndcg@10 : 0.2092    ndcg@20 : 0.2277    ndcg@50 : 0.2788    
Thu 08 Aug 2024 13:13:29 INFO  Running E-step ! 
Thu 08 Aug 2024 13:14:04 INFO  epoch 84 training [time: 34.45s, train_loss1: 23.2756, train_loss2: 0.8714, train_loss3: 0.1822]
Thu 08 Aug 2024 13:14:05 INFO  epoch 84 evaluating [time: 0.21s, valid_score: 0.209200]
Thu 08 Aug 2024 13:14:05 INFO  valid result: 
recall@10 : 0.1691    recall@20 : 0.2604    recall@50 : 0.4255    ndcg@10 : 0.2092    ndcg@20 : 0.2279    ndcg@50 : 0.2789    
Thu 08 Aug 2024 13:14:05 INFO  Running E-step ! 
Thu 08 Aug 2024 13:14:24 INFO  epoch 85 training [time: 18.59s, train_loss1: 23.3380, train_loss2: 0.8697, train_loss3: 0.1816]
Thu 08 Aug 2024 13:14:24 INFO  epoch 85 evaluating [time: 0.18s, valid_score: 0.209600]
Thu 08 Aug 2024 13:14:24 INFO  valid result: 
recall@10 : 0.1693    recall@20 : 0.2603    recall@50 : 0.4254    ndcg@10 : 0.2096    ndcg@20 : 0.2282    ndcg@50 : 0.2792    
Thu 08 Aug 2024 13:14:24 INFO  Saving current best: saved/SVD_MI-Aug-08-2024_12-37-18.pth
Thu 08 Aug 2024 13:14:24 INFO  Running E-step ! 
Thu 08 Aug 2024 13:14:59 INFO  epoch 86 training [time: 34.52s, train_loss1: 23.2234, train_loss2: 0.8684, train_loss3: 0.1808]
Thu 08 Aug 2024 13:14:59 INFO  epoch 86 evaluating [time: 0.20s, valid_score: 0.209900]
Thu 08 Aug 2024 13:14:59 INFO  valid result: 
recall@10 : 0.1696    recall@20 : 0.2607    recall@50 : 0.4252    ndcg@10 : 0.2099    ndcg@20 : 0.2286    ndcg@50 : 0.2794    
Thu 08 Aug 2024 13:14:59 INFO  Saving current best: saved/SVD_MI-Aug-08-2024_12-37-18.pth
Thu 08 Aug 2024 13:14:59 INFO  Running E-step ! 
Thu 08 Aug 2024 13:15:19 INFO  epoch 87 training [time: 18.84s, train_loss1: 23.2373, train_loss2: 0.8670, train_loss3: 0.1798]
Thu 08 Aug 2024 13:15:19 INFO  epoch 87 evaluating [time: 0.20s, valid_score: 0.209700]
Thu 08 Aug 2024 13:15:19 INFO  valid result: 
recall@10 : 0.1699    recall@20 : 0.2605    recall@50 : 0.4255    ndcg@10 : 0.2097    ndcg@20 : 0.2284    ndcg@50 : 0.2792    
Thu 08 Aug 2024 13:15:19 INFO  Running E-step ! 
Thu 08 Aug 2024 13:15:55 INFO  epoch 88 training [time: 35.45s, train_loss1: 23.0786, train_loss2: 0.8657, train_loss3: 0.1802]
Thu 08 Aug 2024 13:15:56 INFO  epoch 88 evaluating [time: 0.20s, valid_score: 0.210100]
Thu 08 Aug 2024 13:15:56 INFO  valid result: 
recall@10 : 0.1701    recall@20 : 0.2606    recall@50 : 0.4256    ndcg@10 : 0.2101    ndcg@20 : 0.2286    ndcg@50 : 0.2794    
Thu 08 Aug 2024 13:15:56 INFO  Saving current best: saved/SVD_MI-Aug-08-2024_12-37-18.pth
Thu 08 Aug 2024 13:15:56 INFO  Running E-step ! 
Thu 08 Aug 2024 13:16:15 INFO  epoch 89 training [time: 18.83s, train_loss1: 23.2218, train_loss2: 0.8642, train_loss3: 0.1799]
Thu 08 Aug 2024 13:16:15 INFO  epoch 89 evaluating [time: 0.21s, valid_score: 0.209700]
Thu 08 Aug 2024 13:16:15 INFO  valid result: 
recall@10 : 0.1695    recall@20 : 0.2604    recall@50 : 0.4256    ndcg@10 : 0.2097    ndcg@20 : 0.2282    ndcg@50 : 0.2792    
Thu 08 Aug 2024 13:16:15 INFO  Running E-step ! 
Thu 08 Aug 2024 13:16:52 INFO  epoch 90 training [time: 36.03s, train_loss1: 23.0244, train_loss2: 0.8627, train_loss3: 0.1790]
Thu 08 Aug 2024 13:16:52 INFO  epoch 90 evaluating [time: 0.19s, valid_score: 0.210000]
Thu 08 Aug 2024 13:16:52 INFO  valid result: 
recall@10 : 0.1699    recall@20 : 0.2601    recall@50 : 0.4254    ndcg@10 : 0.21    ndcg@20 : 0.2283    ndcg@50 : 0.2793    
Thu 08 Aug 2024 13:16:52 INFO  Running E-step ! 
Thu 08 Aug 2024 13:17:11 INFO  epoch 91 training [time: 18.64s, train_loss1: 23.0040, train_loss2: 0.8614, train_loss3: 0.1792]
Thu 08 Aug 2024 13:17:11 INFO  epoch 91 evaluating [time: 0.20s, valid_score: 0.209700]
Thu 08 Aug 2024 13:17:11 INFO  valid result: 
recall@10 : 0.1698    recall@20 : 0.2606    recall@50 : 0.4251    ndcg@10 : 0.2097    ndcg@20 : 0.2281    ndcg@50 : 0.2789    
Thu 08 Aug 2024 13:17:11 INFO  Running E-step ! 
Thu 08 Aug 2024 13:17:30 INFO  epoch 92 training [time: 18.46s, train_loss1: 23.0234, train_loss2: 0.8603, train_loss3: 0.1787]
Thu 08 Aug 2024 13:17:31 INFO  epoch 92 evaluating [time: 0.20s, valid_score: 0.209300]
Thu 08 Aug 2024 13:17:31 INFO  valid result: 
recall@10 : 0.1696    recall@20 : 0.261    recall@50 : 0.426    ndcg@10 : 0.2093    ndcg@20 : 0.2281    ndcg@50 : 0.279    
Thu 08 Aug 2024 13:17:31 INFO  Running E-step ! 
Thu 08 Aug 2024 13:18:09 INFO  epoch 93 training [time: 37.45s, train_loss1: 22.8397, train_loss2: 0.8591, train_loss3: 0.1783]
Thu 08 Aug 2024 13:18:09 INFO  epoch 93 evaluating [time: 0.23s, valid_score: 0.209300]
Thu 08 Aug 2024 13:18:09 INFO  valid result: 
recall@10 : 0.1694    recall@20 : 0.2612    recall@50 : 0.4256    ndcg@10 : 0.2093    ndcg@20 : 0.2283    ndcg@50 : 0.279    
Thu 08 Aug 2024 13:18:09 INFO  Running E-step ! 
Thu 08 Aug 2024 13:18:30 INFO  epoch 94 training [time: 20.18s, train_loss1: 22.7388, train_loss2: 0.8576, train_loss3: 0.1780]
Thu 08 Aug 2024 13:18:30 INFO  epoch 94 evaluating [time: 0.22s, valid_score: 0.209100]
Thu 08 Aug 2024 13:18:30 INFO  valid result: 
recall@10 : 0.1691    recall@20 : 0.2603    recall@50 : 0.4259    ndcg@10 : 0.2091    ndcg@20 : 0.228    ndcg@50 : 0.2791    
Thu 08 Aug 2024 13:18:30 INFO  Running E-step ! 
Thu 08 Aug 2024 13:19:02 INFO  epoch 95 training [time: 31.56s, train_loss1: 22.6141, train_loss2: 0.8563, train_loss3: 0.1780]
Thu 08 Aug 2024 13:19:03 INFO  epoch 95 evaluating [time: 0.21s, valid_score: 0.209200]
Thu 08 Aug 2024 13:19:03 INFO  valid result: 
recall@10 : 0.1693    recall@20 : 0.2611    recall@50 : 0.4263    ndcg@10 : 0.2092    ndcg@20 : 0.2282    ndcg@50 : 0.2792    
Thu 08 Aug 2024 13:19:03 INFO  Running E-step ! 
Thu 08 Aug 2024 13:19:23 INFO  epoch 96 training [time: 19.24s, train_loss1: 22.5325, train_loss2: 0.8550, train_loss3: 0.1780]
Thu 08 Aug 2024 13:19:23 INFO  epoch 96 evaluating [time: 0.35s, valid_score: 0.209100]
Thu 08 Aug 2024 13:19:23 INFO  valid result: 
recall@10 : 0.1692    recall@20 : 0.2611    recall@50 : 0.4267    ndcg@10 : 0.2091    ndcg@20 : 0.2281    ndcg@50 : 0.2793    
Thu 08 Aug 2024 13:19:23 INFO  Running E-step ! 
Thu 08 Aug 2024 13:19:58 INFO  epoch 97 training [time: 34.81s, train_loss1: 22.7337, train_loss2: 0.8538, train_loss3: 0.1776]
Thu 08 Aug 2024 13:19:59 INFO  epoch 97 evaluating [time: 0.21s, valid_score: 0.209400]
Thu 08 Aug 2024 13:19:59 INFO  valid result: 
recall@10 : 0.1697    recall@20 : 0.2608    recall@50 : 0.4265    ndcg@10 : 0.2094    ndcg@20 : 0.2281    ndcg@50 : 0.2792    
Thu 08 Aug 2024 13:19:59 INFO  Running E-step ! 
Thu 08 Aug 2024 13:20:19 INFO  epoch 98 training [time: 19.48s, train_loss1: 22.5901, train_loss2: 0.8526, train_loss3: 0.1769]
Thu 08 Aug 2024 13:20:19 INFO  epoch 98 evaluating [time: 0.20s, valid_score: 0.209500]
Thu 08 Aug 2024 13:20:19 INFO  valid result: 
recall@10 : 0.1699    recall@20 : 0.2609    recall@50 : 0.4268    ndcg@10 : 0.2095    ndcg@20 : 0.2283    ndcg@50 : 0.2794    
Thu 08 Aug 2024 13:20:19 INFO  Running E-step ! 
Thu 08 Aug 2024 13:20:54 INFO  epoch 99 training [time: 33.59s, train_loss1: 22.5994, train_loss2: 0.8512, train_loss3: 0.1770]
Thu 08 Aug 2024 13:20:54 INFO  epoch 99 evaluating [time: 0.21s, valid_score: 0.209400]
Thu 08 Aug 2024 13:20:54 INFO  valid result: 
recall@10 : 0.1696    recall@20 : 0.2612    recall@50 : 0.4266    ndcg@10 : 0.2094    ndcg@20 : 0.2284    ndcg@50 : 0.2794    
Thu 08 Aug 2024 13:20:54 INFO  Finished training, best eval result in epoch 88
Thu 08 Aug 2024 13:20:54 INFO  Loading model structure and parameters from saved/SVD_MI-Aug-08-2024_12-37-18.pth
Thu 08 Aug 2024 13:20:54 INFO  best valid : {'recall@10': 0.4701000000000002, 'recall@20': 0.5606000000000002, 'recall@50': 0.7256000000000002, 'ndcg@10': 0.5101000000000002, 'ndcg@20': 0.5286000000000002, 'ndcg@50': 0.5794000000000002}
Thu 08 Aug 2024 13:20:54 INFO  test result: {'recall@10': 0.2181, 'recall@20': 0.3118, 'recall@50': 0.4768, 'ndcg@10': 0.28640000000000004, 'ndcg@20': 0.2963, 'ndcg@50': 0.34180000000000005}
