Thu 08 Aug 2024 11:16:14 INFO  
General Hyper Parameters:
gpu_id = 6
use_gpu = True
seed = 2020
state = INFO
reproducibility = True
data_path = dataset/ml-1m
show_progress = True
save_dataset = False
save_dataloaders = False
benchmark_filename = None

Training Hyper Parameters:
checkpoint_dir = saved
epochs = 300
train_batch_size = 4096
learner = adam
learning_rate = 0.001
eval_step = 1
stopping_step = 10
clip_grad_norm = None
weight_decay = 0.0
loss_decimal_place = 4

Evaluation Hyper Parameters:
eval_args = {'split': {'RS': [0.8, 0.1, 0.1]}, 'group_by': 'user', 'order': 'RO', 'mode': 'full'}
metrics = ['Recall', 'NDCG']
topk = [10, 20, 50]
valid_metric = NDCG@10
valid_metric_bigger = True
eval_batch_size = 4096000
metric_decimal_place = 4

Dataset Hyper Parameters:
field_separator = 	
seq_separator =  
USER_ID_FIELD = user_id
ITEM_ID_FIELD = item_id
RATING_FIELD = rating
TIME_FIELD = timestamp
seq_len = None
LABEL_FIELD = label
threshold = None
NEG_PREFIX = neg_
load_col = {'inter': ['user_id', 'item_id', 'rating'], 'item': ['item_id', 'movie_title']}
unload_col = None
unused_col = None
additional_feat_suffix = None
rm_dup_inter = None
val_interval = {'rating': '[3,inf)'}
filter_inter_by_user_or_item = True
user_inter_num_interval = [0,inf)
item_inter_num_interval = [0,inf)
alias_of_user_id = None
alias_of_item_id = None
alias_of_entity_id = None
alias_of_relation_id = None
preload_weight = None
normalize_field = None
normalize_all = None
ITEM_LIST_LENGTH_FIELD = item_length
LIST_SUFFIX = _list
MAX_ITEM_LIST_LENGTH = 50
POSITION_FIELD = position_id
HEAD_ENTITY_ID_FIELD = head_id
TAIL_ENTITY_ID_FIELD = tail_id
RELATION_ID_FIELD = relation_id
ENTITY_ID_FIELD = entity_id

Other Hyper Parameters: 
neg_sampling = {'uniform': 1}
repeatable = False
MODEL_TYPE = ModelType.GENERAL
eval_setting = {'split': {'RS': [0.8, 0.1, 0.1]}, 'order': 'RO', 'group_by': 'user', 'mode': 'full'}
embedding_size = 64
n_layers = 3
reg_weight = 0.0001
ssl_temp = 0.1
ssl_reg = 1e-07
hyper_layers = 1
alpha = 1
proto_reg = 8e-08
num_clusters = 1000
m_step = 1
warm_up_step = 20
MODEL_INPUT_TYPE = InputType.PAIRWISE
eval_type = EvaluatorType.RANKING
device = cuda
train_neg_sample_args = {'strategy': 'by', 'by': 1, 'distribution': 'uniform'}
eval_neg_sample_args = {'strategy': 'full', 'distribution': 'uniform'}
svd = True
mi = 7


Thu 08 Aug 2024 11:16:15 INFO  ml-1m
The number of users: 6040
Average actions of users: 138.51266766020865
The number of items: 3884
Average actions of items: 230.56174200661522
The number of inters: 836478
The sparsity of the dataset: 96.43435285532085%
Remain Fields: ['user_id', 'item_id', 'rating', 'movie_title']
Thu 08 Aug 2024 11:16:16 INFO  [Training]: train_batch_size = [4096] negative sampling: [{'uniform': 1}]
Thu 08 Aug 2024 11:16:16 INFO  [Evaluation]: eval_batch_size = [4096000] eval_args: [{'split': {'RS': [0.8, 0.1, 0.1]}, 'group_by': 'user', 'order': 'RO', 'mode': 'full'}]
Thu 08 Aug 2024 11:16:47 INFO  SVD_MI(
  (mf_loss): BPRLoss()
  (reg_loss): EmbLoss()
  (user_embedding): Embedding(6040, 64)
  (item_embedding): Embedding(3884, 64)
  (content_linear): ModuleList(
    (0): Linear(in_features=768, out_features=64, bias=True)
    (1): Linear(in_features=768, out_features=64, bias=True)
    (2): Linear(in_features=768, out_features=64, bias=True)
    (3): Linear(in_features=768, out_features=64, bias=True)
    (4): Linear(in_features=768, out_features=64, bias=True)
    (5): Linear(in_features=768, out_features=64, bias=True)
    (6): Linear(in_features=768, out_features=64, bias=True)
  )
)
Trainable parameters: 979648
Thu 08 Aug 2024 11:16:47 INFO  Running E-step ! 
Thu 08 Aug 2024 11:17:01 INFO  epoch 0 training [time: 11.53s, train_loss1: 114.2644, train_loss2: 0.2572]
Thu 08 Aug 2024 11:17:01 INFO  epoch 0 evaluating [time: 0.14s, valid_score: 0.087300]
Thu 08 Aug 2024 11:17:01 INFO  valid result: 
recall@10 : 0.0726    recall@20 : 0.1298    recall@50 : 0.2358    ndcg@10 : 0.0873    ndcg@20 : 0.1019    ndcg@50 : 0.1358    
Thu 08 Aug 2024 11:17:01 INFO  Saving current best: saved/SVD_MI-Aug-08-2024_11-16-47.pth
Thu 08 Aug 2024 11:17:01 INFO  Running E-step ! 
Thu 08 Aug 2024 11:17:13 INFO  epoch 1 training [time: 10.96s, train_loss1: 113.9482, train_loss2: 0.2091]
Thu 08 Aug 2024 11:17:13 INFO  epoch 1 evaluating [time: 0.14s, valid_score: 0.138400]
Thu 08 Aug 2024 11:17:13 INFO  valid result: 
recall@10 : 0.1106    recall@20 : 0.1791    recall@50 : 0.3019    ndcg@10 : 0.1384    ndcg@20 : 0.1527    ndcg@50 : 0.1909    
Thu 08 Aug 2024 11:17:13 INFO  Saving current best: saved/SVD_MI-Aug-08-2024_11-16-47.pth
Thu 08 Aug 2024 11:17:13 INFO  Running E-step ! 
Thu 08 Aug 2024 11:17:24 INFO  epoch 2 training [time: 10.93s, train_loss1: 90.7464, train_loss2: 0.8152]
Thu 08 Aug 2024 11:17:24 INFO  epoch 2 evaluating [time: 0.14s, valid_score: 0.105000]
Thu 08 Aug 2024 11:17:24 INFO  valid result: 
recall@10 : 0.0783    recall@20 : 0.1288    recall@50 : 0.2246    ndcg@10 : 0.105    ndcg@20 : 0.1145    ndcg@50 : 0.143    
Thu 08 Aug 2024 11:17:24 INFO  Running E-step ! 
Thu 08 Aug 2024 11:17:54 INFO  epoch 3 training [time: 29.53s, train_loss1: 53.8715, train_loss2: 1.0853]
Thu 08 Aug 2024 11:17:55 INFO  epoch 3 evaluating [time: 0.14s, valid_score: 0.105200]
Thu 08 Aug 2024 11:17:55 INFO  valid result: 
recall@10 : 0.0781    recall@20 : 0.1297    recall@50 : 0.2257    ndcg@10 : 0.1052    ndcg@20 : 0.115    ndcg@50 : 0.1435    
Thu 08 Aug 2024 11:17:55 INFO  Running E-step ! 
Thu 08 Aug 2024 11:18:07 INFO  epoch 4 training [time: 11.09s, train_loss1: 52.1097, train_loss2: 1.0901]
Thu 08 Aug 2024 11:18:07 INFO  epoch 4 evaluating [time: 0.25s, valid_score: 0.106900]
Thu 08 Aug 2024 11:18:07 INFO  valid result: 
recall@10 : 0.0801    recall@20 : 0.1313    recall@50 : 0.2307    ndcg@10 : 0.1069    ndcg@20 : 0.1167    ndcg@50 : 0.1463    
Thu 08 Aug 2024 11:18:07 INFO  Running E-step ! 
Thu 08 Aug 2024 11:18:19 INFO  epoch 5 training [time: 11.09s, train_loss1: 50.4074, train_loss2: 1.0919]
Thu 08 Aug 2024 11:18:19 INFO  epoch 5 evaluating [time: 0.14s, valid_score: 0.109900]
Thu 08 Aug 2024 11:18:19 INFO  valid result: 
recall@10 : 0.083    recall@20 : 0.1353    recall@50 : 0.2389    ndcg@10 : 0.1099    ndcg@20 : 0.1196    ndcg@50 : 0.1507    
Thu 08 Aug 2024 11:18:19 INFO  Running E-step ! 
Thu 08 Aug 2024 11:18:56 INFO  epoch 6 training [time: 35.37s, train_loss1: 48.6367, train_loss2: 1.0914]
Thu 08 Aug 2024 11:18:56 INFO  epoch 6 evaluating [time: 0.14s, valid_score: 0.114200]
Thu 08 Aug 2024 11:18:56 INFO  valid result: 
recall@10 : 0.0868    recall@20 : 0.1397    recall@50 : 0.2514    ndcg@10 : 0.1142    ndcg@20 : 0.1239    ndcg@50 : 0.1574    
Thu 08 Aug 2024 11:18:56 INFO  Running E-step ! 
Thu 08 Aug 2024 11:19:08 INFO  epoch 7 training [time: 11.14s, train_loss1: 46.7523, train_loss2: 1.0894]
Thu 08 Aug 2024 11:19:08 INFO  epoch 7 evaluating [time: 0.15s, valid_score: 0.119300]
Thu 08 Aug 2024 11:19:08 INFO  valid result: 
recall@10 : 0.0906    recall@20 : 0.1439    recall@50 : 0.2598    ndcg@10 : 0.1193    ndcg@20 : 0.1289    ndcg@50 : 0.164    
Thu 08 Aug 2024 11:19:08 INFO  Running E-step ! 
Thu 08 Aug 2024 11:19:20 INFO  epoch 8 training [time: 11.11s, train_loss1: 44.8532, train_loss2: 1.0864]
Thu 08 Aug 2024 11:19:20 INFO  epoch 8 evaluating [time: 0.14s, valid_score: 0.124900]
Thu 08 Aug 2024 11:19:20 INFO  valid result: 
recall@10 : 0.0944    recall@20 : 0.1505    recall@50 : 0.27    ndcg@10 : 0.1249    ndcg@20 : 0.1351    ndcg@50 : 0.1714    
Thu 08 Aug 2024 11:19:20 INFO  Running E-step ! 
Thu 08 Aug 2024 11:19:57 INFO  epoch 9 training [time: 36.44s, train_loss1: 43.1389, train_loss2: 1.0829]
Thu 08 Aug 2024 11:19:57 INFO  epoch 9 evaluating [time: 0.14s, valid_score: 0.130200]
Thu 08 Aug 2024 11:19:57 INFO  valid result: 
recall@10 : 0.0979    recall@20 : 0.156    recall@50 : 0.2801    ndcg@10 : 0.1302    ndcg@20 : 0.1409    ndcg@50 : 0.1788    
Thu 08 Aug 2024 11:19:57 INFO  Running E-step ! 
Thu 08 Aug 2024 11:20:09 INFO  epoch 10 training [time: 11.14s, train_loss1: 41.6380, train_loss2: 1.0791]
Thu 08 Aug 2024 11:20:09 INFO  epoch 10 evaluating [time: 0.14s, valid_score: 0.135500]
Thu 08 Aug 2024 11:20:09 INFO  valid result: 
recall@10 : 0.1021    recall@20 : 0.162    recall@50 : 0.2905    ndcg@10 : 0.1355    ndcg@20 : 0.1467    ndcg@50 : 0.1859    
Thu 08 Aug 2024 11:20:09 INFO  Running E-step ! 
Thu 08 Aug 2024 11:20:21 INFO  epoch 11 training [time: 10.99s, train_loss1: 40.3919, train_loss2: 1.0754]
Thu 08 Aug 2024 11:20:21 INFO  epoch 11 evaluating [time: 0.13s, valid_score: 0.140100]
Thu 08 Aug 2024 11:20:21 INFO  valid result: 
recall@10 : 0.1056    recall@20 : 0.1681    recall@50 : 0.2992    ndcg@10 : 0.1401    ndcg@20 : 0.152    ndcg@50 : 0.1921    
Thu 08 Aug 2024 11:20:21 INFO  Saving current best: saved/SVD_MI-Aug-08-2024_11-16-47.pth
Thu 08 Aug 2024 11:20:21 INFO  Running E-step ! 
Thu 08 Aug 2024 11:20:59 INFO  epoch 12 training [time: 36.69s, train_loss1: 39.2747, train_loss2: 1.0720]
Thu 08 Aug 2024 11:20:59 INFO  epoch 12 evaluating [time: 0.14s, valid_score: 0.144500]
Thu 08 Aug 2024 11:20:59 INFO  valid result: 
recall@10 : 0.1088    recall@20 : 0.1734    recall@50 : 0.3061    ndcg@10 : 0.1445    ndcg@20 : 0.1568    ndcg@50 : 0.1973    
Thu 08 Aug 2024 11:20:59 INFO  Saving current best: saved/SVD_MI-Aug-08-2024_11-16-47.pth
Thu 08 Aug 2024 11:20:59 INFO  Running E-step ! 
Thu 08 Aug 2024 11:21:11 INFO  epoch 13 training [time: 11.07s, train_loss1: 38.3832, train_loss2: 1.0688]
Thu 08 Aug 2024 11:21:11 INFO  epoch 13 evaluating [time: 0.13s, valid_score: 0.148000]
Thu 08 Aug 2024 11:21:11 INFO  valid result: 
recall@10 : 0.1122    recall@20 : 0.1786    recall@50 : 0.315    ndcg@10 : 0.148    ndcg@20 : 0.161    ndcg@50 : 0.2025    
Thu 08 Aug 2024 11:21:11 INFO  Saving current best: saved/SVD_MI-Aug-08-2024_11-16-47.pth
Thu 08 Aug 2024 11:21:11 INFO  Running E-step ! 
Thu 08 Aug 2024 11:21:22 INFO  epoch 14 training [time: 10.98s, train_loss1: 37.5082, train_loss2: 1.0652]
Thu 08 Aug 2024 11:21:22 INFO  epoch 14 evaluating [time: 0.14s, valid_score: 0.152100]
Thu 08 Aug 2024 11:21:22 INFO  valid result: 
recall@10 : 0.1159    recall@20 : 0.1816    recall@50 : 0.3211    ndcg@10 : 0.1521    ndcg@20 : 0.1646    ndcg@50 : 0.2074    
Thu 08 Aug 2024 11:21:22 INFO  Saving current best: saved/SVD_MI-Aug-08-2024_11-16-47.pth
Thu 08 Aug 2024 11:21:22 INFO  Running E-step ! 
Thu 08 Aug 2024 11:22:09 INFO  epoch 15 training [time: 45.20s, train_loss1: 36.7429, train_loss2: 1.0618]
Thu 08 Aug 2024 11:22:09 INFO  epoch 15 evaluating [time: 0.19s, valid_score: 0.155200]
Thu 08 Aug 2024 11:22:09 INFO  valid result: 
recall@10 : 0.1188    recall@20 : 0.1865    recall@50 : 0.3269    ndcg@10 : 0.1552    ndcg@20 : 0.1685    ndcg@50 : 0.2114    
Thu 08 Aug 2024 11:22:09 INFO  Saving current best: saved/SVD_MI-Aug-08-2024_11-16-47.pth
Thu 08 Aug 2024 11:22:09 INFO  Running E-step ! 
Thu 08 Aug 2024 11:22:31 INFO  epoch 16 training [time: 21.92s, train_loss1: 35.9936, train_loss2: 1.0584]
Thu 08 Aug 2024 11:22:31 INFO  epoch 16 evaluating [time: 0.17s, valid_score: 0.158300]
Thu 08 Aug 2024 11:22:31 INFO  valid result: 
recall@10 : 0.1215    recall@20 : 0.1905    recall@50 : 0.3318    ndcg@10 : 0.1583    ndcg@20 : 0.1718    ndcg@50 : 0.215    
Thu 08 Aug 2024 11:22:31 INFO  Saving current best: saved/SVD_MI-Aug-08-2024_11-16-47.pth
Thu 08 Aug 2024 11:22:31 INFO  Running E-step ! 
Thu 08 Aug 2024 11:23:03 INFO  epoch 17 training [time: 30.61s, train_loss1: 35.4376, train_loss2: 1.0548]
Thu 08 Aug 2024 11:23:03 INFO  epoch 17 evaluating [time: 0.17s, valid_score: 0.161500]
Thu 08 Aug 2024 11:23:03 INFO  valid result: 
recall@10 : 0.1247    recall@20 : 0.1944    recall@50 : 0.3372    ndcg@10 : 0.1615    ndcg@20 : 0.1751    ndcg@50 : 0.219    
Thu 08 Aug 2024 11:23:03 INFO  Saving current best: saved/SVD_MI-Aug-08-2024_11-16-47.pth
Thu 08 Aug 2024 11:23:03 INFO  Running E-step ! 
Thu 08 Aug 2024 11:23:25 INFO  epoch 18 training [time: 22.07s, train_loss1: 34.7984, train_loss2: 1.0514]
Thu 08 Aug 2024 11:23:26 INFO  epoch 18 evaluating [time: 0.20s, valid_score: 0.165000]
Thu 08 Aug 2024 11:23:26 INFO  valid result: 
recall@10 : 0.1281    recall@20 : 0.1989    recall@50 : 0.3411    ndcg@10 : 0.165    ndcg@20 : 0.1787    ndcg@50 : 0.2222    
Thu 08 Aug 2024 11:23:26 INFO  Saving current best: saved/SVD_MI-Aug-08-2024_11-16-47.pth
Thu 08 Aug 2024 11:23:26 INFO  Running E-step ! 
Thu 08 Aug 2024 11:23:59 INFO  epoch 19 training [time: 31.92s, train_loss1: 34.1643, train_loss2: 1.0477]
Thu 08 Aug 2024 11:23:59 INFO  epoch 19 evaluating [time: 0.18s, valid_score: 0.167600]
Thu 08 Aug 2024 11:23:59 INFO  valid result: 
recall@10 : 0.1307    recall@20 : 0.2025    recall@50 : 0.3454    ndcg@10 : 0.1676    ndcg@20 : 0.1812    ndcg@50 : 0.2251    
Thu 08 Aug 2024 11:23:59 INFO  Saving current best: saved/SVD_MI-Aug-08-2024_11-16-47.pth
Thu 08 Aug 2024 11:23:59 INFO  Running E-step ! 
Thu 08 Aug 2024 11:24:21 INFO  epoch 20 training [time: 21.72s, train_loss1: 33.7821, train_loss2: 1.0437, train_loss3: 0.2695]
Thu 08 Aug 2024 11:24:22 INFO  epoch 20 evaluating [time: 0.19s, valid_score: 0.170200]
Thu 08 Aug 2024 11:24:22 INFO  valid result: 
recall@10 : 0.1327    recall@20 : 0.2061    recall@50 : 0.3502    ndcg@10 : 0.1702    ndcg@20 : 0.1843    ndcg@50 : 0.2286    
Thu 08 Aug 2024 11:24:22 INFO  Saving current best: saved/SVD_MI-Aug-08-2024_11-16-47.pth
Thu 08 Aug 2024 11:24:22 INFO  Running E-step ! 
Thu 08 Aug 2024 11:24:54 INFO  epoch 21 training [time: 31.18s, train_loss1: 33.3436, train_loss2: 1.0396, train_loss3: 0.2643]
Thu 08 Aug 2024 11:24:54 INFO  epoch 21 evaluating [time: 0.19s, valid_score: 0.173100]
Thu 08 Aug 2024 11:24:54 INFO  valid result: 
recall@10 : 0.1351    recall@20 : 0.2101    recall@50 : 0.355    ndcg@10 : 0.1731    ndcg@20 : 0.1875    ndcg@50 : 0.2321    
Thu 08 Aug 2024 11:24:54 INFO  Saving current best: saved/SVD_MI-Aug-08-2024_11-16-47.pth
Thu 08 Aug 2024 11:24:54 INFO  Running E-step ! 
Thu 08 Aug 2024 11:25:17 INFO  epoch 22 training [time: 21.82s, train_loss1: 32.7482, train_loss2: 1.0358, train_loss3: 0.2600]
Thu 08 Aug 2024 11:25:17 INFO  epoch 22 evaluating [time: 0.29s, valid_score: 0.175700]
Thu 08 Aug 2024 11:25:17 INFO  valid result: 
recall@10 : 0.1372    recall@20 : 0.2125    recall@50 : 0.3582    ndcg@10 : 0.1757    ndcg@20 : 0.19    ndcg@50 : 0.235    
Thu 08 Aug 2024 11:25:17 INFO  Saving current best: saved/SVD_MI-Aug-08-2024_11-16-47.pth
Thu 08 Aug 2024 11:25:17 INFO  Running E-step ! 
Thu 08 Aug 2024 11:25:51 INFO  epoch 23 training [time: 32.61s, train_loss1: 32.5539, train_loss2: 1.0314, train_loss3: 0.2557]
Thu 08 Aug 2024 11:25:51 INFO  epoch 23 evaluating [time: 0.19s, valid_score: 0.178100]
Thu 08 Aug 2024 11:25:51 INFO  valid result: 
recall@10 : 0.1395    recall@20 : 0.216    recall@50 : 0.3634    ndcg@10 : 0.1781    ndcg@20 : 0.1928    ndcg@50 : 0.2381    
Thu 08 Aug 2024 11:25:51 INFO  Saving current best: saved/SVD_MI-Aug-08-2024_11-16-47.pth
Thu 08 Aug 2024 11:25:51 INFO  Running E-step ! 
Thu 08 Aug 2024 11:26:15 INFO  epoch 24 training [time: 23.10s, train_loss1: 32.0096, train_loss2: 1.0276, train_loss3: 0.2521]
Thu 08 Aug 2024 11:26:15 INFO  epoch 24 evaluating [time: 0.16s, valid_score: 0.179900]
Thu 08 Aug 2024 11:26:15 INFO  valid result: 
recall@10 : 0.1412    recall@20 : 0.2188    recall@50 : 0.3671    ndcg@10 : 0.1799    ndcg@20 : 0.1947    ndcg@50 : 0.2402    
Thu 08 Aug 2024 11:26:15 INFO  Saving current best: saved/SVD_MI-Aug-08-2024_11-16-47.pth
Thu 08 Aug 2024 11:26:15 INFO  Running E-step ! 
Thu 08 Aug 2024 11:26:39 INFO  epoch 25 training [time: 21.98s, train_loss1: 31.5733, train_loss2: 1.0234, train_loss3: 0.2482]
Thu 08 Aug 2024 11:26:39 INFO  epoch 25 evaluating [time: 0.18s, valid_score: 0.182000]
Thu 08 Aug 2024 11:26:39 INFO  valid result: 
recall@10 : 0.1434    recall@20 : 0.2216    recall@50 : 0.3705    ndcg@10 : 0.182    ndcg@20 : 0.197    ndcg@50 : 0.2427    
Thu 08 Aug 2024 11:26:39 INFO  Saving current best: saved/SVD_MI-Aug-08-2024_11-16-47.pth
Thu 08 Aug 2024 11:26:39 INFO  Running E-step ! 
Thu 08 Aug 2024 11:27:09 INFO  epoch 26 training [time: 29.61s, train_loss1: 31.3769, train_loss2: 1.0193, train_loss3: 0.2452]
Thu 08 Aug 2024 11:27:09 INFO  epoch 26 evaluating [time: 0.19s, valid_score: 0.184200]
Thu 08 Aug 2024 11:27:09 INFO  valid result: 
recall@10 : 0.1456    recall@20 : 0.224    recall@50 : 0.3733    ndcg@10 : 0.1842    ndcg@20 : 0.1992    ndcg@50 : 0.245    
Thu 08 Aug 2024 11:27:09 INFO  Saving current best: saved/SVD_MI-Aug-08-2024_11-16-47.pth
Thu 08 Aug 2024 11:27:09 INFO  Running E-step ! 
Thu 08 Aug 2024 11:27:31 INFO  epoch 27 training [time: 20.63s, train_loss1: 30.9789, train_loss2: 1.0153, train_loss3: 0.2421]
Thu 08 Aug 2024 11:27:31 INFO  epoch 27 evaluating [time: 0.16s, valid_score: 0.186800]
Thu 08 Aug 2024 11:27:31 INFO  valid result: 
recall@10 : 0.1486    recall@20 : 0.2268    recall@50 : 0.3755    ndcg@10 : 0.1868    ndcg@20 : 0.2016    ndcg@50 : 0.2473    
Thu 08 Aug 2024 11:27:31 INFO  Saving current best: saved/SVD_MI-Aug-08-2024_11-16-47.pth
Thu 08 Aug 2024 11:27:31 INFO  Running E-step ! 
Thu 08 Aug 2024 11:28:02 INFO  epoch 28 training [time: 29.83s, train_loss1: 30.5664, train_loss2: 1.0112, train_loss3: 0.2395]
Thu 08 Aug 2024 11:28:03 INFO  epoch 28 evaluating [time: 0.16s, valid_score: 0.187600]
Thu 08 Aug 2024 11:28:03 INFO  valid result: 
recall@10 : 0.149    recall@20 : 0.2291    recall@50 : 0.3787    ndcg@10 : 0.1876    ndcg@20 : 0.2034    ndcg@50 : 0.2494    
Thu 08 Aug 2024 11:28:03 INFO  Saving current best: saved/SVD_MI-Aug-08-2024_11-16-47.pth
Thu 08 Aug 2024 11:28:03 INFO  Running E-step ! 
Thu 08 Aug 2024 11:28:24 INFO  epoch 29 training [time: 20.39s, train_loss1: 30.4824, train_loss2: 1.0067, train_loss3: 0.2359]
Thu 08 Aug 2024 11:28:24 INFO  epoch 29 evaluating [time: 0.16s, valid_score: 0.189400]
Thu 08 Aug 2024 11:28:24 INFO  valid result: 
recall@10 : 0.151    recall@20 : 0.2315    recall@50 : 0.3808    ndcg@10 : 0.1894    ndcg@20 : 0.2054    ndcg@50 : 0.2513    
Thu 08 Aug 2024 11:28:24 INFO  Saving current best: saved/SVD_MI-Aug-08-2024_11-16-47.pth
Thu 08 Aug 2024 11:28:24 INFO  Running E-step ! 
Thu 08 Aug 2024 11:28:58 INFO  epoch 30 training [time: 33.94s, train_loss1: 29.9819, train_loss2: 1.0026, train_loss3: 0.2332]
Thu 08 Aug 2024 11:28:59 INFO  epoch 30 evaluating [time: 0.18s, valid_score: 0.190100]
Thu 08 Aug 2024 11:28:59 INFO  valid result: 
recall@10 : 0.1513    recall@20 : 0.2333    recall@50 : 0.3839    ndcg@10 : 0.1901    ndcg@20 : 0.2067    ndcg@50 : 0.253    
Thu 08 Aug 2024 11:28:59 INFO  Saving current best: saved/SVD_MI-Aug-08-2024_11-16-47.pth
Thu 08 Aug 2024 11:28:59 INFO  Running E-step ! 
Thu 08 Aug 2024 11:29:20 INFO  epoch 31 training [time: 20.43s, train_loss1: 29.7554, train_loss2: 0.9987, train_loss3: 0.2306]
Thu 08 Aug 2024 11:29:20 INFO  epoch 31 evaluating [time: 0.16s, valid_score: 0.191700]
Thu 08 Aug 2024 11:29:20 INFO  valid result: 
recall@10 : 0.1529    recall@20 : 0.2354    recall@50 : 0.3866    ndcg@10 : 0.1917    ndcg@20 : 0.2085    ndcg@50 : 0.2549    
Thu 08 Aug 2024 11:29:20 INFO  Saving current best: saved/SVD_MI-Aug-08-2024_11-16-47.pth
Thu 08 Aug 2024 11:29:20 INFO  Running E-step ! 
Thu 08 Aug 2024 11:29:54 INFO  epoch 32 training [time: 32.72s, train_loss1: 29.4616, train_loss2: 0.9948, train_loss3: 0.2283]
Thu 08 Aug 2024 11:29:54 INFO  epoch 32 evaluating [time: 0.16s, valid_score: 0.193400]
Thu 08 Aug 2024 11:29:54 INFO  valid result: 
recall@10 : 0.1544    recall@20 : 0.2371    recall@50 : 0.3886    ndcg@10 : 0.1934    ndcg@20 : 0.21    ndcg@50 : 0.2565    
Thu 08 Aug 2024 11:29:54 INFO  Saving current best: saved/SVD_MI-Aug-08-2024_11-16-47.pth
Thu 08 Aug 2024 11:29:54 INFO  Running E-step ! 
Thu 08 Aug 2024 11:30:16 INFO  epoch 33 training [time: 20.44s, train_loss1: 29.1639, train_loss2: 0.9911, train_loss3: 0.2267]
Thu 08 Aug 2024 11:30:16 INFO  epoch 33 evaluating [time: 0.18s, valid_score: 0.194600]
Thu 08 Aug 2024 11:30:16 INFO  valid result: 
recall@10 : 0.1554    recall@20 : 0.2381    recall@50 : 0.3916    ndcg@10 : 0.1946    ndcg@20 : 0.211    ndcg@50 : 0.2582    
Thu 08 Aug 2024 11:30:16 INFO  Saving current best: saved/SVD_MI-Aug-08-2024_11-16-47.pth
Thu 08 Aug 2024 11:30:16 INFO  Running E-step ! 
Thu 08 Aug 2024 11:30:51 INFO  epoch 34 training [time: 34.31s, train_loss1: 28.9220, train_loss2: 0.9873, train_loss3: 0.2242]
Thu 08 Aug 2024 11:30:52 INFO  epoch 34 evaluating [time: 0.19s, valid_score: 0.196100]
Thu 08 Aug 2024 11:30:52 INFO  valid result: 
recall@10 : 0.1569    recall@20 : 0.2405    recall@50 : 0.393    ndcg@10 : 0.1961    ndcg@20 : 0.2126    ndcg@50 : 0.2595    
Thu 08 Aug 2024 11:30:52 INFO  Saving current best: saved/SVD_MI-Aug-08-2024_11-16-47.pth
Thu 08 Aug 2024 11:30:52 INFO  Running E-step ! 
Thu 08 Aug 2024 11:31:15 INFO  epoch 35 training [time: 22.73s, train_loss1: 28.7359, train_loss2: 0.9838, train_loss3: 0.2226]
Thu 08 Aug 2024 11:31:15 INFO  epoch 35 evaluating [time: 0.17s, valid_score: 0.197100]
Thu 08 Aug 2024 11:31:15 INFO  valid result: 
recall@10 : 0.1575    recall@20 : 0.2418    recall@50 : 0.3948    ndcg@10 : 0.1971    ndcg@20 : 0.2139    ndcg@50 : 0.2608    
Thu 08 Aug 2024 11:31:15 INFO  Saving current best: saved/SVD_MI-Aug-08-2024_11-16-47.pth
Thu 08 Aug 2024 11:31:15 INFO  Running E-step ! 
Thu 08 Aug 2024 11:31:38 INFO  epoch 36 training [time: 22.64s, train_loss1: 28.3944, train_loss2: 0.9800, train_loss3: 0.2212]
Thu 08 Aug 2024 11:31:39 INFO  epoch 36 evaluating [time: 0.18s, valid_score: 0.198000]
Thu 08 Aug 2024 11:31:39 INFO  valid result: 
recall@10 : 0.1583    recall@20 : 0.2429    recall@50 : 0.396    ndcg@10 : 0.198    ndcg@20 : 0.2149    ndcg@50 : 0.2619    
Thu 08 Aug 2024 11:31:39 INFO  Saving current best: saved/SVD_MI-Aug-08-2024_11-16-47.pth
Thu 08 Aug 2024 11:31:39 INFO  Running E-step ! 
Thu 08 Aug 2024 11:32:09 INFO  epoch 37 training [time: 29.76s, train_loss1: 28.3893, train_loss2: 0.9765, train_loss3: 0.2197]
Thu 08 Aug 2024 11:32:10 INFO  epoch 37 evaluating [time: 0.18s, valid_score: 0.199500]
Thu 08 Aug 2024 11:32:10 INFO  valid result: 
recall@10 : 0.1597    recall@20 : 0.2449    recall@50 : 0.398    ndcg@10 : 0.1995    ndcg@20 : 0.2165    ndcg@50 : 0.2635    
Thu 08 Aug 2024 11:32:10 INFO  Saving current best: saved/SVD_MI-Aug-08-2024_11-16-47.pth
Thu 08 Aug 2024 11:32:10 INFO  Running E-step ! 
Thu 08 Aug 2024 11:32:33 INFO  epoch 38 training [time: 22.57s, train_loss1: 28.0488, train_loss2: 0.9730, train_loss3: 0.2170]
Thu 08 Aug 2024 11:32:33 INFO  epoch 38 evaluating [time: 0.19s, valid_score: 0.200100]
Thu 08 Aug 2024 11:32:33 INFO  valid result: 
recall@10 : 0.1604    recall@20 : 0.2456    recall@50 : 0.3994    ndcg@10 : 0.2001    ndcg@20 : 0.2171    ndcg@50 : 0.2644    
Thu 08 Aug 2024 11:32:33 INFO  Saving current best: saved/SVD_MI-Aug-08-2024_11-16-47.pth
Thu 08 Aug 2024 11:32:33 INFO  Running E-step ! 
Thu 08 Aug 2024 11:33:04 INFO  epoch 39 training [time: 30.16s, train_loss1: 27.9562, train_loss2: 0.9695, train_loss3: 0.2164]
Thu 08 Aug 2024 11:33:04 INFO  epoch 39 evaluating [time: 0.18s, valid_score: 0.200900]
Thu 08 Aug 2024 11:33:04 INFO  valid result: 
recall@10 : 0.1612    recall@20 : 0.2461    recall@50 : 0.4005    ndcg@10 : 0.2009    ndcg@20 : 0.2178    ndcg@50 : 0.2651    
Thu 08 Aug 2024 11:33:04 INFO  Saving current best: saved/SVD_MI-Aug-08-2024_11-16-47.pth
Thu 08 Aug 2024 11:33:04 INFO  Running E-step ! 
Thu 08 Aug 2024 11:33:28 INFO  epoch 40 training [time: 22.60s, train_loss1: 27.7328, train_loss2: 0.9659, train_loss3: 0.2142]
Thu 08 Aug 2024 11:33:28 INFO  epoch 40 evaluating [time: 0.28s, valid_score: 0.201700]
Thu 08 Aug 2024 11:33:28 INFO  valid result: 
recall@10 : 0.1622    recall@20 : 0.2472    recall@50 : 0.4025    ndcg@10 : 0.2017    ndcg@20 : 0.2185    ndcg@50 : 0.2663    
Thu 08 Aug 2024 11:33:28 INFO  Saving current best: saved/SVD_MI-Aug-08-2024_11-16-47.pth
Thu 08 Aug 2024 11:33:28 INFO  Running E-step ! 
Thu 08 Aug 2024 11:34:00 INFO  epoch 41 training [time: 31.13s, train_loss1: 27.5705, train_loss2: 0.9626, train_loss3: 0.2135]
Thu 08 Aug 2024 11:34:00 INFO  epoch 41 evaluating [time: 0.19s, valid_score: 0.202600]
Thu 08 Aug 2024 11:34:00 INFO  valid result: 
recall@10 : 0.1628    recall@20 : 0.248    recall@50 : 0.4033    ndcg@10 : 0.2026    ndcg@20 : 0.2194    ndcg@50 : 0.2672    
Thu 08 Aug 2024 11:34:00 INFO  Saving current best: saved/SVD_MI-Aug-08-2024_11-16-47.pth
Thu 08 Aug 2024 11:34:00 INFO  Running E-step ! 
Thu 08 Aug 2024 11:34:24 INFO  epoch 42 training [time: 22.96s, train_loss1: 27.4904, train_loss2: 0.9594, train_loss3: 0.2119]
Thu 08 Aug 2024 11:34:24 INFO  epoch 42 evaluating [time: 0.19s, valid_score: 0.203200]
Thu 08 Aug 2024 11:34:24 INFO  valid result: 
recall@10 : 0.1632    recall@20 : 0.2484    recall@50 : 0.4041    ndcg@10 : 0.2032    ndcg@20 : 0.22    ndcg@50 : 0.268    
Thu 08 Aug 2024 11:34:24 INFO  Saving current best: saved/SVD_MI-Aug-08-2024_11-16-47.pth
Thu 08 Aug 2024 11:34:24 INFO  Running E-step ! 
Thu 08 Aug 2024 11:34:55 INFO  epoch 43 training [time: 30.45s, train_loss1: 27.2839, train_loss2: 0.9562, train_loss3: 0.2100]
Thu 08 Aug 2024 11:34:55 INFO  epoch 43 evaluating [time: 0.16s, valid_score: 0.203200]
Thu 08 Aug 2024 11:34:55 INFO  valid result: 
recall@10 : 0.1635    recall@20 : 0.2499    recall@50 : 0.4058    ndcg@10 : 0.2032    ndcg@20 : 0.2205    ndcg@50 : 0.2685    
Thu 08 Aug 2024 11:34:55 INFO  Running E-step ! 
Thu 08 Aug 2024 11:35:19 INFO  epoch 44 training [time: 22.99s, train_loss1: 26.9692, train_loss2: 0.9532, train_loss3: 0.2077]
Thu 08 Aug 2024 11:35:19 INFO  epoch 44 evaluating [time: 0.19s, valid_score: 0.203700]
Thu 08 Aug 2024 11:35:19 INFO  valid result: 
recall@10 : 0.1644    recall@20 : 0.2505    recall@50 : 0.4068    ndcg@10 : 0.2037    ndcg@20 : 0.2209    ndcg@50 : 0.269    
Thu 08 Aug 2024 11:35:19 INFO  Saving current best: saved/SVD_MI-Aug-08-2024_11-16-47.pth
Thu 08 Aug 2024 11:35:19 INFO  Running E-step ! 
Thu 08 Aug 2024 11:35:51 INFO  epoch 45 training [time: 31.78s, train_loss1: 26.8309, train_loss2: 0.9502, train_loss3: 0.2064]
Thu 08 Aug 2024 11:35:52 INFO  epoch 45 evaluating [time: 0.20s, valid_score: 0.204500]
Thu 08 Aug 2024 11:35:52 INFO  valid result: 
recall@10 : 0.1651    recall@20 : 0.2506    recall@50 : 0.4074    ndcg@10 : 0.2045    ndcg@20 : 0.2214    ndcg@50 : 0.2696    
Thu 08 Aug 2024 11:35:52 INFO  Saving current best: saved/SVD_MI-Aug-08-2024_11-16-47.pth
Thu 08 Aug 2024 11:35:52 INFO  Running E-step ! 
Thu 08 Aug 2024 11:36:15 INFO  epoch 46 training [time: 22.90s, train_loss1: 26.7679, train_loss2: 0.9471, train_loss3: 0.2060]
Thu 08 Aug 2024 11:36:15 INFO  epoch 46 evaluating [time: 0.17s, valid_score: 0.204600]
Thu 08 Aug 2024 11:36:15 INFO  valid result: 
recall@10 : 0.1652    recall@20 : 0.2512    recall@50 : 0.4087    ndcg@10 : 0.2046    ndcg@20 : 0.2218    ndcg@50 : 0.2702    
Thu 08 Aug 2024 11:36:15 INFO  Saving current best: saved/SVD_MI-Aug-08-2024_11-16-47.pth
Thu 08 Aug 2024 11:36:15 INFO  Running E-step ! 
Thu 08 Aug 2024 11:36:39 INFO  epoch 47 training [time: 22.76s, train_loss1: 26.6427, train_loss2: 0.9443, train_loss3: 0.2059]
Thu 08 Aug 2024 11:36:39 INFO  epoch 47 evaluating [time: 0.19s, valid_score: 0.204700]
Thu 08 Aug 2024 11:36:39 INFO  valid result: 
recall@10 : 0.1654    recall@20 : 0.2512    recall@50 : 0.4096    ndcg@10 : 0.2047    ndcg@20 : 0.2218    ndcg@50 : 0.2706    
Thu 08 Aug 2024 11:36:39 INFO  Saving current best: saved/SVD_MI-Aug-08-2024_11-16-47.pth
Thu 08 Aug 2024 11:36:39 INFO  Running E-step ! 
Thu 08 Aug 2024 11:37:10 INFO  epoch 48 training [time: 29.47s, train_loss1: 26.5651, train_loss2: 0.9414, train_loss3: 0.2039]
Thu 08 Aug 2024 11:37:10 INFO  epoch 48 evaluating [time: 0.17s, valid_score: 0.205700]
Thu 08 Aug 2024 11:37:10 INFO  valid result: 
recall@10 : 0.1663    recall@20 : 0.2515    recall@50 : 0.4103    ndcg@10 : 0.2057    ndcg@20 : 0.2224    ndcg@50 : 0.2712    
Thu 08 Aug 2024 11:37:10 INFO  Saving current best: saved/SVD_MI-Aug-08-2024_11-16-47.pth
Thu 08 Aug 2024 11:37:10 INFO  Running E-step ! 
Thu 08 Aug 2024 11:37:34 INFO  epoch 49 training [time: 22.77s, train_loss1: 26.2424, train_loss2: 0.9388, train_loss3: 0.2023]
Thu 08 Aug 2024 11:37:34 INFO  epoch 49 evaluating [time: 0.18s, valid_score: 0.205700]
Thu 08 Aug 2024 11:37:34 INFO  valid result: 
recall@10 : 0.1663    recall@20 : 0.2523    recall@50 : 0.4106    ndcg@10 : 0.2057    ndcg@20 : 0.2227    ndcg@50 : 0.2715    
Thu 08 Aug 2024 11:37:34 INFO  Running E-step ! 
Thu 08 Aug 2024 11:38:04 INFO  epoch 50 training [time: 29.55s, train_loss1: 26.2038, train_loss2: 0.9360, train_loss3: 0.2019]
Thu 08 Aug 2024 11:38:04 INFO  epoch 50 evaluating [time: 0.18s, valid_score: 0.206000]
Thu 08 Aug 2024 11:38:04 INFO  valid result: 
recall@10 : 0.1661    recall@20 : 0.2529    recall@50 : 0.4113    ndcg@10 : 0.206    ndcg@20 : 0.2232    ndcg@50 : 0.272    
Thu 08 Aug 2024 11:38:04 INFO  Saving current best: saved/SVD_MI-Aug-08-2024_11-16-47.pth
Thu 08 Aug 2024 11:38:04 INFO  Running E-step ! 
Thu 08 Aug 2024 11:38:28 INFO  epoch 51 training [time: 22.70s, train_loss1: 26.2031, train_loss2: 0.9335, train_loss3: 0.2006]
Thu 08 Aug 2024 11:38:28 INFO  epoch 51 evaluating [time: 0.19s, valid_score: 0.206500]
Thu 08 Aug 2024 11:38:28 INFO  valid result: 
recall@10 : 0.1666    recall@20 : 0.2534    recall@50 : 0.4119    ndcg@10 : 0.2065    ndcg@20 : 0.2235    ndcg@50 : 0.2725    
Thu 08 Aug 2024 11:38:28 INFO  Saving current best: saved/SVD_MI-Aug-08-2024_11-16-47.pth
Thu 08 Aug 2024 11:38:28 INFO  Running E-step ! 
Thu 08 Aug 2024 11:39:00 INFO  epoch 52 training [time: 30.94s, train_loss1: 26.0453, train_loss2: 0.9307, train_loss3: 0.2000]
Thu 08 Aug 2024 11:39:00 INFO  epoch 52 evaluating [time: 0.18s, valid_score: 0.206300]
Thu 08 Aug 2024 11:39:00 INFO  valid result: 
recall@10 : 0.1664    recall@20 : 0.2533    recall@50 : 0.4133    ndcg@10 : 0.2063    ndcg@20 : 0.2235    ndcg@50 : 0.2728    
Thu 08 Aug 2024 11:39:00 INFO  Running E-step ! 
Thu 08 Aug 2024 11:39:23 INFO  epoch 53 training [time: 22.68s, train_loss1: 25.7627, train_loss2: 0.9282, train_loss3: 0.1984]
Thu 08 Aug 2024 11:39:23 INFO  epoch 53 evaluating [time: 0.19s, valid_score: 0.206900]
Thu 08 Aug 2024 11:39:23 INFO  valid result: 
recall@10 : 0.1667    recall@20 : 0.2537    recall@50 : 0.4138    ndcg@10 : 0.2069    ndcg@20 : 0.2238    ndcg@50 : 0.2731    
Thu 08 Aug 2024 11:39:24 INFO  Saving current best: saved/SVD_MI-Aug-08-2024_11-16-47.pth
Thu 08 Aug 2024 11:39:24 INFO  Running E-step ! 
Thu 08 Aug 2024 11:39:55 INFO  epoch 54 training [time: 31.04s, train_loss1: 25.7318, train_loss2: 0.9255, train_loss3: 0.1982]
Thu 08 Aug 2024 11:39:55 INFO  epoch 54 evaluating [time: 0.17s, valid_score: 0.206500]
Thu 08 Aug 2024 11:39:55 INFO  valid result: 
recall@10 : 0.1663    recall@20 : 0.2542    recall@50 : 0.4141    ndcg@10 : 0.2065    ndcg@20 : 0.224    ndcg@50 : 0.2733    
Thu 08 Aug 2024 11:39:55 INFO  Running E-step ! 
Thu 08 Aug 2024 11:40:19 INFO  epoch 55 training [time: 22.77s, train_loss1: 25.6333, train_loss2: 0.9233, train_loss3: 0.1978]
Thu 08 Aug 2024 11:40:19 INFO  epoch 55 evaluating [time: 0.18s, valid_score: 0.207100]
Thu 08 Aug 2024 11:40:19 INFO  valid result: 
recall@10 : 0.1669    recall@20 : 0.2549    recall@50 : 0.4146    ndcg@10 : 0.2071    ndcg@20 : 0.2246    ndcg@50 : 0.2738    
Thu 08 Aug 2024 11:40:19 INFO  Saving current best: saved/SVD_MI-Aug-08-2024_11-16-47.pth
Thu 08 Aug 2024 11:40:19 INFO  Running E-step ! 
Thu 08 Aug 2024 11:40:52 INFO  epoch 56 training [time: 31.93s, train_loss1: 25.5586, train_loss2: 0.9208, train_loss3: 0.1972]
Thu 08 Aug 2024 11:40:52 INFO  epoch 56 evaluating [time: 0.20s, valid_score: 0.207100]
Thu 08 Aug 2024 11:40:52 INFO  valid result: 
recall@10 : 0.1671    recall@20 : 0.2551    recall@50 : 0.4154    ndcg@10 : 0.2071    ndcg@20 : 0.2247    ndcg@50 : 0.2741    
Thu 08 Aug 2024 11:40:52 INFO  Running E-step ! 
Thu 08 Aug 2024 11:41:15 INFO  epoch 57 training [time: 22.66s, train_loss1: 25.4815, train_loss2: 0.9184, train_loss3: 0.1963]
Thu 08 Aug 2024 11:41:15 INFO  epoch 57 evaluating [time: 0.17s, valid_score: 0.207200]
Thu 08 Aug 2024 11:41:15 INFO  valid result: 
recall@10 : 0.1675    recall@20 : 0.255    recall@50 : 0.4158    ndcg@10 : 0.2072    ndcg@20 : 0.2245    ndcg@50 : 0.274    
Thu 08 Aug 2024 11:41:15 INFO  Saving current best: saved/SVD_MI-Aug-08-2024_11-16-47.pth
Thu 08 Aug 2024 11:41:15 INFO  Running E-step ! 
Thu 08 Aug 2024 11:41:39 INFO  epoch 58 training [time: 22.78s, train_loss1: 25.1930, train_loss2: 0.9161, train_loss3: 0.1956]
Thu 08 Aug 2024 11:41:39 INFO  epoch 58 evaluating [time: 0.19s, valid_score: 0.207000]
Thu 08 Aug 2024 11:41:39 INFO  valid result: 
recall@10 : 0.1672    recall@20 : 0.2553    recall@50 : 0.4163    ndcg@10 : 0.207    ndcg@20 : 0.2247    ndcg@50 : 0.2744    
Thu 08 Aug 2024 11:41:39 INFO  Running E-step ! 
Thu 08 Aug 2024 11:42:10 INFO  epoch 59 training [time: 30.01s, train_loss1: 25.3251, train_loss2: 0.9137, train_loss3: 0.1947]
Thu 08 Aug 2024 11:42:10 INFO  epoch 59 evaluating [time: 0.27s, valid_score: 0.207200]
Thu 08 Aug 2024 11:42:10 INFO  valid result: 
recall@10 : 0.1673    recall@20 : 0.2556    recall@50 : 0.4163    ndcg@10 : 0.2072    ndcg@20 : 0.225    ndcg@50 : 0.2746    
Thu 08 Aug 2024 11:42:10 INFO  Running E-step ! 
Thu 08 Aug 2024 11:42:33 INFO  epoch 60 training [time: 22.50s, train_loss1: 25.3408, train_loss2: 0.9113, train_loss3: 0.1943]
Thu 08 Aug 2024 11:42:34 INFO  epoch 60 evaluating [time: 0.19s, valid_score: 0.207600]
Thu 08 Aug 2024 11:42:34 INFO  valid result: 
recall@10 : 0.1676    recall@20 : 0.2555    recall@50 : 0.4168    ndcg@10 : 0.2076    ndcg@20 : 0.2252    ndcg@50 : 0.2751    
Thu 08 Aug 2024 11:42:34 INFO  Saving current best: saved/SVD_MI-Aug-08-2024_11-16-47.pth
Thu 08 Aug 2024 11:42:34 INFO  Running E-step ! 
Thu 08 Aug 2024 11:43:04 INFO  epoch 61 training [time: 29.23s, train_loss1: 25.1454, train_loss2: 0.9093, train_loss3: 0.1934]
Thu 08 Aug 2024 11:43:04 INFO  epoch 61 evaluating [time: 0.19s, valid_score: 0.208100]
Thu 08 Aug 2024 11:43:04 INFO  valid result: 
recall@10 : 0.168    recall@20 : 0.2558    recall@50 : 0.4171    ndcg@10 : 0.2081    ndcg@20 : 0.2255    ndcg@50 : 0.2753    
Thu 08 Aug 2024 11:43:04 INFO  Saving current best: saved/SVD_MI-Aug-08-2024_11-16-47.pth
Thu 08 Aug 2024 11:43:04 INFO  Running E-step ! 
Thu 08 Aug 2024 11:43:27 INFO  epoch 62 training [time: 22.49s, train_loss1: 24.9019, train_loss2: 0.9074, train_loss3: 0.1921]
Thu 08 Aug 2024 11:43:28 INFO  epoch 62 evaluating [time: 0.18s, valid_score: 0.207800]
Thu 08 Aug 2024 11:43:28 INFO  valid result: 
recall@10 : 0.1676    recall@20 : 0.2561    recall@50 : 0.4184    ndcg@10 : 0.2078    ndcg@20 : 0.2255    ndcg@50 : 0.2756    
Thu 08 Aug 2024 11:43:28 INFO  Running E-step ! 
Thu 08 Aug 2024 11:44:00 INFO  epoch 63 training [time: 31.47s, train_loss1: 24.8730, train_loss2: 0.9052, train_loss3: 0.1914]
Thu 08 Aug 2024 11:44:00 INFO  epoch 63 evaluating [time: 0.18s, valid_score: 0.208000]
Thu 08 Aug 2024 11:44:00 INFO  valid result: 
recall@10 : 0.1678    recall@20 : 0.2566    recall@50 : 0.4175    ndcg@10 : 0.208    ndcg@20 : 0.2256    ndcg@50 : 0.2754    
Thu 08 Aug 2024 11:44:00 INFO  Running E-step ! 
Thu 08 Aug 2024 11:44:23 INFO  epoch 64 training [time: 22.51s, train_loss1: 24.8260, train_loss2: 0.9032, train_loss3: 0.1918]
Thu 08 Aug 2024 11:44:23 INFO  epoch 64 evaluating [time: 0.20s, valid_score: 0.208000]
Thu 08 Aug 2024 11:44:23 INFO  valid result: 
recall@10 : 0.1679    recall@20 : 0.2572    recall@50 : 0.4177    ndcg@10 : 0.208    ndcg@20 : 0.226    ndcg@50 : 0.2757    
Thu 08 Aug 2024 11:44:23 INFO  Running E-step ! 
Thu 08 Aug 2024 11:44:55 INFO  epoch 65 training [time: 31.16s, train_loss1: 24.7668, train_loss2: 0.9011, train_loss3: 0.1917]
Thu 08 Aug 2024 11:44:55 INFO  epoch 65 evaluating [time: 0.17s, valid_score: 0.208200]
Thu 08 Aug 2024 11:44:55 INFO  valid result: 
recall@10 : 0.168    recall@20 : 0.2573    recall@50 : 0.4183    ndcg@10 : 0.2082    ndcg@20 : 0.2262    ndcg@50 : 0.2759    
Thu 08 Aug 2024 11:44:55 INFO  Saving current best: saved/SVD_MI-Aug-08-2024_11-16-47.pth
Thu 08 Aug 2024 11:44:55 INFO  Running E-step ! 
Thu 08 Aug 2024 11:45:19 INFO  epoch 66 training [time: 22.63s, train_loss1: 24.5775, train_loss2: 0.8992, train_loss3: 0.1910]
Thu 08 Aug 2024 11:45:19 INFO  epoch 66 evaluating [time: 0.18s, valid_score: 0.208000]
Thu 08 Aug 2024 11:45:19 INFO  valid result: 
recall@10 : 0.1677    recall@20 : 0.2587    recall@50 : 0.4186    ndcg@10 : 0.208    ndcg@20 : 0.2266    ndcg@50 : 0.276    
Thu 08 Aug 2024 11:45:19 INFO  Running E-step ! 
Thu 08 Aug 2024 11:45:52 INFO  epoch 67 training [time: 31.76s, train_loss1: 24.6293, train_loss2: 0.8972, train_loss3: 0.1899]
Thu 08 Aug 2024 11:45:52 INFO  epoch 67 evaluating [time: 0.19s, valid_score: 0.207800]
Thu 08 Aug 2024 11:45:52 INFO  valid result: 
recall@10 : 0.1677    recall@20 : 0.2588    recall@50 : 0.4197    ndcg@10 : 0.2078    ndcg@20 : 0.2266    ndcg@50 : 0.2763    
Thu 08 Aug 2024 11:45:52 INFO  Running E-step ! 
Thu 08 Aug 2024 11:46:15 INFO  epoch 68 training [time: 22.75s, train_loss1: 24.4965, train_loss2: 0.8953, train_loss3: 0.1900]
Thu 08 Aug 2024 11:46:15 INFO  epoch 68 evaluating [time: 0.17s, valid_score: 0.208300]
Thu 08 Aug 2024 11:46:15 INFO  valid result: 
recall@10 : 0.168    recall@20 : 0.2584    recall@50 : 0.4198    ndcg@10 : 0.2083    ndcg@20 : 0.2267    ndcg@50 : 0.2766    
Thu 08 Aug 2024 11:46:15 INFO  Saving current best: saved/SVD_MI-Aug-08-2024_11-16-47.pth
Thu 08 Aug 2024 11:46:15 INFO  Running E-step ! 
Thu 08 Aug 2024 11:46:39 INFO  epoch 69 training [time: 22.40s, train_loss1: 24.2895, train_loss2: 0.8936, train_loss3: 0.1894]
Thu 08 Aug 2024 11:46:39 INFO  epoch 69 evaluating [time: 0.18s, valid_score: 0.208100]
Thu 08 Aug 2024 11:46:39 INFO  valid result: 
recall@10 : 0.1683    recall@20 : 0.2588    recall@50 : 0.4204    ndcg@10 : 0.2081    ndcg@20 : 0.2267    ndcg@50 : 0.2766    
Thu 08 Aug 2024 11:46:39 INFO  Running E-step ! 
Thu 08 Aug 2024 11:47:10 INFO  epoch 70 training [time: 30.19s, train_loss1: 24.3499, train_loss2: 0.8915, train_loss3: 0.1883]
Thu 08 Aug 2024 11:47:10 INFO  epoch 70 evaluating [time: 0.17s, valid_score: 0.208200]
Thu 08 Aug 2024 11:47:10 INFO  valid result: 
recall@10 : 0.1688    recall@20 : 0.2591    recall@50 : 0.4195    ndcg@10 : 0.2082    ndcg@20 : 0.2266    ndcg@50 : 0.2763    
Thu 08 Aug 2024 11:47:10 INFO  Running E-step ! 
Thu 08 Aug 2024 11:47:33 INFO  epoch 71 training [time: 22.39s, train_loss1: 24.2400, train_loss2: 0.8895, train_loss3: 0.1887]
Thu 08 Aug 2024 11:47:33 INFO  epoch 71 evaluating [time: 0.17s, valid_score: 0.207900]
Thu 08 Aug 2024 11:47:33 INFO  valid result: 
recall@10 : 0.1682    recall@20 : 0.2583    recall@50 : 0.4202    ndcg@10 : 0.2079    ndcg@20 : 0.2263    ndcg@50 : 0.2764    
Thu 08 Aug 2024 11:47:33 INFO  Running E-step ! 
Thu 08 Aug 2024 11:48:03 INFO  epoch 72 training [time: 29.19s, train_loss1: 24.0814, train_loss2: 0.8879, train_loss3: 0.1880]
Thu 08 Aug 2024 11:48:03 INFO  epoch 72 evaluating [time: 0.18s, valid_score: 0.208000]
Thu 08 Aug 2024 11:48:03 INFO  valid result: 
recall@10 : 0.1683    recall@20 : 0.2591    recall@50 : 0.4205    ndcg@10 : 0.208    ndcg@20 : 0.2267    ndcg@50 : 0.2766    
Thu 08 Aug 2024 11:48:03 INFO  Running E-step ! 
Thu 08 Aug 2024 11:48:25 INFO  epoch 73 training [time: 21.37s, train_loss1: 24.0933, train_loss2: 0.8862, train_loss3: 0.1870]
Thu 08 Aug 2024 11:48:25 INFO  epoch 73 evaluating [time: 0.16s, valid_score: 0.207900]
Thu 08 Aug 2024 11:48:25 INFO  valid result: 
recall@10 : 0.1683    recall@20 : 0.2593    recall@50 : 0.4213    ndcg@10 : 0.2079    ndcg@20 : 0.2266    ndcg@50 : 0.2767    
Thu 08 Aug 2024 11:48:25 INFO  Running E-step ! 
Thu 08 Aug 2024 11:48:59 INFO  epoch 74 training [time: 32.78s, train_loss1: 23.9877, train_loss2: 0.8844, train_loss3: 0.1864]
Thu 08 Aug 2024 11:48:59 INFO  epoch 74 evaluating [time: 0.17s, valid_score: 0.208500]
Thu 08 Aug 2024 11:48:59 INFO  valid result: 
recall@10 : 0.1686    recall@20 : 0.2591    recall@50 : 0.4208    ndcg@10 : 0.2085    ndcg@20 : 0.2269    ndcg@50 : 0.277    
Thu 08 Aug 2024 11:48:59 INFO  Saving current best: saved/SVD_MI-Aug-08-2024_11-16-47.pth
Thu 08 Aug 2024 11:48:59 INFO  Running E-step ! 
Thu 08 Aug 2024 11:49:21 INFO  epoch 75 training [time: 21.58s, train_loss1: 23.9582, train_loss2: 0.8827, train_loss3: 0.1860]
Thu 08 Aug 2024 11:49:21 INFO  epoch 75 evaluating [time: 0.19s, valid_score: 0.208300]
Thu 08 Aug 2024 11:49:21 INFO  valid result: 
recall@10 : 0.1685    recall@20 : 0.2594    recall@50 : 0.421    ndcg@10 : 0.2083    ndcg@20 : 0.2269    ndcg@50 : 0.2769    
Thu 08 Aug 2024 11:49:21 INFO  Running E-step ! 
Thu 08 Aug 2024 11:49:54 INFO  epoch 76 training [time: 32.63s, train_loss1: 23.8871, train_loss2: 0.8810, train_loss3: 0.1855]
Thu 08 Aug 2024 11:49:55 INFO  epoch 76 evaluating [time: 0.16s, valid_score: 0.208500]
Thu 08 Aug 2024 11:49:55 INFO  valid result: 
recall@10 : 0.1687    recall@20 : 0.2593    recall@50 : 0.4217    ndcg@10 : 0.2085    ndcg@20 : 0.2269    ndcg@50 : 0.2772    
Thu 08 Aug 2024 11:49:55 INFO  Running E-step ! 
Thu 08 Aug 2024 11:50:16 INFO  epoch 77 training [time: 21.34s, train_loss1: 23.7437, train_loss2: 0.8794, train_loss3: 0.1852]
Thu 08 Aug 2024 11:50:17 INFO  epoch 77 evaluating [time: 0.26s, valid_score: 0.208400]
Thu 08 Aug 2024 11:50:17 INFO  valid result: 
recall@10 : 0.1691    recall@20 : 0.259    recall@50 : 0.4223    ndcg@10 : 0.2084    ndcg@20 : 0.2267    ndcg@50 : 0.2774    
Thu 08 Aug 2024 11:50:17 INFO  Running E-step ! 
Thu 08 Aug 2024 11:50:51 INFO  epoch 78 training [time: 34.03s, train_loss1: 23.7484, train_loss2: 0.8777, train_loss3: 0.1849]
Thu 08 Aug 2024 11:50:51 INFO  epoch 78 evaluating [time: 0.18s, valid_score: 0.208700]
Thu 08 Aug 2024 11:50:51 INFO  valid result: 
recall@10 : 0.169    recall@20 : 0.2594    recall@50 : 0.4227    ndcg@10 : 0.2087    ndcg@20 : 0.2271    ndcg@50 : 0.2777    
Thu 08 Aug 2024 11:50:51 INFO  Saving current best: saved/SVD_MI-Aug-08-2024_11-16-47.pth
Thu 08 Aug 2024 11:50:51 INFO  Running E-step ! 
Thu 08 Aug 2024 11:51:14 INFO  epoch 79 training [time: 21.56s, train_loss1: 23.6657, train_loss2: 0.8761, train_loss3: 0.1843]
Thu 08 Aug 2024 11:51:14 INFO  epoch 79 evaluating [time: 0.17s, valid_score: 0.209100]
Thu 08 Aug 2024 11:51:14 INFO  valid result: 
recall@10 : 0.17    recall@20 : 0.2596    recall@50 : 0.423    ndcg@10 : 0.2091    ndcg@20 : 0.2271    ndcg@50 : 0.2777    
Thu 08 Aug 2024 11:51:14 INFO  Saving current best: saved/SVD_MI-Aug-08-2024_11-16-47.pth
Thu 08 Aug 2024 11:51:14 INFO  Running E-step ! 
Thu 08 Aug 2024 11:51:36 INFO  epoch 80 training [time: 21.23s, train_loss1: 23.6464, train_loss2: 0.8744, train_loss3: 0.1842]
Thu 08 Aug 2024 11:51:36 INFO  epoch 80 evaluating [time: 0.18s, valid_score: 0.208600]
Thu 08 Aug 2024 11:51:36 INFO  valid result: 
recall@10 : 0.1695    recall@20 : 0.2593    recall@50 : 0.4232    ndcg@10 : 0.2086    ndcg@20 : 0.2268    ndcg@50 : 0.2776    
Thu 08 Aug 2024 11:51:36 INFO  Running E-step ! 
Thu 08 Aug 2024 11:52:09 INFO  epoch 81 training [time: 32.38s, train_loss1: 23.4300, train_loss2: 0.8728, train_loss3: 0.1840]
Thu 08 Aug 2024 11:52:09 INFO  epoch 81 evaluating [time: 0.18s, valid_score: 0.209200]
Thu 08 Aug 2024 11:52:09 INFO  valid result: 
recall@10 : 0.1702    recall@20 : 0.2598    recall@50 : 0.4236    ndcg@10 : 0.2092    ndcg@20 : 0.2272    ndcg@50 : 0.2778    
Thu 08 Aug 2024 11:52:09 INFO  Saving current best: saved/SVD_MI-Aug-08-2024_11-16-47.pth
Thu 08 Aug 2024 11:52:09 INFO  Running E-step ! 
Thu 08 Aug 2024 11:52:31 INFO  epoch 82 training [time: 21.24s, train_loss1: 23.4396, train_loss2: 0.8715, train_loss3: 0.1840]
Thu 08 Aug 2024 11:52:31 INFO  epoch 82 evaluating [time: 0.18s, valid_score: 0.209400]
Thu 08 Aug 2024 11:52:31 INFO  valid result: 
recall@10 : 0.1703    recall@20 : 0.2605    recall@50 : 0.4238    ndcg@10 : 0.2094    ndcg@20 : 0.2275    ndcg@50 : 0.2781    
Thu 08 Aug 2024 11:52:31 INFO  Saving current best: saved/SVD_MI-Aug-08-2024_11-16-47.pth
Thu 08 Aug 2024 11:52:31 INFO  Running E-step ! 
Thu 08 Aug 2024 11:53:03 INFO  epoch 83 training [time: 32.08s, train_loss1: 23.4555, train_loss2: 0.8697, train_loss3: 0.1834]
Thu 08 Aug 2024 11:53:04 INFO  epoch 83 evaluating [time: 0.18s, valid_score: 0.209000]
Thu 08 Aug 2024 11:53:04 INFO  valid result: 
recall@10 : 0.1695    recall@20 : 0.2591    recall@50 : 0.4245    ndcg@10 : 0.209    ndcg@20 : 0.2271    ndcg@50 : 0.2782    
Thu 08 Aug 2024 11:53:04 INFO  Running E-step ! 
Thu 08 Aug 2024 11:53:25 INFO  epoch 84 training [time: 21.39s, train_loss1: 23.2652, train_loss2: 0.8682, train_loss3: 0.1825]
Thu 08 Aug 2024 11:53:26 INFO  epoch 84 evaluating [time: 0.18s, valid_score: 0.209200]
Thu 08 Aug 2024 11:53:26 INFO  valid result: 
recall@10 : 0.1702    recall@20 : 0.2587    recall@50 : 0.4243    ndcg@10 : 0.2092    ndcg@20 : 0.227    ndcg@50 : 0.2782    
Thu 08 Aug 2024 11:53:26 INFO  Running E-step ! 
Thu 08 Aug 2024 11:53:59 INFO  epoch 85 training [time: 32.56s, train_loss1: 23.3271, train_loss2: 0.8665, train_loss3: 0.1833]
Thu 08 Aug 2024 11:53:59 INFO  epoch 85 evaluating [time: 0.18s, valid_score: 0.209000]
Thu 08 Aug 2024 11:53:59 INFO  valid result: 
recall@10 : 0.1695    recall@20 : 0.259    recall@50 : 0.4237    ndcg@10 : 0.209    ndcg@20 : 0.2271    ndcg@50 : 0.2781    
Thu 08 Aug 2024 11:53:59 INFO  Running E-step ! 
Thu 08 Aug 2024 11:54:21 INFO  epoch 86 training [time: 21.61s, train_loss1: 23.1295, train_loss2: 0.8652, train_loss3: 0.1829]
Thu 08 Aug 2024 11:54:22 INFO  epoch 86 evaluating [time: 0.17s, valid_score: 0.209100]
Thu 08 Aug 2024 11:54:22 INFO  valid result: 
recall@10 : 0.1698    recall@20 : 0.2591    recall@50 : 0.4239    ndcg@10 : 0.2091    ndcg@20 : 0.2272    ndcg@50 : 0.2783    
Thu 08 Aug 2024 11:54:22 INFO  Running E-step ! 
Thu 08 Aug 2024 11:54:55 INFO  epoch 87 training [time: 31.60s, train_loss1: 23.2757, train_loss2: 0.8636, train_loss3: 0.1822]
Thu 08 Aug 2024 11:54:55 INFO  epoch 87 evaluating [time: 0.18s, valid_score: 0.209100]
Thu 08 Aug 2024 11:54:55 INFO  valid result: 
recall@10 : 0.1696    recall@20 : 0.2594    recall@50 : 0.4246    ndcg@10 : 0.2091    ndcg@20 : 0.2276    ndcg@50 : 0.2787    
Thu 08 Aug 2024 11:54:55 INFO  Running E-step ! 
Thu 08 Aug 2024 11:55:14 INFO  epoch 88 training [time: 18.89s, train_loss1: 22.8276, train_loss2: 0.8623, train_loss3: 0.1820]
Thu 08 Aug 2024 11:55:14 INFO  epoch 88 evaluating [time: 0.15s, valid_score: 0.209300]
Thu 08 Aug 2024 11:55:14 INFO  valid result: 
recall@10 : 0.1699    recall@20 : 0.26    recall@50 : 0.4245    ndcg@10 : 0.2093    ndcg@20 : 0.2276    ndcg@50 : 0.2785    
Thu 08 Aug 2024 11:55:14 INFO  Running E-step ! 
Thu 08 Aug 2024 11:55:51 INFO  epoch 89 training [time: 35.82s, train_loss1: 23.0750, train_loss2: 0.8610, train_loss3: 0.1815]
Thu 08 Aug 2024 11:55:51 INFO  epoch 89 evaluating [time: 0.16s, valid_score: 0.209100]
Thu 08 Aug 2024 11:55:51 INFO  valid result: 
recall@10 : 0.1701    recall@20 : 0.2595    recall@50 : 0.425    ndcg@10 : 0.2091    ndcg@20 : 0.2273    ndcg@50 : 0.2785    
Thu 08 Aug 2024 11:55:51 INFO  Running E-step ! 
Thu 08 Aug 2024 11:56:10 INFO  epoch 90 training [time: 18.13s, train_loss1: 22.9523, train_loss2: 0.8594, train_loss3: 0.1809]
Thu 08 Aug 2024 11:56:10 INFO  epoch 90 evaluating [time: 0.15s, valid_score: 0.209000]
Thu 08 Aug 2024 11:56:10 INFO  valid result: 
recall@10 : 0.17    recall@20 : 0.2596    recall@50 : 0.4252    ndcg@10 : 0.209    ndcg@20 : 0.2275    ndcg@50 : 0.2787    
Thu 08 Aug 2024 11:56:10 INFO  Running E-step ! 
Thu 08 Aug 2024 11:56:32 INFO  epoch 91 training [time: 21.76s, train_loss1: 22.9316, train_loss2: 0.8581, train_loss3: 0.1804]
Thu 08 Aug 2024 11:56:33 INFO  epoch 91 evaluating [time: 0.18s, valid_score: 0.208800]
Thu 08 Aug 2024 11:56:33 INFO  valid result: 
recall@10 : 0.1696    recall@20 : 0.2593    recall@50 : 0.4252    ndcg@10 : 0.2088    ndcg@20 : 0.2273    ndcg@50 : 0.2787    
Thu 08 Aug 2024 11:56:33 INFO  Running E-step ! 
Thu 08 Aug 2024 11:57:08 INFO  epoch 92 training [time: 34.94s, train_loss1: 22.9787, train_loss2: 0.8567, train_loss3: 0.1802]
Thu 08 Aug 2024 11:57:08 INFO  epoch 92 evaluating [time: 0.18s, valid_score: 0.209200]
Thu 08 Aug 2024 11:57:08 INFO  valid result: 
recall@10 : 0.17    recall@20 : 0.26    recall@50 : 0.4257    ndcg@10 : 0.2092    ndcg@20 : 0.2277    ndcg@50 : 0.279    
Thu 08 Aug 2024 11:57:08 INFO  Running E-step ! 
Thu 08 Aug 2024 11:57:31 INFO  epoch 93 training [time: 21.71s, train_loss1: 22.8657, train_loss2: 0.8554, train_loss3: 0.1800]
Thu 08 Aug 2024 11:57:31 INFO  epoch 93 evaluating [time: 0.17s, valid_score: 0.208700]
Thu 08 Aug 2024 11:57:31 INFO  valid result: 
recall@10 : 0.1699    recall@20 : 0.26    recall@50 : 0.426    ndcg@10 : 0.2087    ndcg@20 : 0.2273    ndcg@50 : 0.2787    
Thu 08 Aug 2024 11:57:31 INFO  Finished training, best eval result in epoch 82
Thu 08 Aug 2024 11:57:31 INFO  Loading model structure and parameters from saved/SVD_MI-Aug-08-2024_11-16-47.pth
Thu 08 Aug 2024 11:57:31 INFO  best valid : {'recall@10': 0.47030000000000016, 'recall@20': 0.5605000000000002, 'recall@50': 0.7238000000000002, 'ndcg@10': 0.5094000000000002, 'ndcg@20': 0.5275000000000002, 'ndcg@50': 0.5781000000000003}
Thu 08 Aug 2024 11:57:31 INFO  test result: {'recall@10': 0.21739999999999998, 'recall@20': 0.3108, 'recall@50': 0.47540000000000004, 'ndcg@10': 0.2861, 'ndcg@20': 0.29610000000000003, 'ndcg@50': 0.34140000000000004}
