Thu 08 Aug 2024 10:33:54 INFO  
General Hyper Parameters:
gpu_id = 6
use_gpu = True
seed = 2020
state = INFO
reproducibility = True
data_path = dataset/ml-1m
show_progress = True
save_dataset = False
save_dataloaders = False
benchmark_filename = None

Training Hyper Parameters:
checkpoint_dir = saved
epochs = 300
train_batch_size = 4096
learner = adam
learning_rate = 0.001
eval_step = 1
stopping_step = 10
clip_grad_norm = None
weight_decay = 0.0
loss_decimal_place = 4

Evaluation Hyper Parameters:
eval_args = {'split': {'RS': [0.8, 0.1, 0.1]}, 'group_by': 'user', 'order': 'RO', 'mode': 'full'}
metrics = ['Recall', 'NDCG']
topk = [10, 20, 50]
valid_metric = NDCG@10
valid_metric_bigger = True
eval_batch_size = 4096000
metric_decimal_place = 4

Dataset Hyper Parameters:
field_separator = 	
seq_separator =  
USER_ID_FIELD = user_id
ITEM_ID_FIELD = item_id
RATING_FIELD = rating
TIME_FIELD = timestamp
seq_len = None
LABEL_FIELD = label
threshold = None
NEG_PREFIX = neg_
load_col = {'inter': ['user_id', 'item_id', 'rating'], 'item': ['item_id', 'movie_title']}
unload_col = None
unused_col = None
additional_feat_suffix = None
rm_dup_inter = None
val_interval = {'rating': '[3,inf)'}
filter_inter_by_user_or_item = True
user_inter_num_interval = [0,inf)
item_inter_num_interval = [0,inf)
alias_of_user_id = None
alias_of_item_id = None
alias_of_entity_id = None
alias_of_relation_id = None
preload_weight = None
normalize_field = None
normalize_all = None
ITEM_LIST_LENGTH_FIELD = item_length
LIST_SUFFIX = _list
MAX_ITEM_LIST_LENGTH = 50
POSITION_FIELD = position_id
HEAD_ENTITY_ID_FIELD = head_id
TAIL_ENTITY_ID_FIELD = tail_id
RELATION_ID_FIELD = relation_id
ENTITY_ID_FIELD = entity_id

Other Hyper Parameters: 
neg_sampling = {'uniform': 1}
repeatable = False
MODEL_TYPE = ModelType.GENERAL
eval_setting = {'split': {'RS': [0.8, 0.1, 0.1]}, 'order': 'RO', 'group_by': 'user', 'mode': 'full'}
embedding_size = 64
n_layers = 3
reg_weight = 0.0001
ssl_temp = 0.1
ssl_reg = 1e-07
hyper_layers = 1
alpha = 1
proto_reg = 8e-08
num_clusters = 1000
m_step = 1
warm_up_step = 20
MODEL_INPUT_TYPE = InputType.PAIRWISE
eval_type = EvaluatorType.RANKING
device = cuda
train_neg_sample_args = {'strategy': 'by', 'by': 1, 'distribution': 'uniform'}
eval_neg_sample_args = {'strategy': 'full', 'distribution': 'uniform'}
svd = False
mi = 3


Thu 08 Aug 2024 10:33:55 INFO  ml-1m
The number of users: 6040
Average actions of users: 138.51266766020865
The number of items: 3884
Average actions of items: 230.56174200661522
The number of inters: 836478
The sparsity of the dataset: 96.43435285532085%
Remain Fields: ['user_id', 'item_id', 'rating', 'movie_title']
Thu 08 Aug 2024 10:33:56 INFO  [Training]: train_batch_size = [4096] negative sampling: [{'uniform': 1}]
Thu 08 Aug 2024 10:33:56 INFO  [Evaluation]: eval_batch_size = [4096000] eval_args: [{'split': {'RS': [0.8, 0.1, 0.1]}, 'group_by': 'user', 'order': 'RO', 'mode': 'full'}]
Thu 08 Aug 2024 10:33:59 INFO  SVD_MI(
  (user_embedding): Embedding(6040, 64)
  (item_embedding): Embedding(3884, 64)
  (mf_loss): BPRLoss()
  (reg_loss): EmbLoss()
  (content_linear): ModuleList(
    (0): Linear(in_features=768, out_features=64, bias=True)
    (1): Linear(in_features=768, out_features=64, bias=True)
    (2): Linear(in_features=768, out_features=64, bias=True)
  )
)
Trainable parameters: 782784
Thu 08 Aug 2024 10:33:59 INFO  Running E-step ! 
Thu 08 Aug 2024 10:34:19 INFO  epoch 0 training [time: 17.79s, train_loss1: 114.3530, train_loss2: 0.3960]
Thu 08 Aug 2024 10:34:19 INFO  epoch 0 evaluating [time: 0.20s, valid_score: 0.056900]
Thu 08 Aug 2024 10:34:19 INFO  valid result: 
recall@10 : 0.0419    recall@20 : 0.0667    recall@50 : 0.1161    ndcg@10 : 0.0569    ndcg@20 : 0.0608    ndcg@50 : 0.0757    
Thu 08 Aug 2024 10:34:19 INFO  Saving current best: saved/SVD_MI-Aug-08-2024_10-33-59.pth
Thu 08 Aug 2024 10:34:19 INFO  Running E-step ! 
Thu 08 Aug 2024 10:34:38 INFO  epoch 1 training [time: 18.35s, train_loss1: 114.3355, train_loss2: 0.1662]
Thu 08 Aug 2024 10:34:38 INFO  epoch 1 evaluating [time: 0.17s, valid_score: 0.066800]
Thu 08 Aug 2024 10:34:38 INFO  valid result: 
recall@10 : 0.0563    recall@20 : 0.0856    recall@50 : 0.1396    ndcg@10 : 0.0668    ndcg@20 : 0.0726    ndcg@50 : 0.0887    
Thu 08 Aug 2024 10:34:38 INFO  Saving current best: saved/SVD_MI-Aug-08-2024_10-33-59.pth
Thu 08 Aug 2024 10:34:38 INFO  Running E-step ! 
Thu 08 Aug 2024 10:34:59 INFO  epoch 2 training [time: 19.22s, train_loss1: 114.3092, train_loss2: 0.1250]
Thu 08 Aug 2024 10:34:59 INFO  epoch 2 evaluating [time: 0.23s, valid_score: 0.082500]
Thu 08 Aug 2024 10:34:59 INFO  valid result: 
recall@10 : 0.0697    recall@20 : 0.1057    recall@50 : 0.1676    ndcg@10 : 0.0825    ndcg@20 : 0.0896    ndcg@50 : 0.1084    
Thu 08 Aug 2024 10:34:59 INFO  Saving current best: saved/SVD_MI-Aug-08-2024_10-33-59.pth
Thu 08 Aug 2024 10:34:59 INFO  Running E-step ! 
Thu 08 Aug 2024 10:35:10 INFO  epoch 3 training [time: 10.93s, train_loss1: 114.2419, train_loss2: 0.1205]
Thu 08 Aug 2024 10:35:10 INFO  epoch 3 evaluating [time: 0.17s, valid_score: 0.107000]
Thu 08 Aug 2024 10:35:10 INFO  valid result: 
recall@10 : 0.0875    recall@20 : 0.1308    recall@50 : 0.2089    ndcg@10 : 0.107    ndcg@20 : 0.1148    ndcg@50 : 0.1385    
Thu 08 Aug 2024 10:35:10 INFO  Saving current best: saved/SVD_MI-Aug-08-2024_10-33-59.pth
Thu 08 Aug 2024 10:35:10 INFO  Running E-step ! 
Thu 08 Aug 2024 10:35:26 INFO  epoch 4 training [time: 14.80s, train_loss1: 114.0285, train_loss2: 0.1420]
Thu 08 Aug 2024 10:35:26 INFO  epoch 4 evaluating [time: 0.18s, valid_score: 0.139600]
Thu 08 Aug 2024 10:35:26 INFO  valid result: 
recall@10 : 0.1099    recall@20 : 0.166    recall@50 : 0.2668    ndcg@10 : 0.1396    ndcg@20 : 0.1496    ndcg@50 : 0.1806    
Thu 08 Aug 2024 10:35:26 INFO  Saving current best: saved/SVD_MI-Aug-08-2024_10-33-59.pth
Thu 08 Aug 2024 10:35:26 INFO  Running E-step ! 
Thu 08 Aug 2024 10:35:46 INFO  epoch 5 training [time: 18.74s, train_loss1: 83.7673, train_loss2: 0.6311]
Thu 08 Aug 2024 10:35:46 INFO  epoch 5 evaluating [time: 0.27s, valid_score: 0.103200]
Thu 08 Aug 2024 10:35:46 INFO  valid result: 
recall@10 : 0.0767    recall@20 : 0.1274    recall@50 : 0.221    ndcg@10 : 0.1032    ndcg@20 : 0.1128    ndcg@50 : 0.1404    
Thu 08 Aug 2024 10:35:46 INFO  Running E-step ! 
Thu 08 Aug 2024 10:36:05 INFO  epoch 6 training [time: 17.64s, train_loss1: 53.8546, train_loss2: 0.8421]
Thu 08 Aug 2024 10:36:05 INFO  epoch 6 evaluating [time: 0.17s, valid_score: 0.103800]
Thu 08 Aug 2024 10:36:05 INFO  valid result: 
recall@10 : 0.0779    recall@20 : 0.1285    recall@50 : 0.2232    ndcg@10 : 0.1038    ndcg@20 : 0.1133    ndcg@50 : 0.1413    
Thu 08 Aug 2024 10:36:05 INFO  Running E-step ! 
Thu 08 Aug 2024 10:36:25 INFO  epoch 7 training [time: 19.61s, train_loss1: 52.5631, train_loss2: 0.8386]
Thu 08 Aug 2024 10:36:25 INFO  epoch 7 evaluating [time: 0.18s, valid_score: 0.105000]
Thu 08 Aug 2024 10:36:25 INFO  valid result: 
recall@10 : 0.0787    recall@20 : 0.1294    recall@50 : 0.2279    ndcg@10 : 0.105    ndcg@20 : 0.1145    ndcg@50 : 0.1438    
Thu 08 Aug 2024 10:36:25 INFO  Running E-step ! 
Thu 08 Aug 2024 10:36:46 INFO  epoch 8 training [time: 19.62s, train_loss1: 50.8858, train_loss2: 0.8478]
Thu 08 Aug 2024 10:36:46 INFO  epoch 8 evaluating [time: 0.18s, valid_score: 0.108400]
Thu 08 Aug 2024 10:36:46 INFO  valid result: 
recall@10 : 0.0815    recall@20 : 0.1326    recall@50 : 0.2368    ndcg@10 : 0.1084    ndcg@20 : 0.1179    ndcg@50 : 0.149    
Thu 08 Aug 2024 10:36:46 INFO  Running E-step ! 
Thu 08 Aug 2024 10:37:06 INFO  epoch 9 training [time: 19.46s, train_loss1: 48.6574, train_loss2: 0.8588]
Thu 08 Aug 2024 10:37:07 INFO  epoch 9 evaluating [time: 0.17s, valid_score: 0.115200]
Thu 08 Aug 2024 10:37:07 INFO  valid result: 
recall@10 : 0.0884    recall@20 : 0.1371    recall@50 : 0.2479    ndcg@10 : 0.1152    ndcg@20 : 0.1233    ndcg@50 : 0.1567    
Thu 08 Aug 2024 10:37:07 INFO  Running E-step ! 
Thu 08 Aug 2024 10:37:27 INFO  epoch 10 training [time: 19.48s, train_loss1: 46.4376, train_loss2: 0.8684]
Thu 08 Aug 2024 10:37:27 INFO  epoch 10 evaluating [time: 0.18s, valid_score: 0.122600]
Thu 08 Aug 2024 10:37:27 INFO  valid result: 
recall@10 : 0.0926    recall@20 : 0.145    recall@50 : 0.2629    ndcg@10 : 0.1226    ndcg@20 : 0.1313    ndcg@50 : 0.167    
Thu 08 Aug 2024 10:37:27 INFO  Running E-step ! 
Thu 08 Aug 2024 10:37:49 INFO  epoch 11 training [time: 19.86s, train_loss1: 44.0256, train_loss2: 0.8734]
Thu 08 Aug 2024 10:37:49 INFO  epoch 11 evaluating [time: 0.19s, valid_score: 0.130600]
Thu 08 Aug 2024 10:37:49 INFO  valid result: 
recall@10 : 0.0985    recall@20 : 0.1546    recall@50 : 0.2782    ndcg@10 : 0.1306    ndcg@20 : 0.1403    ndcg@50 : 0.1777    
Thu 08 Aug 2024 10:37:49 INFO  Running E-step ! 
Thu 08 Aug 2024 10:38:10 INFO  epoch 12 training [time: 20.42s, train_loss1: 41.9107, train_loss2: 0.8744]
Thu 08 Aug 2024 10:38:10 INFO  epoch 12 evaluating [time: 0.21s, valid_score: 0.138400]
Thu 08 Aug 2024 10:38:10 INFO  valid result: 
recall@10 : 0.1049    recall@20 : 0.165    recall@50 : 0.2916    ndcg@10 : 0.1384    ndcg@20 : 0.1491    ndcg@50 : 0.1875    
Thu 08 Aug 2024 10:38:10 INFO  Running E-step ! 
Thu 08 Aug 2024 10:38:31 INFO  epoch 13 training [time: 20.25s, train_loss1: 40.3424, train_loss2: 0.8728]
Thu 08 Aug 2024 10:38:31 INFO  epoch 13 evaluating [time: 0.17s, valid_score: 0.144900]
Thu 08 Aug 2024 10:38:31 INFO  valid result: 
recall@10 : 0.1107    recall@20 : 0.1722    recall@50 : 0.3024    ndcg@10 : 0.1449    ndcg@20 : 0.1558    ndcg@50 : 0.1954    
Thu 08 Aug 2024 10:38:31 INFO  Saving current best: saved/SVD_MI-Aug-08-2024_10-33-59.pth
Thu 08 Aug 2024 10:38:31 INFO  Running E-step ! 
Thu 08 Aug 2024 10:38:52 INFO  epoch 14 training [time: 19.92s, train_loss1: 38.7251, train_loss2: 0.8691]
Thu 08 Aug 2024 10:38:52 INFO  epoch 14 evaluating [time: 0.19s, valid_score: 0.149200]
Thu 08 Aug 2024 10:38:52 INFO  valid result: 
recall@10 : 0.1136    recall@20 : 0.1791    recall@50 : 0.3108    ndcg@10 : 0.1492    ndcg@20 : 0.1613    ndcg@50 : 0.2014    
Thu 08 Aug 2024 10:38:52 INFO  Saving current best: saved/SVD_MI-Aug-08-2024_10-33-59.pth
Thu 08 Aug 2024 10:38:52 INFO  Running E-step ! 
Thu 08 Aug 2024 10:39:12 INFO  epoch 15 training [time: 18.08s, train_loss1: 37.7724, train_loss2: 0.8653]
Thu 08 Aug 2024 10:39:12 INFO  epoch 15 evaluating [time: 0.18s, valid_score: 0.153000]
Thu 08 Aug 2024 10:39:12 INFO  valid result: 
recall@10 : 0.1173    recall@20 : 0.1854    recall@50 : 0.3195    ndcg@10 : 0.153    ndcg@20 : 0.166    ndcg@50 : 0.2067    
Thu 08 Aug 2024 10:39:12 INFO  Saving current best: saved/SVD_MI-Aug-08-2024_10-33-59.pth
Thu 08 Aug 2024 10:39:12 INFO  Running E-step ! 
Thu 08 Aug 2024 10:39:32 INFO  epoch 16 training [time: 19.78s, train_loss1: 36.7409, train_loss2: 0.8610]
Thu 08 Aug 2024 10:39:32 INFO  epoch 16 evaluating [time: 0.19s, valid_score: 0.156600]
Thu 08 Aug 2024 10:39:32 INFO  valid result: 
recall@10 : 0.1208    recall@20 : 0.1892    recall@50 : 0.3257    ndcg@10 : 0.1566    ndcg@20 : 0.1697    ndcg@50 : 0.2113    
Thu 08 Aug 2024 10:39:32 INFO  Saving current best: saved/SVD_MI-Aug-08-2024_10-33-59.pth
Thu 08 Aug 2024 10:39:32 INFO  Running E-step ! 
Thu 08 Aug 2024 10:39:53 INFO  epoch 17 training [time: 19.67s, train_loss1: 36.0267, train_loss2: 0.8566]
Thu 08 Aug 2024 10:39:53 INFO  epoch 17 evaluating [time: 0.20s, valid_score: 0.159100]
Thu 08 Aug 2024 10:39:53 INFO  valid result: 
recall@10 : 0.123    recall@20 : 0.1935    recall@50 : 0.332    ndcg@10 : 0.1591    ndcg@20 : 0.173    ndcg@50 : 0.2153    
Thu 08 Aug 2024 10:39:53 INFO  Saving current best: saved/SVD_MI-Aug-08-2024_10-33-59.pth
Thu 08 Aug 2024 10:39:53 INFO  Running E-step ! 
Thu 08 Aug 2024 10:40:14 INFO  epoch 18 training [time: 19.80s, train_loss1: 35.1912, train_loss2: 0.8533]
Thu 08 Aug 2024 10:40:14 INFO  epoch 18 evaluating [time: 0.19s, valid_score: 0.161700]
Thu 08 Aug 2024 10:40:14 INFO  valid result: 
recall@10 : 0.1254    recall@20 : 0.1973    recall@50 : 0.3377    ndcg@10 : 0.1617    ndcg@20 : 0.176    ndcg@50 : 0.2188    
Thu 08 Aug 2024 10:40:14 INFO  Saving current best: saved/SVD_MI-Aug-08-2024_10-33-59.pth
Thu 08 Aug 2024 10:40:14 INFO  Running E-step ! 
Thu 08 Aug 2024 10:40:34 INFO  epoch 19 training [time: 18.94s, train_loss1: 34.5862, train_loss2: 0.8497]
Thu 08 Aug 2024 10:40:34 INFO  epoch 19 evaluating [time: 0.17s, valid_score: 0.164800]
Thu 08 Aug 2024 10:40:34 INFO  valid result: 
recall@10 : 0.1287    recall@20 : 0.2013    recall@50 : 0.3424    ndcg@10 : 0.1648    ndcg@20 : 0.1789    ndcg@50 : 0.2222    
Thu 08 Aug 2024 10:40:34 INFO  Saving current best: saved/SVD_MI-Aug-08-2024_10-33-59.pth
Thu 08 Aug 2024 10:40:34 INFO  Running E-step ! 
Thu 08 Aug 2024 10:40:54 INFO  epoch 20 training [time: 19.09s, train_loss1: 34.0544, train_loss2: 0.8461, train_loss3: 0.3028]
Thu 08 Aug 2024 10:40:54 INFO  epoch 20 evaluating [time: 0.17s, valid_score: 0.167300]
Thu 08 Aug 2024 10:40:54 INFO  valid result: 
recall@10 : 0.1311    recall@20 : 0.2051    recall@50 : 0.3469    ndcg@10 : 0.1673    ndcg@20 : 0.1818    ndcg@50 : 0.2252    
Thu 08 Aug 2024 10:40:54 INFO  Saving current best: saved/SVD_MI-Aug-08-2024_10-33-59.pth
Thu 08 Aug 2024 10:40:54 INFO  Running E-step ! 
Thu 08 Aug 2024 10:41:15 INFO  epoch 21 training [time: 20.07s, train_loss1: 33.5087, train_loss2: 0.8423, train_loss3: 0.2970]
Thu 08 Aug 2024 10:41:15 INFO  epoch 21 evaluating [time: 0.16s, valid_score: 0.169900]
Thu 08 Aug 2024 10:41:15 INFO  valid result: 
recall@10 : 0.1332    recall@20 : 0.2091    recall@50 : 0.3507    ndcg@10 : 0.1699    ndcg@20 : 0.1849    ndcg@50 : 0.2284    
Thu 08 Aug 2024 10:41:16 INFO  Saving current best: saved/SVD_MI-Aug-08-2024_10-33-59.pth
Thu 08 Aug 2024 10:41:16 INFO  Running E-step ! 
Thu 08 Aug 2024 10:41:37 INFO  epoch 22 training [time: 20.05s, train_loss1: 32.9498, train_loss2: 0.8386, train_loss3: 0.2920]
Thu 08 Aug 2024 10:41:37 INFO  epoch 22 evaluating [time: 0.17s, valid_score: 0.173100]
Thu 08 Aug 2024 10:41:37 INFO  valid result: 
recall@10 : 0.1364    recall@20 : 0.2128    recall@50 : 0.355    ndcg@10 : 0.1731    ndcg@20 : 0.1879    ndcg@50 : 0.2316    
Thu 08 Aug 2024 10:41:37 INFO  Saving current best: saved/SVD_MI-Aug-08-2024_10-33-59.pth
Thu 08 Aug 2024 10:41:37 INFO  Running E-step ! 
Thu 08 Aug 2024 10:41:58 INFO  epoch 23 training [time: 20.01s, train_loss1: 32.6220, train_loss2: 0.8356, train_loss3: 0.2871]
Thu 08 Aug 2024 10:41:58 INFO  epoch 23 evaluating [time: 0.28s, valid_score: 0.175200]
Thu 08 Aug 2024 10:41:58 INFO  valid result: 
recall@10 : 0.1384    recall@20 : 0.2157    recall@50 : 0.3583    ndcg@10 : 0.1752    ndcg@20 : 0.1903    ndcg@50 : 0.2342    
Thu 08 Aug 2024 10:41:58 INFO  Saving current best: saved/SVD_MI-Aug-08-2024_10-33-59.pth
Thu 08 Aug 2024 10:41:58 INFO  Running E-step ! 
Thu 08 Aug 2024 10:42:16 INFO  epoch 24 training [time: 17.15s, train_loss1: 32.0356, train_loss2: 0.8327, train_loss3: 0.2826]
Thu 08 Aug 2024 10:42:16 INFO  epoch 24 evaluating [time: 0.14s, valid_score: 0.177900]
Thu 08 Aug 2024 10:42:16 INFO  valid result: 
recall@10 : 0.1411    recall@20 : 0.2187    recall@50 : 0.3616    ndcg@10 : 0.1779    ndcg@20 : 0.1931    ndcg@50 : 0.2371    
Thu 08 Aug 2024 10:42:16 INFO  Saving current best: saved/SVD_MI-Aug-08-2024_10-33-59.pth
Thu 08 Aug 2024 10:42:16 INFO  Running E-step ! 
Thu 08 Aug 2024 10:42:27 INFO  epoch 25 training [time: 10.17s, train_loss1: 31.6056, train_loss2: 0.8300, train_loss3: 0.2785]
Thu 08 Aug 2024 10:42:27 INFO  epoch 25 evaluating [time: 0.13s, valid_score: 0.180000]
Thu 08 Aug 2024 10:42:27 INFO  valid result: 
recall@10 : 0.1434    recall@20 : 0.2208    recall@50 : 0.3646    ndcg@10 : 0.18    ndcg@20 : 0.1949    ndcg@50 : 0.2393    
Thu 08 Aug 2024 10:42:27 INFO  Saving current best: saved/SVD_MI-Aug-08-2024_10-33-59.pth
Thu 08 Aug 2024 10:42:27 INFO  Running E-step ! 
Thu 08 Aug 2024 10:42:38 INFO  epoch 26 training [time: 9.99s, train_loss1: 31.2430, train_loss2: 0.8275, train_loss3: 0.2748]
Thu 08 Aug 2024 10:42:39 INFO  epoch 26 evaluating [time: 0.13s, valid_score: 0.182000]
Thu 08 Aug 2024 10:42:39 INFO  valid result: 
recall@10 : 0.1451    recall@20 : 0.2229    recall@50 : 0.3684    ndcg@10 : 0.182    ndcg@20 : 0.1968    ndcg@50 : 0.2417    
Thu 08 Aug 2024 10:42:39 INFO  Saving current best: saved/SVD_MI-Aug-08-2024_10-33-59.pth
Thu 08 Aug 2024 10:42:39 INFO  Running E-step ! 
Thu 08 Aug 2024 10:42:51 INFO  epoch 27 training [time: 11.54s, train_loss1: 31.0622, train_loss2: 0.8251, train_loss3: 0.2710]
Thu 08 Aug 2024 10:42:51 INFO  epoch 27 evaluating [time: 0.15s, valid_score: 0.183900]
Thu 08 Aug 2024 10:42:51 INFO  valid result: 
recall@10 : 0.1468    recall@20 : 0.2254    recall@50 : 0.3712    ndcg@10 : 0.1839    ndcg@20 : 0.199    ndcg@50 : 0.244    
Thu 08 Aug 2024 10:42:51 INFO  Saving current best: saved/SVD_MI-Aug-08-2024_10-33-59.pth
Thu 08 Aug 2024 10:42:51 INFO  Running E-step ! 
Thu 08 Aug 2024 10:43:13 INFO  epoch 28 training [time: 20.73s, train_loss1: 30.7522, train_loss2: 0.8225, train_loss3: 0.2669]
Thu 08 Aug 2024 10:43:13 INFO  epoch 28 evaluating [time: 0.18s, valid_score: 0.185900]
Thu 08 Aug 2024 10:43:13 INFO  valid result: 
recall@10 : 0.1488    recall@20 : 0.2275    recall@50 : 0.3743    ndcg@10 : 0.1859    ndcg@20 : 0.2009    ndcg@50 : 0.2461    
Thu 08 Aug 2024 10:43:13 INFO  Saving current best: saved/SVD_MI-Aug-08-2024_10-33-59.pth
Thu 08 Aug 2024 10:43:13 INFO  Running E-step ! 
Thu 08 Aug 2024 10:43:33 INFO  epoch 29 training [time: 19.02s, train_loss1: 30.3800, train_loss2: 0.8202, train_loss3: 0.2635]
Thu 08 Aug 2024 10:43:33 INFO  epoch 29 evaluating [time: 0.17s, valid_score: 0.187400]
Thu 08 Aug 2024 10:43:33 INFO  valid result: 
recall@10 : 0.1499    recall@20 : 0.2296    recall@50 : 0.377    ndcg@10 : 0.1874    ndcg@20 : 0.2028    ndcg@50 : 0.2482    
Thu 08 Aug 2024 10:43:33 INFO  Saving current best: saved/SVD_MI-Aug-08-2024_10-33-59.pth
Thu 08 Aug 2024 10:43:33 INFO  Running E-step ! 
Thu 08 Aug 2024 10:43:53 INFO  epoch 30 training [time: 19.61s, train_loss1: 29.9531, train_loss2: 0.8178, train_loss3: 0.2604]
Thu 08 Aug 2024 10:43:54 INFO  epoch 30 evaluating [time: 0.19s, valid_score: 0.188700]
Thu 08 Aug 2024 10:43:54 INFO  valid result: 
recall@10 : 0.151    recall@20 : 0.2315    recall@50 : 0.3788    ndcg@10 : 0.1887    ndcg@20 : 0.2044    ndcg@50 : 0.2497    
Thu 08 Aug 2024 10:43:54 INFO  Saving current best: saved/SVD_MI-Aug-08-2024_10-33-59.pth
Thu 08 Aug 2024 10:43:54 INFO  Running E-step ! 
Thu 08 Aug 2024 10:44:13 INFO  epoch 31 training [time: 19.20s, train_loss1: 29.5828, train_loss2: 0.8153, train_loss3: 0.2576]
Thu 08 Aug 2024 10:44:14 INFO  epoch 31 evaluating [time: 0.18s, valid_score: 0.189900]
Thu 08 Aug 2024 10:44:14 INFO  valid result: 
recall@10 : 0.1523    recall@20 : 0.2333    recall@50 : 0.3812    ndcg@10 : 0.1899    ndcg@20 : 0.2057    ndcg@50 : 0.2513    
Thu 08 Aug 2024 10:44:14 INFO  Saving current best: saved/SVD_MI-Aug-08-2024_10-33-59.pth
Thu 08 Aug 2024 10:44:14 INFO  Running E-step ! 
Thu 08 Aug 2024 10:44:34 INFO  epoch 32 training [time: 20.12s, train_loss1: 29.4111, train_loss2: 0.8131, train_loss3: 0.2543]
Thu 08 Aug 2024 10:44:35 INFO  epoch 32 evaluating [time: 0.18s, valid_score: 0.190700]
Thu 08 Aug 2024 10:44:35 INFO  valid result: 
recall@10 : 0.1529    recall@20 : 0.2353    recall@50 : 0.3822    ndcg@10 : 0.1907    ndcg@20 : 0.207    ndcg@50 : 0.2521    
Thu 08 Aug 2024 10:44:35 INFO  Saving current best: saved/SVD_MI-Aug-08-2024_10-33-59.pth
Thu 08 Aug 2024 10:44:35 INFO  Running E-step ! 
Thu 08 Aug 2024 10:44:56 INFO  epoch 33 training [time: 20.25s, train_loss1: 29.1046, train_loss2: 0.8110, train_loss3: 0.2526]
Thu 08 Aug 2024 10:44:56 INFO  epoch 33 evaluating [time: 0.18s, valid_score: 0.191800]
Thu 08 Aug 2024 10:44:56 INFO  valid result: 
recall@10 : 0.1539    recall@20 : 0.2356    recall@50 : 0.3844    ndcg@10 : 0.1918    ndcg@20 : 0.2078    ndcg@50 : 0.2536    
Thu 08 Aug 2024 10:44:56 INFO  Saving current best: saved/SVD_MI-Aug-08-2024_10-33-59.pth
Thu 08 Aug 2024 10:44:56 INFO  Running E-step ! 
Thu 08 Aug 2024 10:45:17 INFO  epoch 34 training [time: 20.05s, train_loss1: 28.7718, train_loss2: 0.8089, train_loss3: 0.2497]
Thu 08 Aug 2024 10:45:17 INFO  epoch 34 evaluating [time: 0.18s, valid_score: 0.193200]
Thu 08 Aug 2024 10:45:17 INFO  valid result: 
recall@10 : 0.155    recall@20 : 0.2366    recall@50 : 0.3866    ndcg@10 : 0.1932    ndcg@20 : 0.2092    ndcg@50 : 0.2553    
Thu 08 Aug 2024 10:45:17 INFO  Saving current best: saved/SVD_MI-Aug-08-2024_10-33-59.pth
Thu 08 Aug 2024 10:45:17 INFO  Running E-step ! 
Thu 08 Aug 2024 10:45:38 INFO  epoch 35 training [time: 20.04s, train_loss1: 28.7273, train_loss2: 0.8069, train_loss3: 0.2469]
Thu 08 Aug 2024 10:45:38 INFO  epoch 35 evaluating [time: 0.17s, valid_score: 0.193800]
Thu 08 Aug 2024 10:45:38 INFO  valid result: 
recall@10 : 0.1555    recall@20 : 0.238    recall@50 : 0.3884    ndcg@10 : 0.1938    ndcg@20 : 0.2101    ndcg@50 : 0.2564    
Thu 08 Aug 2024 10:45:38 INFO  Saving current best: saved/SVD_MI-Aug-08-2024_10-33-59.pth
Thu 08 Aug 2024 10:45:38 INFO  Running E-step ! 
Thu 08 Aug 2024 10:45:57 INFO  epoch 36 training [time: 18.46s, train_loss1: 28.3521, train_loss2: 0.8050, train_loss3: 0.2451]
Thu 08 Aug 2024 10:45:57 INFO  epoch 36 evaluating [time: 0.15s, valid_score: 0.194800]
Thu 08 Aug 2024 10:45:57 INFO  valid result: 
recall@10 : 0.1565    recall@20 : 0.2395    recall@50 : 0.3894    ndcg@10 : 0.1948    ndcg@20 : 0.211    ndcg@50 : 0.2572    
Thu 08 Aug 2024 10:45:57 INFO  Saving current best: saved/SVD_MI-Aug-08-2024_10-33-59.pth
Thu 08 Aug 2024 10:45:57 INFO  Running E-step ! 
Thu 08 Aug 2024 10:46:16 INFO  epoch 37 training [time: 17.56s, train_loss1: 28.2698, train_loss2: 0.8032, train_loss3: 0.2421]
Thu 08 Aug 2024 10:46:16 INFO  epoch 37 evaluating [time: 0.15s, valid_score: 0.195700]
Thu 08 Aug 2024 10:46:16 INFO  valid result: 
recall@10 : 0.1569    recall@20 : 0.2405    recall@50 : 0.391    ndcg@10 : 0.1957    ndcg@20 : 0.2118    ndcg@50 : 0.2582    
Thu 08 Aug 2024 10:46:16 INFO  Saving current best: saved/SVD_MI-Aug-08-2024_10-33-59.pth
Thu 08 Aug 2024 10:46:16 INFO  Running E-step ! 
Thu 08 Aug 2024 10:46:34 INFO  epoch 38 training [time: 16.96s, train_loss1: 28.0813, train_loss2: 0.8013, train_loss3: 0.2401]
Thu 08 Aug 2024 10:46:34 INFO  epoch 38 evaluating [time: 0.17s, valid_score: 0.196600]
Thu 08 Aug 2024 10:46:34 INFO  valid result: 
recall@10 : 0.1576    recall@20 : 0.242    recall@50 : 0.3926    ndcg@10 : 0.1966    ndcg@20 : 0.2131    ndcg@50 : 0.2593    
Thu 08 Aug 2024 10:46:34 INFO  Saving current best: saved/SVD_MI-Aug-08-2024_10-33-59.pth
Thu 08 Aug 2024 10:46:34 INFO  Running E-step ! 
Thu 08 Aug 2024 10:46:52 INFO  epoch 39 training [time: 16.94s, train_loss1: 27.8960, train_loss2: 0.7994, train_loss3: 0.2382]
Thu 08 Aug 2024 10:46:52 INFO  epoch 39 evaluating [time: 0.16s, valid_score: 0.197400]
Thu 08 Aug 2024 10:46:52 INFO  valid result: 
recall@10 : 0.1585    recall@20 : 0.2423    recall@50 : 0.3946    ndcg@10 : 0.1974    ndcg@20 : 0.2137    ndcg@50 : 0.2605    
Thu 08 Aug 2024 10:46:52 INFO  Saving current best: saved/SVD_MI-Aug-08-2024_10-33-59.pth
Thu 08 Aug 2024 10:46:52 INFO  Running E-step ! 
Thu 08 Aug 2024 10:47:12 INFO  epoch 40 training [time: 19.59s, train_loss1: 27.6404, train_loss2: 0.7977, train_loss3: 0.2364]
Thu 08 Aug 2024 10:47:13 INFO  epoch 40 evaluating [time: 0.18s, valid_score: 0.197800]
Thu 08 Aug 2024 10:47:13 INFO  valid result: 
recall@10 : 0.1586    recall@20 : 0.2431    recall@50 : 0.3956    ndcg@10 : 0.1978    ndcg@20 : 0.2143    ndcg@50 : 0.2612    
Thu 08 Aug 2024 10:47:13 INFO  Saving current best: saved/SVD_MI-Aug-08-2024_10-33-59.pth
Thu 08 Aug 2024 10:47:13 INFO  Running E-step ! 
Thu 08 Aug 2024 10:47:34 INFO  epoch 41 training [time: 20.53s, train_loss1: 27.4223, train_loss2: 0.7960, train_loss3: 0.2350]
Thu 08 Aug 2024 10:47:35 INFO  epoch 41 evaluating [time: 0.27s, valid_score: 0.198700]
Thu 08 Aug 2024 10:47:35 INFO  valid result: 
recall@10 : 0.1594    recall@20 : 0.2433    recall@50 : 0.3971    ndcg@10 : 0.1987    ndcg@20 : 0.215    ndcg@50 : 0.2624    
Thu 08 Aug 2024 10:47:35 INFO  Saving current best: saved/SVD_MI-Aug-08-2024_10-33-59.pth
Thu 08 Aug 2024 10:47:35 INFO  Running E-step ! 
Thu 08 Aug 2024 10:48:08 INFO  epoch 42 training [time: 33.03s, train_loss1: 27.3925, train_loss2: 0.7948, train_loss3: 0.2327]
Thu 08 Aug 2024 10:48:09 INFO  epoch 42 evaluating [time: 0.18s, valid_score: 0.199400]
Thu 08 Aug 2024 10:48:09 INFO  valid result: 
recall@10 : 0.1602    recall@20 : 0.2444    recall@50 : 0.3993    ndcg@10 : 0.1994    ndcg@20 : 0.2157    ndcg@50 : 0.2635    
Thu 08 Aug 2024 10:48:09 INFO  Saving current best: saved/SVD_MI-Aug-08-2024_10-33-59.pth
Thu 08 Aug 2024 10:48:09 INFO  Running E-step ! 
Thu 08 Aug 2024 10:48:31 INFO  epoch 43 training [time: 20.66s, train_loss1: 27.2300, train_loss2: 0.7932, train_loss3: 0.2313]
Thu 08 Aug 2024 10:48:31 INFO  epoch 43 evaluating [time: 0.17s, valid_score: 0.199700]
Thu 08 Aug 2024 10:48:31 INFO  valid result: 
recall@10 : 0.1614    recall@20 : 0.2447    recall@50 : 0.4003    ndcg@10 : 0.1997    ndcg@20 : 0.2159    ndcg@50 : 0.264    
Thu 08 Aug 2024 10:48:31 INFO  Saving current best: saved/SVD_MI-Aug-08-2024_10-33-59.pth
Thu 08 Aug 2024 10:48:31 INFO  Running E-step ! 
Thu 08 Aug 2024 10:49:03 INFO  epoch 44 training [time: 30.75s, train_loss1: 26.9129, train_loss2: 0.7914, train_loss3: 0.2293]
Thu 08 Aug 2024 10:49:03 INFO  epoch 44 evaluating [time: 0.17s, valid_score: 0.200200]
Thu 08 Aug 2024 10:49:03 INFO  valid result: 
recall@10 : 0.1619    recall@20 : 0.2455    recall@50 : 0.4024    ndcg@10 : 0.2002    ndcg@20 : 0.2166    ndcg@50 : 0.265    
Thu 08 Aug 2024 10:49:03 INFO  Saving current best: saved/SVD_MI-Aug-08-2024_10-33-59.pth
Thu 08 Aug 2024 10:49:03 INFO  Running E-step ! 
Thu 08 Aug 2024 10:49:25 INFO  epoch 45 training [time: 20.80s, train_loss1: 26.7581, train_loss2: 0.7898, train_loss3: 0.2273]
Thu 08 Aug 2024 10:49:25 INFO  epoch 45 evaluating [time: 0.18s, valid_score: 0.200600]
Thu 08 Aug 2024 10:49:25 INFO  valid result: 
recall@10 : 0.1622    recall@20 : 0.2466    recall@50 : 0.404    ndcg@10 : 0.2006    ndcg@20 : 0.2173    ndcg@50 : 0.2658    
Thu 08 Aug 2024 10:49:25 INFO  Saving current best: saved/SVD_MI-Aug-08-2024_10-33-59.pth
Thu 08 Aug 2024 10:49:25 INFO  Running E-step ! 
Thu 08 Aug 2024 10:49:59 INFO  epoch 46 training [time: 32.56s, train_loss1: 26.7427, train_loss2: 0.7883, train_loss3: 0.2261]
Thu 08 Aug 2024 10:49:59 INFO  epoch 46 evaluating [time: 0.19s, valid_score: 0.201000]
Thu 08 Aug 2024 10:49:59 INFO  valid result: 
recall@10 : 0.1626    recall@20 : 0.2477    recall@50 : 0.405    ndcg@10 : 0.201    ndcg@20 : 0.218    ndcg@50 : 0.2665    
Thu 08 Aug 2024 10:49:59 INFO  Saving current best: saved/SVD_MI-Aug-08-2024_10-33-59.pth
Thu 08 Aug 2024 10:49:59 INFO  Running E-step ! 
Thu 08 Aug 2024 10:50:21 INFO  epoch 47 training [time: 20.93s, train_loss1: 26.5777, train_loss2: 0.7869, train_loss3: 0.2247]
Thu 08 Aug 2024 10:50:21 INFO  epoch 47 evaluating [time: 0.18s, valid_score: 0.201200]
Thu 08 Aug 2024 10:50:21 INFO  valid result: 
recall@10 : 0.1629    recall@20 : 0.2483    recall@50 : 0.4065    ndcg@10 : 0.2012    ndcg@20 : 0.2183    ndcg@50 : 0.267    
Thu 08 Aug 2024 10:50:21 INFO  Saving current best: saved/SVD_MI-Aug-08-2024_10-33-59.pth
Thu 08 Aug 2024 10:50:21 INFO  Running E-step ! 
Thu 08 Aug 2024 10:50:55 INFO  epoch 48 training [time: 32.89s, train_loss1: 26.3111, train_loss2: 0.7855, train_loss3: 0.2227]
Thu 08 Aug 2024 10:50:55 INFO  epoch 48 evaluating [time: 0.17s, valid_score: 0.201800]
Thu 08 Aug 2024 10:50:55 INFO  valid result: 
recall@10 : 0.1633    recall@20 : 0.249    recall@50 : 0.4076    ndcg@10 : 0.2018    ndcg@20 : 0.2188    ndcg@50 : 0.2676    
Thu 08 Aug 2024 10:50:55 INFO  Saving current best: saved/SVD_MI-Aug-08-2024_10-33-59.pth
Thu 08 Aug 2024 10:50:55 INFO  Running E-step ! 
Thu 08 Aug 2024 10:51:17 INFO  epoch 49 training [time: 21.25s, train_loss1: 26.3562, train_loss2: 0.7838, train_loss3: 0.2219]
Thu 08 Aug 2024 10:51:17 INFO  epoch 49 evaluating [time: 0.18s, valid_score: 0.202500]
Thu 08 Aug 2024 10:51:17 INFO  valid result: 
recall@10 : 0.1644    recall@20 : 0.2503    recall@50 : 0.4087    ndcg@10 : 0.2025    ndcg@20 : 0.2196    ndcg@50 : 0.2683    
Thu 08 Aug 2024 10:51:17 INFO  Saving current best: saved/SVD_MI-Aug-08-2024_10-33-59.pth
Thu 08 Aug 2024 10:51:17 INFO  Running E-step ! 
Thu 08 Aug 2024 10:51:52 INFO  epoch 50 training [time: 33.70s, train_loss1: 26.0346, train_loss2: 0.7825, train_loss3: 0.2207]
Thu 08 Aug 2024 10:51:52 INFO  epoch 50 evaluating [time: 0.18s, valid_score: 0.202900]
Thu 08 Aug 2024 10:51:52 INFO  valid result: 
recall@10 : 0.1646    recall@20 : 0.2503    recall@50 : 0.4082    ndcg@10 : 0.2029    ndcg@20 : 0.22    ndcg@50 : 0.2687    
Thu 08 Aug 2024 10:51:52 INFO  Saving current best: saved/SVD_MI-Aug-08-2024_10-33-59.pth
Thu 08 Aug 2024 10:51:52 INFO  Running E-step ! 
Thu 08 Aug 2024 10:52:14 INFO  epoch 51 training [time: 21.14s, train_loss1: 26.0405, train_loss2: 0.7812, train_loss3: 0.2189]
Thu 08 Aug 2024 10:52:14 INFO  epoch 51 evaluating [time: 0.18s, valid_score: 0.202900]
Thu 08 Aug 2024 10:52:14 INFO  valid result: 
recall@10 : 0.1641    recall@20 : 0.2507    recall@50 : 0.4095    ndcg@10 : 0.2029    ndcg@20 : 0.2202    ndcg@50 : 0.2692    
Thu 08 Aug 2024 10:52:14 INFO  Running E-step ! 
Thu 08 Aug 2024 10:52:33 INFO  epoch 52 training [time: 17.82s, train_loss1: 25.9791, train_loss2: 0.7796, train_loss3: 0.2172]
Thu 08 Aug 2024 10:52:33 INFO  epoch 52 evaluating [time: 0.16s, valid_score: 0.203500]
Thu 08 Aug 2024 10:52:33 INFO  valid result: 
recall@10 : 0.1652    recall@20 : 0.2514    recall@50 : 0.4093    ndcg@10 : 0.2035    ndcg@20 : 0.2207    ndcg@50 : 0.2693    
Thu 08 Aug 2024 10:52:33 INFO  Saving current best: saved/SVD_MI-Aug-08-2024_10-33-59.pth
Thu 08 Aug 2024 10:52:33 INFO  Running E-step ! 
Thu 08 Aug 2024 10:52:51 INFO  epoch 53 training [time: 17.27s, train_loss1: 25.7965, train_loss2: 0.7780, train_loss3: 0.2163]
Thu 08 Aug 2024 10:52:51 INFO  epoch 53 evaluating [time: 0.16s, valid_score: 0.203900]
Thu 08 Aug 2024 10:52:51 INFO  valid result: 
recall@10 : 0.1657    recall@20 : 0.252    recall@50 : 0.4109    ndcg@10 : 0.2039    ndcg@20 : 0.2212    ndcg@50 : 0.2702    
Thu 08 Aug 2024 10:52:51 INFO  Saving current best: saved/SVD_MI-Aug-08-2024_10-33-59.pth
Thu 08 Aug 2024 10:52:51 INFO  Running E-step ! 
Thu 08 Aug 2024 10:53:10 INFO  epoch 54 training [time: 17.36s, train_loss1: 25.6312, train_loss2: 0.7768, train_loss3: 0.2150]
Thu 08 Aug 2024 10:53:10 INFO  epoch 54 evaluating [time: 0.16s, valid_score: 0.204100]
Thu 08 Aug 2024 10:53:10 INFO  valid result: 
recall@10 : 0.1658    recall@20 : 0.2529    recall@50 : 0.4108    ndcg@10 : 0.2041    ndcg@20 : 0.2217    ndcg@50 : 0.2705    
Thu 08 Aug 2024 10:53:10 INFO  Saving current best: saved/SVD_MI-Aug-08-2024_10-33-59.pth
Thu 08 Aug 2024 10:53:10 INFO  Running E-step ! 
Thu 08 Aug 2024 10:53:28 INFO  epoch 55 training [time: 17.22s, train_loss1: 25.5941, train_loss2: 0.7755, train_loss3: 0.2140]
Thu 08 Aug 2024 10:53:28 INFO  epoch 55 evaluating [time: 0.16s, valid_score: 0.204500]
Thu 08 Aug 2024 10:53:28 INFO  valid result: 
recall@10 : 0.1666    recall@20 : 0.2544    recall@50 : 0.4113    ndcg@10 : 0.2045    ndcg@20 : 0.2224    ndcg@50 : 0.2709    
Thu 08 Aug 2024 10:53:28 INFO  Saving current best: saved/SVD_MI-Aug-08-2024_10-33-59.pth
Thu 08 Aug 2024 10:53:28 INFO  Running E-step ! 
Thu 08 Aug 2024 10:53:46 INFO  epoch 56 training [time: 17.24s, train_loss1: 25.5057, train_loss2: 0.7744, train_loss3: 0.2122]
Thu 08 Aug 2024 10:53:46 INFO  epoch 56 evaluating [time: 0.15s, valid_score: 0.204700]
Thu 08 Aug 2024 10:53:46 INFO  valid result: 
recall@10 : 0.1666    recall@20 : 0.2545    recall@50 : 0.4124    ndcg@10 : 0.2047    ndcg@20 : 0.2225    ndcg@50 : 0.2713    
Thu 08 Aug 2024 10:53:46 INFO  Saving current best: saved/SVD_MI-Aug-08-2024_10-33-59.pth
Thu 08 Aug 2024 10:53:46 INFO  Running E-step ! 
Thu 08 Aug 2024 10:54:04 INFO  epoch 57 training [time: 17.30s, train_loss1: 25.1956, train_loss2: 0.7732, train_loss3: 0.2112]
Thu 08 Aug 2024 10:54:04 INFO  epoch 57 evaluating [time: 0.16s, valid_score: 0.205000]
Thu 08 Aug 2024 10:54:04 INFO  valid result: 
recall@10 : 0.1673    recall@20 : 0.2554    recall@50 : 0.4128    ndcg@10 : 0.205    ndcg@20 : 0.2228    ndcg@50 : 0.2715    
Thu 08 Aug 2024 10:54:04 INFO  Saving current best: saved/SVD_MI-Aug-08-2024_10-33-59.pth
Thu 08 Aug 2024 10:54:04 INFO  Running E-step ! 
Thu 08 Aug 2024 10:54:22 INFO  epoch 58 training [time: 17.25s, train_loss1: 25.1641, train_loss2: 0.7722, train_loss3: 0.2097]
Thu 08 Aug 2024 10:54:22 INFO  epoch 58 evaluating [time: 0.16s, valid_score: 0.205200]
Thu 08 Aug 2024 10:54:22 INFO  valid result: 
recall@10 : 0.1674    recall@20 : 0.2553    recall@50 : 0.4142    ndcg@10 : 0.2052    ndcg@20 : 0.2231    ndcg@50 : 0.2722    
Thu 08 Aug 2024 10:54:22 INFO  Saving current best: saved/SVD_MI-Aug-08-2024_10-33-59.pth
Thu 08 Aug 2024 10:54:22 INFO  Running E-step ! 
Thu 08 Aug 2024 10:54:42 INFO  epoch 59 training [time: 18.70s, train_loss1: 25.1317, train_loss2: 0.7711, train_loss3: 0.2083]
Thu 08 Aug 2024 10:54:43 INFO  epoch 59 evaluating [time: 0.28s, valid_score: 0.205500]
Thu 08 Aug 2024 10:54:43 INFO  valid result: 
recall@10 : 0.1676    recall@20 : 0.2557    recall@50 : 0.4149    ndcg@10 : 0.2055    ndcg@20 : 0.2234    ndcg@50 : 0.2726    
Thu 08 Aug 2024 10:54:43 INFO  Saving current best: saved/SVD_MI-Aug-08-2024_10-33-59.pth
Thu 08 Aug 2024 10:54:43 INFO  Running E-step ! 
Thu 08 Aug 2024 10:55:04 INFO  epoch 60 training [time: 20.43s, train_loss1: 25.0607, train_loss2: 0.7697, train_loss3: 0.2072]
Thu 08 Aug 2024 10:55:04 INFO  epoch 60 evaluating [time: 0.17s, valid_score: 0.205700]
Thu 08 Aug 2024 10:55:04 INFO  valid result: 
recall@10 : 0.1679    recall@20 : 0.2563    recall@50 : 0.4157    ndcg@10 : 0.2057    ndcg@20 : 0.2237    ndcg@50 : 0.2728    
Thu 08 Aug 2024 10:55:04 INFO  Saving current best: saved/SVD_MI-Aug-08-2024_10-33-59.pth
Thu 08 Aug 2024 10:55:04 INFO  Running E-step ! 
Thu 08 Aug 2024 10:55:24 INFO  epoch 61 training [time: 19.70s, train_loss1: 24.8093, train_loss2: 0.7684, train_loss3: 0.2064]
Thu 08 Aug 2024 10:55:24 INFO  epoch 61 evaluating [time: 0.15s, valid_score: 0.205900]
Thu 08 Aug 2024 10:55:24 INFO  valid result: 
recall@10 : 0.1675    recall@20 : 0.2564    recall@50 : 0.4161    ndcg@10 : 0.2059    ndcg@20 : 0.2239    ndcg@50 : 0.2734    
Thu 08 Aug 2024 10:55:24 INFO  Saving current best: saved/SVD_MI-Aug-08-2024_10-33-59.pth
Thu 08 Aug 2024 10:55:24 INFO  Running E-step ! 
Thu 08 Aug 2024 10:55:45 INFO  epoch 62 training [time: 18.78s, train_loss1: 24.8571, train_loss2: 0.7670, train_loss3: 0.2054]
Thu 08 Aug 2024 10:55:45 INFO  epoch 62 evaluating [time: 0.18s, valid_score: 0.205200]
Thu 08 Aug 2024 10:55:45 INFO  valid result: 
recall@10 : 0.1667    recall@20 : 0.2565    recall@50 : 0.4161    ndcg@10 : 0.2052    ndcg@20 : 0.2238    ndcg@50 : 0.2731    
Thu 08 Aug 2024 10:55:45 INFO  Running E-step ! 
Thu 08 Aug 2024 10:56:06 INFO  epoch 63 training [time: 20.58s, train_loss1: 24.7629, train_loss2: 0.7660, train_loss3: 0.2052]
Thu 08 Aug 2024 10:56:06 INFO  epoch 63 evaluating [time: 0.18s, valid_score: 0.205600]
Thu 08 Aug 2024 10:56:06 INFO  valid result: 
recall@10 : 0.1672    recall@20 : 0.2565    recall@50 : 0.4172    ndcg@10 : 0.2056    ndcg@20 : 0.224    ndcg@50 : 0.2738    
Thu 08 Aug 2024 10:56:06 INFO  Running E-step ! 
Thu 08 Aug 2024 10:56:26 INFO  epoch 64 training [time: 18.94s, train_loss1: 24.4924, train_loss2: 0.7650, train_loss3: 0.2041]
Thu 08 Aug 2024 10:56:26 INFO  epoch 64 evaluating [time: 0.16s, valid_score: 0.206000]
Thu 08 Aug 2024 10:56:26 INFO  valid result: 
recall@10 : 0.1679    recall@20 : 0.2568    recall@50 : 0.418    ndcg@10 : 0.206    ndcg@20 : 0.2243    ndcg@50 : 0.2742    
Thu 08 Aug 2024 10:56:26 INFO  Saving current best: saved/SVD_MI-Aug-08-2024_10-33-59.pth
Thu 08 Aug 2024 10:56:26 INFO  Running E-step ! 
Thu 08 Aug 2024 10:56:45 INFO  epoch 65 training [time: 17.31s, train_loss1: 24.4513, train_loss2: 0.7640, train_loss3: 0.2034]
Thu 08 Aug 2024 10:56:45 INFO  epoch 65 evaluating [time: 0.16s, valid_score: 0.206300]
Thu 08 Aug 2024 10:56:45 INFO  valid result: 
recall@10 : 0.1684    recall@20 : 0.2583    recall@50 : 0.4174    ndcg@10 : 0.2063    ndcg@20 : 0.2249    ndcg@50 : 0.2741    
Thu 08 Aug 2024 10:56:45 INFO  Saving current best: saved/SVD_MI-Aug-08-2024_10-33-59.pth
Thu 08 Aug 2024 10:56:45 INFO  Running E-step ! 
Thu 08 Aug 2024 10:57:03 INFO  epoch 66 training [time: 17.26s, train_loss1: 24.4689, train_loss2: 0.7629, train_loss3: 0.2022]
Thu 08 Aug 2024 10:57:03 INFO  epoch 66 evaluating [time: 0.16s, valid_score: 0.206600]
Thu 08 Aug 2024 10:57:03 INFO  valid result: 
recall@10 : 0.1684    recall@20 : 0.2585    recall@50 : 0.419    ndcg@10 : 0.2066    ndcg@20 : 0.2251    ndcg@50 : 0.2748    
Thu 08 Aug 2024 10:57:03 INFO  Saving current best: saved/SVD_MI-Aug-08-2024_10-33-59.pth
Thu 08 Aug 2024 10:57:03 INFO  Running E-step ! 
Thu 08 Aug 2024 10:57:21 INFO  epoch 67 training [time: 17.20s, train_loss1: 24.2016, train_loss2: 0.7618, train_loss3: 0.2009]
Thu 08 Aug 2024 10:57:22 INFO  epoch 67 evaluating [time: 0.16s, valid_score: 0.206700]
Thu 08 Aug 2024 10:57:22 INFO  valid result: 
recall@10 : 0.168    recall@20 : 0.2587    recall@50 : 0.4193    ndcg@10 : 0.2067    ndcg@20 : 0.2253    ndcg@50 : 0.2751    
Thu 08 Aug 2024 10:57:22 INFO  Saving current best: saved/SVD_MI-Aug-08-2024_10-33-59.pth
Thu 08 Aug 2024 10:57:22 INFO  Running E-step ! 
Thu 08 Aug 2024 10:57:43 INFO  epoch 68 training [time: 20.01s, train_loss1: 24.0607, train_loss2: 0.7606, train_loss3: 0.2006]
Thu 08 Aug 2024 10:57:43 INFO  epoch 68 evaluating [time: 0.17s, valid_score: 0.207200]
Thu 08 Aug 2024 10:57:43 INFO  valid result: 
recall@10 : 0.1689    recall@20 : 0.2591    recall@50 : 0.4197    ndcg@10 : 0.2072    ndcg@20 : 0.2258    ndcg@50 : 0.2755    
Thu 08 Aug 2024 10:57:43 INFO  Saving current best: saved/SVD_MI-Aug-08-2024_10-33-59.pth
Thu 08 Aug 2024 10:57:43 INFO  Running E-step ! 
Thu 08 Aug 2024 10:58:02 INFO  epoch 69 training [time: 17.76s, train_loss1: 24.1057, train_loss2: 0.7596, train_loss3: 0.1999]
Thu 08 Aug 2024 10:58:02 INFO  epoch 69 evaluating [time: 0.17s, valid_score: 0.207200]
Thu 08 Aug 2024 10:58:02 INFO  valid result: 
recall@10 : 0.1693    recall@20 : 0.2587    recall@50 : 0.4196    ndcg@10 : 0.2072    ndcg@20 : 0.2254    ndcg@50 : 0.2752    
Thu 08 Aug 2024 10:58:02 INFO  Running E-step ! 
Thu 08 Aug 2024 10:58:23 INFO  epoch 70 training [time: 20.28s, train_loss1: 23.9959, train_loss2: 0.7586, train_loss3: 0.1991]
Thu 08 Aug 2024 10:58:24 INFO  epoch 70 evaluating [time: 0.18s, valid_score: 0.207300]
Thu 08 Aug 2024 10:58:24 INFO  valid result: 
recall@10 : 0.1697    recall@20 : 0.259    recall@50 : 0.4198    ndcg@10 : 0.2073    ndcg@20 : 0.2257    ndcg@50 : 0.2754    
Thu 08 Aug 2024 10:58:24 INFO  Saving current best: saved/SVD_MI-Aug-08-2024_10-33-59.pth
Thu 08 Aug 2024 10:58:24 INFO  Running E-step ! 
Thu 08 Aug 2024 10:58:45 INFO  epoch 71 training [time: 20.34s, train_loss1: 23.8839, train_loss2: 0.7576, train_loss3: 0.1980]
Thu 08 Aug 2024 10:58:45 INFO  epoch 71 evaluating [time: 0.17s, valid_score: 0.207200]
Thu 08 Aug 2024 10:58:45 INFO  valid result: 
recall@10 : 0.1686    recall@20 : 0.2595    recall@50 : 0.4207    ndcg@10 : 0.2072    ndcg@20 : 0.226    ndcg@50 : 0.2758    
Thu 08 Aug 2024 10:58:45 INFO  Running E-step ! 
Thu 08 Aug 2024 10:59:03 INFO  epoch 72 training [time: 17.09s, train_loss1: 23.6823, train_loss2: 0.7567, train_loss3: 0.1976]
Thu 08 Aug 2024 10:59:04 INFO  epoch 72 evaluating [time: 0.13s, valid_score: 0.207200]
Thu 08 Aug 2024 10:59:04 INFO  valid result: 
recall@10 : 0.1688    recall@20 : 0.2593    recall@50 : 0.4217    ndcg@10 : 0.2072    ndcg@20 : 0.226    ndcg@50 : 0.2763    
Thu 08 Aug 2024 10:59:04 INFO  Running E-step ! 
Thu 08 Aug 2024 10:59:15 INFO  epoch 73 training [time: 9.97s, train_loss1: 23.7449, train_loss2: 0.7559, train_loss3: 0.1969]
Thu 08 Aug 2024 10:59:15 INFO  epoch 73 evaluating [time: 0.13s, valid_score: 0.207600]
Thu 08 Aug 2024 10:59:15 INFO  valid result: 
recall@10 : 0.1699    recall@20 : 0.2595    recall@50 : 0.4212    ndcg@10 : 0.2076    ndcg@20 : 0.226    ndcg@50 : 0.2761    
Thu 08 Aug 2024 10:59:15 INFO  Saving current best: saved/SVD_MI-Aug-08-2024_10-33-59.pth
Thu 08 Aug 2024 10:59:15 INFO  Running E-step ! 
Thu 08 Aug 2024 10:59:52 INFO  epoch 74 training [time: 35.77s, train_loss1: 23.7124, train_loss2: 0.7548, train_loss3: 0.1965]
Thu 08 Aug 2024 10:59:52 INFO  epoch 74 evaluating [time: 0.18s, valid_score: 0.207900]
Thu 08 Aug 2024 10:59:52 INFO  valid result: 
recall@10 : 0.1698    recall@20 : 0.2592    recall@50 : 0.422    ndcg@10 : 0.2079    ndcg@20 : 0.2262    ndcg@50 : 0.2765    
Thu 08 Aug 2024 10:59:52 INFO  Saving current best: saved/SVD_MI-Aug-08-2024_10-33-59.pth
Thu 08 Aug 2024 10:59:52 INFO  Running E-step ! 
Thu 08 Aug 2024 11:00:04 INFO  epoch 75 training [time: 11.21s, train_loss1: 23.6614, train_loss2: 0.7538, train_loss3: 0.1960]
Thu 08 Aug 2024 11:00:04 INFO  epoch 75 evaluating [time: 0.15s, valid_score: 0.207900]
Thu 08 Aug 2024 11:00:04 INFO  valid result: 
recall@10 : 0.1691    recall@20 : 0.2596    recall@50 : 0.4224    ndcg@10 : 0.2079    ndcg@20 : 0.2266    ndcg@50 : 0.2769    
Thu 08 Aug 2024 11:00:04 INFO  Running E-step ! 
Thu 08 Aug 2024 11:00:15 INFO  epoch 76 training [time: 10.42s, train_loss1: 23.5534, train_loss2: 0.7530, train_loss3: 0.1952]
Thu 08 Aug 2024 11:00:15 INFO  epoch 76 evaluating [time: 0.14s, valid_score: 0.208100]
Thu 08 Aug 2024 11:00:15 INFO  valid result: 
recall@10 : 0.1691    recall@20 : 0.2606    recall@50 : 0.4229    ndcg@10 : 0.2081    ndcg@20 : 0.2271    ndcg@50 : 0.2774    
Thu 08 Aug 2024 11:00:15 INFO  Saving current best: saved/SVD_MI-Aug-08-2024_10-33-59.pth
Thu 08 Aug 2024 11:00:15 INFO  Running E-step ! 
Thu 08 Aug 2024 11:00:53 INFO  epoch 77 training [time: 37.59s, train_loss1: 23.2935, train_loss2: 0.7522, train_loss3: 0.1937]
Thu 08 Aug 2024 11:00:53 INFO  epoch 77 evaluating [time: 0.14s, valid_score: 0.208500]
Thu 08 Aug 2024 11:00:53 INFO  valid result: 
recall@10 : 0.1694    recall@20 : 0.2612    recall@50 : 0.4225    ndcg@10 : 0.2085    ndcg@20 : 0.2277    ndcg@50 : 0.2776    
Thu 08 Aug 2024 11:00:53 INFO  Saving current best: saved/SVD_MI-Aug-08-2024_10-33-59.pth
Thu 08 Aug 2024 11:00:53 INFO  Running E-step ! 
Thu 08 Aug 2024 11:01:04 INFO  epoch 78 training [time: 9.99s, train_loss1: 23.3577, train_loss2: 0.7513, train_loss3: 0.1934]
Thu 08 Aug 2024 11:01:04 INFO  epoch 78 evaluating [time: 0.23s, valid_score: 0.208800]
Thu 08 Aug 2024 11:01:04 INFO  valid result: 
recall@10 : 0.17    recall@20 : 0.2613    recall@50 : 0.4231    ndcg@10 : 0.2088    ndcg@20 : 0.2278    ndcg@50 : 0.2779    
Thu 08 Aug 2024 11:01:04 INFO  Saving current best: saved/SVD_MI-Aug-08-2024_10-33-59.pth
Thu 08 Aug 2024 11:01:04 INFO  Running E-step ! 
Thu 08 Aug 2024 11:01:15 INFO  epoch 79 training [time: 10.15s, train_loss1: 23.2553, train_loss2: 0.7503, train_loss3: 0.1931]
Thu 08 Aug 2024 11:01:15 INFO  epoch 79 evaluating [time: 0.13s, valid_score: 0.208500]
Thu 08 Aug 2024 11:01:15 INFO  valid result: 
recall@10 : 0.1695    recall@20 : 0.2614    recall@50 : 0.4233    ndcg@10 : 0.2085    ndcg@20 : 0.2278    ndcg@50 : 0.2778    
Thu 08 Aug 2024 11:01:15 INFO  Running E-step ! 
Thu 08 Aug 2024 11:01:54 INFO  epoch 80 training [time: 38.07s, train_loss1: 23.2196, train_loss2: 0.7494, train_loss3: 0.1928]
Thu 08 Aug 2024 11:01:54 INFO  epoch 80 evaluating [time: 0.13s, valid_score: 0.208600]
Thu 08 Aug 2024 11:01:54 INFO  valid result: 
recall@10 : 0.1694    recall@20 : 0.2626    recall@50 : 0.4237    ndcg@10 : 0.2086    ndcg@20 : 0.2282    ndcg@50 : 0.278    
Thu 08 Aug 2024 11:01:54 INFO  Running E-step ! 
Thu 08 Aug 2024 11:02:05 INFO  epoch 81 training [time: 10.05s, train_loss1: 23.1982, train_loss2: 0.7484, train_loss3: 0.1917]
Thu 08 Aug 2024 11:02:05 INFO  epoch 81 evaluating [time: 0.13s, valid_score: 0.208700]
Thu 08 Aug 2024 11:02:05 INFO  valid result: 
recall@10 : 0.1695    recall@20 : 0.2632    recall@50 : 0.4241    ndcg@10 : 0.2087    ndcg@20 : 0.2285    ndcg@50 : 0.2784    
Thu 08 Aug 2024 11:02:05 INFO  Running E-step ! 
Thu 08 Aug 2024 11:02:16 INFO  epoch 82 training [time: 10.09s, train_loss1: 22.9534, train_loss2: 0.7475, train_loss3: 0.1911]
Thu 08 Aug 2024 11:02:16 INFO  epoch 82 evaluating [time: 0.13s, valid_score: 0.209100]
Thu 08 Aug 2024 11:02:16 INFO  valid result: 
recall@10 : 0.17    recall@20 : 0.2626    recall@50 : 0.4248    ndcg@10 : 0.2091    ndcg@20 : 0.2285    ndcg@50 : 0.2787    
Thu 08 Aug 2024 11:02:16 INFO  Saving current best: saved/SVD_MI-Aug-08-2024_10-33-59.pth
Thu 08 Aug 2024 11:02:16 INFO  Running E-step ! 
Thu 08 Aug 2024 11:02:55 INFO  epoch 83 training [time: 38.64s, train_loss1: 22.9336, train_loss2: 0.7465, train_loss3: 0.1905]
Thu 08 Aug 2024 11:02:55 INFO  epoch 83 evaluating [time: 0.13s, valid_score: 0.209400]
Thu 08 Aug 2024 11:02:55 INFO  valid result: 
recall@10 : 0.1704    recall@20 : 0.263    recall@50 : 0.4258    ndcg@10 : 0.2094    ndcg@20 : 0.2286    ndcg@50 : 0.2791    
Thu 08 Aug 2024 11:02:55 INFO  Saving current best: saved/SVD_MI-Aug-08-2024_10-33-59.pth
Thu 08 Aug 2024 11:02:55 INFO  Running E-step ! 
Thu 08 Aug 2024 11:03:07 INFO  epoch 84 training [time: 10.08s, train_loss1: 22.8535, train_loss2: 0.7458, train_loss3: 0.1900]
Thu 08 Aug 2024 11:03:07 INFO  epoch 84 evaluating [time: 0.13s, valid_score: 0.209600]
Thu 08 Aug 2024 11:03:07 INFO  valid result: 
recall@10 : 0.1701    recall@20 : 0.2628    recall@50 : 0.4255    ndcg@10 : 0.2096    ndcg@20 : 0.2288    ndcg@50 : 0.2793    
Thu 08 Aug 2024 11:03:07 INFO  Saving current best: saved/SVD_MI-Aug-08-2024_10-33-59.pth
Thu 08 Aug 2024 11:03:07 INFO  Running E-step ! 
Thu 08 Aug 2024 11:03:17 INFO  epoch 85 training [time: 10.07s, train_loss1: 22.7569, train_loss2: 0.7451, train_loss3: 0.1901]
Thu 08 Aug 2024 11:03:17 INFO  epoch 85 evaluating [time: 0.13s, valid_score: 0.209600]
Thu 08 Aug 2024 11:03:17 INFO  valid result: 
recall@10 : 0.1701    recall@20 : 0.2633    recall@50 : 0.4259    ndcg@10 : 0.2096    ndcg@20 : 0.2291    ndcg@50 : 0.2795    
Thu 08 Aug 2024 11:03:17 INFO  Running E-step ! 
Thu 08 Aug 2024 11:03:56 INFO  epoch 86 training [time: 38.35s, train_loss1: 22.6415, train_loss2: 0.7442, train_loss3: 0.1891]
Thu 08 Aug 2024 11:03:56 INFO  epoch 86 evaluating [time: 0.13s, valid_score: 0.210000]
Thu 08 Aug 2024 11:03:56 INFO  valid result: 
recall@10 : 0.1709    recall@20 : 0.2632    recall@50 : 0.4259    ndcg@10 : 0.21    ndcg@20 : 0.2291    ndcg@50 : 0.2795    
Thu 08 Aug 2024 11:03:56 INFO  Saving current best: saved/SVD_MI-Aug-08-2024_10-33-59.pth
Thu 08 Aug 2024 11:03:56 INFO  Running E-step ! 
Thu 08 Aug 2024 11:04:07 INFO  epoch 87 training [time: 10.12s, train_loss1: 22.6928, train_loss2: 0.7433, train_loss3: 0.1887]
Thu 08 Aug 2024 11:04:07 INFO  epoch 87 evaluating [time: 0.13s, valid_score: 0.210700]
Thu 08 Aug 2024 11:04:07 INFO  valid result: 
recall@10 : 0.1715    recall@20 : 0.2636    recall@50 : 0.4265    ndcg@10 : 0.2107    ndcg@20 : 0.2297    ndcg@50 : 0.2801    
Thu 08 Aug 2024 11:04:07 INFO  Saving current best: saved/SVD_MI-Aug-08-2024_10-33-59.pth
Thu 08 Aug 2024 11:04:07 INFO  Running E-step ! 
Thu 08 Aug 2024 11:04:18 INFO  epoch 88 training [time: 10.08s, train_loss1: 22.5438, train_loss2: 0.7425, train_loss3: 0.1882]
Thu 08 Aug 2024 11:04:18 INFO  epoch 88 evaluating [time: 0.13s, valid_score: 0.210400]
Thu 08 Aug 2024 11:04:18 INFO  valid result: 
recall@10 : 0.1714    recall@20 : 0.2641    recall@50 : 0.4265    ndcg@10 : 0.2104    ndcg@20 : 0.2297    ndcg@50 : 0.28    
Thu 08 Aug 2024 11:04:18 INFO  Running E-step ! 
Thu 08 Aug 2024 11:04:58 INFO  epoch 89 training [time: 38.66s, train_loss1: 22.4294, train_loss2: 0.7416, train_loss3: 0.1874]
Thu 08 Aug 2024 11:04:58 INFO  epoch 89 evaluating [time: 0.14s, valid_score: 0.210100]
Thu 08 Aug 2024 11:04:58 INFO  valid result: 
recall@10 : 0.1715    recall@20 : 0.2638    recall@50 : 0.4266    ndcg@10 : 0.2101    ndcg@20 : 0.2293    ndcg@50 : 0.2798    
Thu 08 Aug 2024 11:04:58 INFO  Running E-step ! 
Thu 08 Aug 2024 11:05:09 INFO  epoch 90 training [time: 10.05s, train_loss1: 22.3826, train_loss2: 0.7408, train_loss3: 0.1870]
Thu 08 Aug 2024 11:05:09 INFO  epoch 90 evaluating [time: 0.14s, valid_score: 0.210500]
Thu 08 Aug 2024 11:05:09 INFO  valid result: 
recall@10 : 0.172    recall@20 : 0.2637    recall@50 : 0.4271    ndcg@10 : 0.2105    ndcg@20 : 0.2296    ndcg@50 : 0.2803    
Thu 08 Aug 2024 11:05:09 INFO  Running E-step ! 
Thu 08 Aug 2024 11:05:20 INFO  epoch 91 training [time: 10.11s, train_loss1: 22.2421, train_loss2: 0.7401, train_loss3: 0.1866]
Thu 08 Aug 2024 11:05:20 INFO  epoch 91 evaluating [time: 0.14s, valid_score: 0.210600]
Thu 08 Aug 2024 11:05:20 INFO  valid result: 
recall@10 : 0.1718    recall@20 : 0.2642    recall@50 : 0.4271    ndcg@10 : 0.2106    ndcg@20 : 0.2298    ndcg@50 : 0.2804    
Thu 08 Aug 2024 11:05:20 INFO  Running E-step ! 
Thu 08 Aug 2024 11:05:59 INFO  epoch 92 training [time: 38.35s, train_loss1: 22.1940, train_loss2: 0.7394, train_loss3: 0.1866]
Thu 08 Aug 2024 11:05:59 INFO  epoch 92 evaluating [time: 0.13s, valid_score: 0.210500]
Thu 08 Aug 2024 11:05:59 INFO  valid result: 
recall@10 : 0.1719    recall@20 : 0.2646    recall@50 : 0.4272    ndcg@10 : 0.2105    ndcg@20 : 0.2298    ndcg@50 : 0.2803    
Thu 08 Aug 2024 11:05:59 INFO  Running E-step ! 
Thu 08 Aug 2024 11:06:10 INFO  epoch 93 training [time: 9.91s, train_loss1: 22.1304, train_loss2: 0.7387, train_loss3: 0.1859]
Thu 08 Aug 2024 11:06:10 INFO  epoch 93 evaluating [time: 0.13s, valid_score: 0.211000]
Thu 08 Aug 2024 11:06:10 INFO  valid result: 
recall@10 : 0.1723    recall@20 : 0.2651    recall@50 : 0.4283    ndcg@10 : 0.211    ndcg@20 : 0.2304    ndcg@50 : 0.2809    
Thu 08 Aug 2024 11:06:10 INFO  Saving current best: saved/SVD_MI-Aug-08-2024_10-33-59.pth
Thu 08 Aug 2024 11:06:10 INFO  Running E-step ! 
Thu 08 Aug 2024 11:06:20 INFO  epoch 94 training [time: 9.90s, train_loss1: 22.1405, train_loss2: 0.7380, train_loss3: 0.1861]
Thu 08 Aug 2024 11:06:21 INFO  epoch 94 evaluating [time: 0.13s, valid_score: 0.211200]
Thu 08 Aug 2024 11:06:21 INFO  valid result: 
recall@10 : 0.1727    recall@20 : 0.2647    recall@50 : 0.4286    ndcg@10 : 0.2112    ndcg@20 : 0.2304    ndcg@50 : 0.281    
Thu 08 Aug 2024 11:06:21 INFO  Saving current best: saved/SVD_MI-Aug-08-2024_10-33-59.pth
Thu 08 Aug 2024 11:06:21 INFO  Running E-step ! 
Thu 08 Aug 2024 11:07:01 INFO  epoch 95 training [time: 39.35s, train_loss1: 22.0218, train_loss2: 0.7372, train_loss3: 0.1855]
Thu 08 Aug 2024 11:07:01 INFO  epoch 95 evaluating [time: 0.13s, valid_score: 0.211200]
Thu 08 Aug 2024 11:07:01 INFO  valid result: 
recall@10 : 0.1731    recall@20 : 0.2655    recall@50 : 0.428    ndcg@10 : 0.2112    ndcg@20 : 0.2305    ndcg@50 : 0.2808    
Thu 08 Aug 2024 11:07:01 INFO  Running E-step ! 
Thu 08 Aug 2024 11:07:11 INFO  epoch 96 training [time: 9.90s, train_loss1: 21.9902, train_loss2: 0.7364, train_loss3: 0.1854]
Thu 08 Aug 2024 11:07:12 INFO  epoch 96 evaluating [time: 0.14s, valid_score: 0.210600]
Thu 08 Aug 2024 11:07:12 INFO  valid result: 
recall@10 : 0.1727    recall@20 : 0.2649    recall@50 : 0.4286    ndcg@10 : 0.2106    ndcg@20 : 0.2301    ndcg@50 : 0.2808    
Thu 08 Aug 2024 11:07:12 INFO  Running E-step ! 
Thu 08 Aug 2024 11:07:51 INFO  epoch 97 training [time: 38.56s, train_loss1: 21.8792, train_loss2: 0.7358, train_loss3: 0.1847]
Thu 08 Aug 2024 11:07:51 INFO  epoch 97 evaluating [time: 0.44s, valid_score: 0.211000]
Thu 08 Aug 2024 11:07:51 INFO  valid result: 
recall@10 : 0.1733    recall@20 : 0.2648    recall@50 : 0.428    ndcg@10 : 0.211    ndcg@20 : 0.2301    ndcg@50 : 0.2807    
Thu 08 Aug 2024 11:07:51 INFO  Running E-step ! 
Thu 08 Aug 2024 11:08:02 INFO  epoch 98 training [time: 10.11s, train_loss1: 21.9954, train_loss2: 0.7352, train_loss3: 0.1840]
Thu 08 Aug 2024 11:08:02 INFO  epoch 98 evaluating [time: 0.14s, valid_score: 0.211000]
Thu 08 Aug 2024 11:08:02 INFO  valid result: 
recall@10 : 0.1736    recall@20 : 0.2648    recall@50 : 0.4291    ndcg@10 : 0.211    ndcg@20 : 0.23    ndcg@50 : 0.2809    
Thu 08 Aug 2024 11:08:02 INFO  Running E-step ! 
Thu 08 Aug 2024 11:08:13 INFO  epoch 99 training [time: 9.93s, train_loss1: 21.6693, train_loss2: 0.7344, train_loss3: 0.1836]
Thu 08 Aug 2024 11:08:13 INFO  epoch 99 evaluating [time: 0.14s, valid_score: 0.211300]
Thu 08 Aug 2024 11:08:13 INFO  valid result: 
recall@10 : 0.1734    recall@20 : 0.265    recall@50 : 0.4297    ndcg@10 : 0.2113    ndcg@20 : 0.2305    ndcg@50 : 0.2815    
Thu 08 Aug 2024 11:08:13 INFO  Saving current best: saved/SVD_MI-Aug-08-2024_10-33-59.pth
Thu 08 Aug 2024 11:08:13 INFO  Running E-step ! 
Thu 08 Aug 2024 11:08:52 INFO  epoch 100 training [time: 38.49s, train_loss1: 21.7138, train_loss2: 0.7339, train_loss3: 0.1833]
Thu 08 Aug 2024 11:08:52 INFO  epoch 100 evaluating [time: 0.18s, valid_score: 0.211700]
Thu 08 Aug 2024 11:08:52 INFO  valid result: 
recall@10 : 0.1743    recall@20 : 0.2651    recall@50 : 0.4298    ndcg@10 : 0.2117    ndcg@20 : 0.2307    ndcg@50 : 0.2816    
Thu 08 Aug 2024 11:08:52 INFO  Saving current best: saved/SVD_MI-Aug-08-2024_10-33-59.pth
Thu 08 Aug 2024 11:08:52 INFO  Running E-step ! 
Thu 08 Aug 2024 11:09:04 INFO  epoch 101 training [time: 11.05s, train_loss1: 21.6519, train_loss2: 0.7332, train_loss3: 0.1831]
Thu 08 Aug 2024 11:09:04 INFO  epoch 101 evaluating [time: 0.14s, valid_score: 0.211400]
Thu 08 Aug 2024 11:09:04 INFO  valid result: 
recall@10 : 0.1736    recall@20 : 0.2651    recall@50 : 0.4309    ndcg@10 : 0.2114    ndcg@20 : 0.2306    ndcg@50 : 0.282    
Thu 08 Aug 2024 11:09:04 INFO  Running E-step ! 
Thu 08 Aug 2024 11:09:15 INFO  epoch 102 training [time: 10.42s, train_loss1: 21.6026, train_loss2: 0.7327, train_loss3: 0.1822]
Thu 08 Aug 2024 11:09:15 INFO  epoch 102 evaluating [time: 0.13s, valid_score: 0.211400]
Thu 08 Aug 2024 11:09:15 INFO  valid result: 
recall@10 : 0.1734    recall@20 : 0.2654    recall@50 : 0.4306    ndcg@10 : 0.2114    ndcg@20 : 0.2308    ndcg@50 : 0.282    
Thu 08 Aug 2024 11:09:15 INFO  Running E-step ! 
Thu 08 Aug 2024 11:09:53 INFO  epoch 103 training [time: 37.15s, train_loss1: 21.4861, train_loss2: 0.7323, train_loss3: 0.1819]
Thu 08 Aug 2024 11:09:53 INFO  epoch 103 evaluating [time: 0.13s, valid_score: 0.211200]
Thu 08 Aug 2024 11:09:53 INFO  valid result: 
recall@10 : 0.1736    recall@20 : 0.265    recall@50 : 0.4307    ndcg@10 : 0.2112    ndcg@20 : 0.2305    ndcg@50 : 0.282    
Thu 08 Aug 2024 11:09:53 INFO  Running E-step ! 
Thu 08 Aug 2024 11:10:04 INFO  epoch 104 training [time: 10.00s, train_loss1: 21.3628, train_loss2: 0.7316, train_loss3: 0.1818]
Thu 08 Aug 2024 11:10:04 INFO  epoch 104 evaluating [time: 0.13s, valid_score: 0.211300]
Thu 08 Aug 2024 11:10:04 INFO  valid result: 
recall@10 : 0.1734    recall@20 : 0.2654    recall@50 : 0.4315    ndcg@10 : 0.2113    ndcg@20 : 0.2307    ndcg@50 : 0.2823    
Thu 08 Aug 2024 11:10:04 INFO  Running E-step ! 
Thu 08 Aug 2024 11:10:14 INFO  epoch 105 training [time: 9.95s, train_loss1: 21.3996, train_loss2: 0.7309, train_loss3: 0.1812]
Thu 08 Aug 2024 11:10:14 INFO  epoch 105 evaluating [time: 0.13s, valid_score: 0.211400]
Thu 08 Aug 2024 11:10:14 INFO  valid result: 
recall@10 : 0.1736    recall@20 : 0.266    recall@50 : 0.4324    ndcg@10 : 0.2114    ndcg@20 : 0.2309    ndcg@50 : 0.2824    
Thu 08 Aug 2024 11:10:14 INFO  Running E-step ! 
Thu 08 Aug 2024 11:10:54 INFO  epoch 106 training [time: 38.96s, train_loss1: 21.2139, train_loss2: 0.7303, train_loss3: 0.1800]
Thu 08 Aug 2024 11:10:54 INFO  epoch 106 evaluating [time: 0.16s, valid_score: 0.211200]
Thu 08 Aug 2024 11:10:54 INFO  valid result: 
recall@10 : 0.173    recall@20 : 0.2652    recall@50 : 0.4324    ndcg@10 : 0.2112    ndcg@20 : 0.2306    ndcg@50 : 0.2825    
Thu 08 Aug 2024 11:10:54 INFO  Running E-step ! 
Thu 08 Aug 2024 11:11:06 INFO  epoch 107 training [time: 10.58s, train_loss1: 21.2144, train_loss2: 0.7298, train_loss3: 0.1809]
Thu 08 Aug 2024 11:11:06 INFO  epoch 107 evaluating [time: 0.14s, valid_score: 0.211100]
Thu 08 Aug 2024 11:11:06 INFO  valid result: 
recall@10 : 0.1723    recall@20 : 0.2656    recall@50 : 0.4331    ndcg@10 : 0.2111    ndcg@20 : 0.231    ndcg@50 : 0.2828    
Thu 08 Aug 2024 11:11:06 INFO  Running E-step ! 
Thu 08 Aug 2024 11:11:17 INFO  epoch 108 training [time: 10.56s, train_loss1: 21.2897, train_loss2: 0.7291, train_loss3: 0.1801]
Thu 08 Aug 2024 11:11:17 INFO  epoch 108 evaluating [time: 0.14s, valid_score: 0.211500]
Thu 08 Aug 2024 11:11:17 INFO  valid result: 
recall@10 : 0.1738    recall@20 : 0.2654    recall@50 : 0.4331    ndcg@10 : 0.2115    ndcg@20 : 0.2308    ndcg@50 : 0.2827    
Thu 08 Aug 2024 11:11:17 INFO  Running E-step ! 
Thu 08 Aug 2024 11:11:56 INFO  epoch 109 training [time: 37.80s, train_loss1: 21.0992, train_loss2: 0.7287, train_loss3: 0.1805]
Thu 08 Aug 2024 11:11:56 INFO  epoch 109 evaluating [time: 0.14s, valid_score: 0.211800]
Thu 08 Aug 2024 11:11:56 INFO  valid result: 
recall@10 : 0.174    recall@20 : 0.2659    recall@50 : 0.4326    ndcg@10 : 0.2118    ndcg@20 : 0.2312    ndcg@50 : 0.2829    
Thu 08 Aug 2024 11:11:56 INFO  Saving current best: saved/SVD_MI-Aug-08-2024_10-33-59.pth
Thu 08 Aug 2024 11:11:56 INFO  Running E-step ! 
Thu 08 Aug 2024 11:12:07 INFO  epoch 110 training [time: 10.64s, train_loss1: 21.0661, train_loss2: 0.7282, train_loss3: 0.1794]
Thu 08 Aug 2024 11:12:07 INFO  epoch 110 evaluating [time: 0.14s, valid_score: 0.211500]
Thu 08 Aug 2024 11:12:07 INFO  valid result: 
recall@10 : 0.1736    recall@20 : 0.2658    recall@50 : 0.4325    ndcg@10 : 0.2115    ndcg@20 : 0.2312    ndcg@50 : 0.2829    
Thu 08 Aug 2024 11:12:07 INFO  Running E-step ! 
Thu 08 Aug 2024 11:12:19 INFO  epoch 111 training [time: 10.60s, train_loss1: 20.9704, train_loss2: 0.7277, train_loss3: 0.1790]
Thu 08 Aug 2024 11:12:19 INFO  epoch 111 evaluating [time: 0.14s, valid_score: 0.212100]
Thu 08 Aug 2024 11:12:19 INFO  valid result: 
recall@10 : 0.1744    recall@20 : 0.2661    recall@50 : 0.4328    ndcg@10 : 0.2121    ndcg@20 : 0.2313    ndcg@50 : 0.2832    
Thu 08 Aug 2024 11:12:19 INFO  Saving current best: saved/SVD_MI-Aug-08-2024_10-33-59.pth
Thu 08 Aug 2024 11:12:19 INFO  Running E-step ! 
Thu 08 Aug 2024 11:12:57 INFO  epoch 112 training [time: 36.78s, train_loss1: 21.0517, train_loss2: 0.7273, train_loss3: 0.1789]
Thu 08 Aug 2024 11:12:57 INFO  epoch 112 evaluating [time: 0.15s, valid_score: 0.211500]
Thu 08 Aug 2024 11:12:57 INFO  valid result: 
recall@10 : 0.1737    recall@20 : 0.2661    recall@50 : 0.4332    ndcg@10 : 0.2115    ndcg@20 : 0.2311    ndcg@50 : 0.283    
Thu 08 Aug 2024 11:12:57 INFO  Running E-step ! 
Thu 08 Aug 2024 11:13:09 INFO  epoch 113 training [time: 10.71s, train_loss1: 21.0255, train_loss2: 0.7265, train_loss3: 0.1790]
Thu 08 Aug 2024 11:13:09 INFO  epoch 113 evaluating [time: 0.14s, valid_score: 0.211600]
Thu 08 Aug 2024 11:13:09 INFO  valid result: 
recall@10 : 0.1738    recall@20 : 0.2656    recall@50 : 0.4328    ndcg@10 : 0.2116    ndcg@20 : 0.2307    ndcg@50 : 0.2827    
Thu 08 Aug 2024 11:13:09 INFO  Running E-step ! 
Thu 08 Aug 2024 11:13:20 INFO  epoch 114 training [time: 10.56s, train_loss1: 20.7304, train_loss2: 0.7261, train_loss3: 0.1779]
Thu 08 Aug 2024 11:13:21 INFO  epoch 114 evaluating [time: 0.13s, valid_score: 0.211600]
Thu 08 Aug 2024 11:13:21 INFO  valid result: 
recall@10 : 0.1738    recall@20 : 0.2656    recall@50 : 0.4329    ndcg@10 : 0.2116    ndcg@20 : 0.2308    ndcg@50 : 0.2828    
Thu 08 Aug 2024 11:13:21 INFO  Running E-step ! 
Thu 08 Aug 2024 11:13:58 INFO  epoch 115 training [time: 36.44s, train_loss1: 20.8305, train_loss2: 0.7256, train_loss3: 0.1777]
Thu 08 Aug 2024 11:13:58 INFO  epoch 115 evaluating [time: 0.15s, valid_score: 0.211700]
Thu 08 Aug 2024 11:13:58 INFO  valid result: 
recall@10 : 0.1737    recall@20 : 0.2653    recall@50 : 0.4328    ndcg@10 : 0.2117    ndcg@20 : 0.2308    ndcg@50 : 0.2829    
Thu 08 Aug 2024 11:13:58 INFO  Running E-step ! 
Thu 08 Aug 2024 11:14:09 INFO  epoch 116 training [time: 10.65s, train_loss1: 20.7473, train_loss2: 0.7251, train_loss3: 0.1778]
Thu 08 Aug 2024 11:14:10 INFO  epoch 116 evaluating [time: 0.23s, valid_score: 0.211300]
Thu 08 Aug 2024 11:14:10 INFO  valid result: 
recall@10 : 0.173    recall@20 : 0.2656    recall@50 : 0.4331    ndcg@10 : 0.2113    ndcg@20 : 0.2308    ndcg@50 : 0.283    
Thu 08 Aug 2024 11:14:10 INFO  Running E-step ! 
Thu 08 Aug 2024 11:14:21 INFO  epoch 117 training [time: 10.41s, train_loss1: 20.6249, train_loss2: 0.7245, train_loss3: 0.1782]
Thu 08 Aug 2024 11:14:21 INFO  epoch 117 evaluating [time: 0.13s, valid_score: 0.211600]
Thu 08 Aug 2024 11:14:21 INFO  valid result: 
recall@10 : 0.1735    recall@20 : 0.2662    recall@50 : 0.4333    ndcg@10 : 0.2116    ndcg@20 : 0.2313    ndcg@50 : 0.2832    
Thu 08 Aug 2024 11:14:21 INFO  Running E-step ! 
Thu 08 Aug 2024 11:15:00 INFO  epoch 118 training [time: 38.18s, train_loss1: 20.5838, train_loss2: 0.7240, train_loss3: 0.1780]
Thu 08 Aug 2024 11:15:00 INFO  epoch 118 evaluating [time: 0.15s, valid_score: 0.211900]
Thu 08 Aug 2024 11:15:00 INFO  valid result: 
recall@10 : 0.1736    recall@20 : 0.2666    recall@50 : 0.4336    ndcg@10 : 0.2119    ndcg@20 : 0.2315    ndcg@50 : 0.2835    
Thu 08 Aug 2024 11:15:00 INFO  Running E-step ! 
Thu 08 Aug 2024 11:15:11 INFO  epoch 119 training [time: 10.49s, train_loss1: 20.4631, train_loss2: 0.7236, train_loss3: 0.1777]
Thu 08 Aug 2024 11:15:11 INFO  epoch 119 evaluating [time: 0.13s, valid_score: 0.212100]
Thu 08 Aug 2024 11:15:11 INFO  valid result: 
recall@10 : 0.1734    recall@20 : 0.2668    recall@50 : 0.4338    ndcg@10 : 0.2121    ndcg@20 : 0.2316    ndcg@50 : 0.2836    
Thu 08 Aug 2024 11:15:11 INFO  Running E-step ! 
Thu 08 Aug 2024 11:15:23 INFO  epoch 120 training [time: 10.49s, train_loss1: 20.6210, train_loss2: 0.7231, train_loss3: 0.1779]
Thu 08 Aug 2024 11:15:23 INFO  epoch 120 evaluating [time: 0.13s, valid_score: 0.211700]
Thu 08 Aug 2024 11:15:23 INFO  valid result: 
recall@10 : 0.1733    recall@20 : 0.2665    recall@50 : 0.434    ndcg@10 : 0.2117    ndcg@20 : 0.2314    ndcg@50 : 0.2836    
Thu 08 Aug 2024 11:15:23 INFO  Running E-step ! 
Thu 08 Aug 2024 11:16:01 INFO  epoch 121 training [time: 37.51s, train_loss1: 20.5058, train_loss2: 0.7226, train_loss3: 0.1780]
Thu 08 Aug 2024 11:16:01 INFO  epoch 121 evaluating [time: 0.13s, valid_score: 0.211400]
Thu 08 Aug 2024 11:16:01 INFO  valid result: 
recall@10 : 0.1732    recall@20 : 0.2667    recall@50 : 0.434    ndcg@10 : 0.2114    ndcg@20 : 0.2314    ndcg@50 : 0.2833    
Thu 08 Aug 2024 11:16:01 INFO  Running E-step ! 
Thu 08 Aug 2024 11:16:13 INFO  epoch 122 training [time: 10.57s, train_loss1: 20.2022, train_loss2: 0.7224, train_loss3: 0.1778]
Thu 08 Aug 2024 11:16:13 INFO  epoch 122 evaluating [time: 0.13s, valid_score: 0.211400]
Thu 08 Aug 2024 11:16:13 INFO  valid result: 
recall@10 : 0.1728    recall@20 : 0.2669    recall@50 : 0.4344    ndcg@10 : 0.2114    ndcg@20 : 0.2316    ndcg@50 : 0.2837    
Thu 08 Aug 2024 11:16:13 INFO  Finished training, best eval result in epoch 111
Thu 08 Aug 2024 11:16:13 INFO  Loading model structure and parameters from saved/SVD_MI-Aug-08-2024_10-33-59.pth
Thu 08 Aug 2024 11:16:13 INFO  best valid : {'recall@10': 0.35440000000000016, 'recall@20': 0.44610000000000016, 'recall@50': 0.6128000000000001, 'ndcg@10': 0.39210000000000017, 'ndcg@20': 0.41130000000000017, 'ndcg@50': 0.46320000000000017}
Thu 08 Aug 2024 11:16:13 INFO  test result: {'recall@10': 0.21300000000000002, 'recall@20': 0.309, 'recall@50': 0.4762, 'ndcg@10': 0.2805, 'ndcg@20': 0.2914, 'ndcg@50': 0.3381}
